<?xml version="1.0" encoding="UTF-8"?>
<!-- Generated by org.testng.reporters.JUnitReportReporter -->
<testsuite hostname="DESKTOP-ALK78MT" failures="0" tests="1002" name="cs.utec.edu.pe.Lab01Test" time="3.417" errors="0" timestamp="2021-05-08T09:27:50 PET" skipped="0">
  <testcase classname="cs.utec.edu.pe.Lab01Test" name="test01" time="0.001"/>
  <system-out/>
  <testcase classname="cs.utec.edu.pe.Lab01Test" name="test01" time="0.000"/>
  <system-out/>
  <testcase classname="cs.utec.edu.pe.Lab01Test" name="test01" time="0.004"/>
  <system-out/>
  <testcase classname="cs.utec.edu.pe.Lab01Test" name="test01" time="0.001"/>
  <system-out/>
  <testcase classname="cs.utec.edu.pe.Lab01Test" name="test01" time="0.000"/>
  <system-out/>
  <testcase classname="cs.utec.edu.pe.Lab01Test" name="test01" time="0.008"/>
  <system-out/>
  <testcase classname="cs.utec.edu.pe.Lab01Test" name="test01" time="0.000"/>
  <system-out/>
  <testcase classname="cs.utec.edu.pe.Lab01Test" name="test01" time="0.002"/>
  <system-out/>
  <testcase classname="cs.utec.edu.pe.Lab01Test" name="test01" time="0.000"/>
  <system-out/>
  <testcase classname="cs.utec.edu.pe.Lab01Test" name="test01" time="0.003"/>
  <system-out/>
  <testcase classname="cs.utec.edu.pe.Lab01Test" name="test01" time="0.000"/>
  <system-out/>
  <testcase classname="cs.utec.edu.pe.Lab01Test" name="test01" time="0.000"/>
  <system-out/>
  <testcase classname="cs.utec.edu.pe.Lab01Test" name="test01" time="0.000"/>
  <system-out/>
  <testcase classname="cs.utec.edu.pe.Lab01Test" name="test01" time="0.011"/>
  <system-out/>
  <testcase classname="cs.utec.edu.pe.Lab01Test" name="test01" time="0.022"/>
  <system-out/>
  <testcase classname="cs.utec.edu.pe.Lab01Test" name="test01" time="0.000"/>
  <system-out/>
  <testcase classname="cs.utec.edu.pe.Lab01Test" name="test01" time="0.011"/>
  <system-out/>
  <testcase classname="cs.utec.edu.pe.Lab01Test" name="test01" time="0.003"/>
  <system-out/>
  <testcase classname="cs.utec.edu.pe.Lab01Test" name="test01" time="0.000"/>
  <system-out/>
  <testcase classname="cs.utec.edu.pe.Lab01Test" name="test01" time="0.000"/>
  <system-out/>
  <testcase classname="cs.utec.edu.pe.Lab01Test" name="test01" time="0.008"/>
  <system-out/>
  <testcase classname="cs.utec.edu.pe.Lab01Test" name="test01" time="0.000"/>
  <system-out/>
  <testcase classname="cs.utec.edu.pe.Lab01Test" name="test01" time="0.001"/>
  <system-out/>
  <testcase classname="cs.utec.edu.pe.Lab01Test" name="test01" time="0.000"/>
  <system-out/>
  <testcase classname="cs.utec.edu.pe.Lab01Test" name="test01" time="0.000"/>
  <system-out/>
  <testcase classname="cs.utec.edu.pe.Lab01Test" name="test01" time="0.021"/>
  <system-out/>
  <testcase classname="cs.utec.edu.pe.Lab01Test" name="test01" time="0.000"/>
  <system-out/>
  <testcase classname="cs.utec.edu.pe.Lab01Test" name="test01" time="0.000"/>
  <system-out/>
  <testcase classname="cs.utec.edu.pe.Lab01Test" name="test01" time="0.000"/>
  <system-out/>
  <testcase classname="cs.utec.edu.pe.Lab01Test" name="test01" time="0.001"/>
  <system-out/>
  <testcase classname="cs.utec.edu.pe.Lab01Test" name="test01" time="0.023"/>
  <system-out/>
  <testcase classname="cs.utec.edu.pe.Lab01Test" name="test01" time="0.001"/>
  <system-out/>
  <testcase classname="cs.utec.edu.pe.Lab01Test" name="test01" time="0.000"/>
  <system-out/>
  <testcase classname="cs.utec.edu.pe.Lab01Test" name="test01" time="0.000"/>
  <system-out/>
  <testcase classname="cs.utec.edu.pe.Lab01Test" name="test01" time="0.000"/>
  <system-out/>
  <testcase classname="cs.utec.edu.pe.Lab01Test" name="test01" time="0.011"/>
  <system-out/>
  <testcase classname="cs.utec.edu.pe.Lab01Test" name="test01" time="0.000"/>
  <system-out/>
  <testcase classname="cs.utec.edu.pe.Lab01Test" name="test01" time="0.011"/>
  <system-out/>
  <testcase classname="cs.utec.edu.pe.Lab01Test" name="test01" time="0.002"/>
  <system-out/>
  <testcase classname="cs.utec.edu.pe.Lab01Test" name="test01" time="0.000"/>
  <system-out/>
  <testcase classname="cs.utec.edu.pe.Lab01Test" name="test01" time="0.000"/>
  <system-out/>
  <testcase classname="cs.utec.edu.pe.Lab01Test" name="test01" time="0.006"/>
  <system-out/>
  <testcase classname="cs.utec.edu.pe.Lab01Test" name="test01" time="0.000"/>
  <system-out/>
  <testcase classname="cs.utec.edu.pe.Lab01Test" name="test01" time="0.000"/>
  <system-out/>
  <testcase classname="cs.utec.edu.pe.Lab01Test" name="test01" time="0.000"/>
  <system-out/>
  <testcase classname="cs.utec.edu.pe.Lab01Test" name="test01" time="0.000"/>
  <system-out/>
  <testcase classname="cs.utec.edu.pe.Lab01Test" name="test01" time="0.003"/>
  <system-out/>
  <testcase classname="cs.utec.edu.pe.Lab01Test" name="test01" time="0.000"/>
  <system-out/>
  <testcase classname="cs.utec.edu.pe.Lab01Test" name="test01" time="0.000"/>
  <system-out/>
  <testcase classname="cs.utec.edu.pe.Lab01Test" name="test01" time="0.006"/>
  <system-out/>
  <testcase classname="cs.utec.edu.pe.Lab01Test" name="test01" time="0.001"/>
  <system-out/>
  <testcase classname="cs.utec.edu.pe.Lab01Test" name="test01" time="0.001"/>
  <system-out/>
  <testcase classname="cs.utec.edu.pe.Lab01Test" name="test01" time="0.000"/>
  <system-out/>
  <testcase classname="cs.utec.edu.pe.Lab01Test" name="test01" time="0.021"/>
  <system-out/>
  <testcase classname="cs.utec.edu.pe.Lab01Test" name="test01" time="0.010"/>
  <system-out/>
  <testcase classname="cs.utec.edu.pe.Lab01Test" name="test01" time="0.005"/>
  <system-out/>
  <testcase classname="cs.utec.edu.pe.Lab01Test" name="test01" time="0.000"/>
  <system-out/>
  <testcase classname="cs.utec.edu.pe.Lab01Test" name="test01" time="0.000"/>
  <system-out/>
  <testcase classname="cs.utec.edu.pe.Lab01Test" name="test01" time="0.000"/>
  <system-out/>
  <testcase classname="cs.utec.edu.pe.Lab01Test" name="test01" time="0.005"/>
  <system-out/>
  <testcase classname="cs.utec.edu.pe.Lab01Test" name="test01" time="0.011"/>
  <system-out/>
  <testcase classname="cs.utec.edu.pe.Lab01Test" name="test01" time="0.000"/>
  <system-out/>
  <testcase classname="cs.utec.edu.pe.Lab01Test" name="test01" time="0.000"/>
  <system-out/>
  <testcase classname="cs.utec.edu.pe.Lab01Test" name="test01" time="0.021"/>
  <system-out/>
  <testcase classname="cs.utec.edu.pe.Lab01Test" name="test01" time="0.000"/>
  <system-out/>
  <testcase classname="cs.utec.edu.pe.Lab01Test" name="test01" time="0.001"/>
  <system-out/>
  <testcase classname="cs.utec.edu.pe.Lab01Test" name="test01" time="0.000"/>
  <system-out/>
  <testcase classname="cs.utec.edu.pe.Lab01Test" name="test01" time="0.000"/>
  <system-out/>
  <testcase classname="cs.utec.edu.pe.Lab01Test" name="test01" time="0.009"/>
  <system-out/>
  <testcase classname="cs.utec.edu.pe.Lab01Test" name="test01" time="0.007"/>
  <system-out/>
  <testcase classname="cs.utec.edu.pe.Lab01Test" name="test01" time="0.000"/>
  <system-out/>
  <testcase classname="cs.utec.edu.pe.Lab01Test" name="test01" time="0.000"/>
  <system-out/>
  <testcase classname="cs.utec.edu.pe.Lab01Test" name="test01" time="0.007"/>
  <system-out/>
  <testcase classname="cs.utec.edu.pe.Lab01Test" name="test01" time="0.013"/>
  <system-out/>
  <testcase classname="cs.utec.edu.pe.Lab01Test" name="test01" time="0.000"/>
  <system-out/>
  <testcase classname="cs.utec.edu.pe.Lab01Test" name="test01" time="0.005"/>
  <system-out/>
  <testcase classname="cs.utec.edu.pe.Lab01Test" name="test01" time="0.017"/>
  <system-out/>
  <testcase classname="cs.utec.edu.pe.Lab01Test" name="test01" time="0.009"/>
  <system-out/>
  <testcase classname="cs.utec.edu.pe.Lab01Test" name="test01" time="0.000"/>
  <system-out/>
  <testcase classname="cs.utec.edu.pe.Lab01Test" name="test01" time="0.000"/>
  <system-out/>
  <testcase classname="cs.utec.edu.pe.Lab01Test" name="test01" time="0.010"/>
  <system-out/>
  <testcase classname="cs.utec.edu.pe.Lab01Test" name="test01" time="0.000"/>
  <system-out/>
  <testcase classname="cs.utec.edu.pe.Lab01Test" name="test01" time="0.000"/>
  <system-out/>
  <testcase classname="cs.utec.edu.pe.Lab01Test" name="test01" time="0.000"/>
  <system-out/>
  <testcase classname="cs.utec.edu.pe.Lab01Test" name="test01" time="0.000"/>
  <system-out/>
  <testcase classname="cs.utec.edu.pe.Lab01Test" name="test01" time="0.000"/>
  <system-out/>
  <testcase classname="cs.utec.edu.pe.Lab01Test" name="test01" time="0.003"/>
  <system-out/>
  <testcase classname="cs.utec.edu.pe.Lab01Test" name="test01" time="0.011"/>
  <system-out/>
  <testcase classname="cs.utec.edu.pe.Lab01Test" name="test01" time="0.001"/>
  <system-out/>
  <testcase classname="cs.utec.edu.pe.Lab01Test" name="test01" time="0.000"/>
  <system-out/>
  <testcase classname="cs.utec.edu.pe.Lab01Test" name="test01" time="0.001"/>
  <system-out/>
  <testcase classname="cs.utec.edu.pe.Lab01Test" name="test01" time="0.000"/>
  <system-out/>
  <testcase classname="cs.utec.edu.pe.Lab01Test" name="test01" time="0.003"/>
  <system-out/>
  <testcase classname="cs.utec.edu.pe.Lab01Test" name="test01" time="0.000"/>
  <system-out/>
  <testcase classname="cs.utec.edu.pe.Lab01Test" name="test01" time="0.000"/>
  <system-out/>
  <testcase classname="cs.utec.edu.pe.Lab01Test" name="test01" time="0.021"/>
  <system-out/>
  <testcase classname="cs.utec.edu.pe.Lab01Test" name="test01" time="0.001"/>
  <system-out/>
  <testcase classname="cs.utec.edu.pe.Lab01Test" name="test01" time="0.000"/>
  <system-out/>
  <testcase classname="cs.utec.edu.pe.Lab01Test" name="test01" time="0.000"/>
  <system-out/>
  <testcase classname="cs.utec.edu.pe.Lab01Test" name="test01" time="0.000"/>
  <system-out/>
  <testcase classname="cs.utec.edu.pe.Lab01Test" name="test01" time="0.000"/>
  <system-out/>
  <testcase classname="cs.utec.edu.pe.Lab01Test" name="test01" time="0.000"/>
  <system-out/>
  <testcase classname="cs.utec.edu.pe.Lab01Test" name="test01" time="0.000"/>
  <system-out/>
  <testcase classname="cs.utec.edu.pe.Lab01Test" name="test01" time="0.000"/>
  <system-out/>
  <testcase classname="cs.utec.edu.pe.Lab01Test" name="test01" time="0.001"/>
  <system-out/>
  <testcase classname="cs.utec.edu.pe.Lab01Test" name="test01" time="0.003"/>
  <system-out/>
  <testcase classname="cs.utec.edu.pe.Lab01Test" name="test01" time="0.000"/>
  <system-out/>
  <testcase classname="cs.utec.edu.pe.Lab01Test" name="test01" time="0.001"/>
  <system-out/>
  <testcase classname="cs.utec.edu.pe.Lab01Test" name="test01" time="0.009"/>
  <system-out/>
  <testcase classname="cs.utec.edu.pe.Lab01Test" name="test01" time="0.000"/>
  <system-out/>
  <testcase classname="cs.utec.edu.pe.Lab01Test" name="test01" time="0.000"/>
  <system-out/>
  <testcase classname="cs.utec.edu.pe.Lab01Test" name="test01" time="0.000"/>
  <system-out/>
  <testcase classname="cs.utec.edu.pe.Lab01Test" name="test01" time="0.000"/>
  <system-out/>
  <testcase classname="cs.utec.edu.pe.Lab01Test" name="test01" time="0.000"/>
  <system-out/>
  <testcase classname="cs.utec.edu.pe.Lab01Test" name="test01" time="0.000"/>
  <system-out/>
  <testcase classname="cs.utec.edu.pe.Lab01Test" name="test01" time="0.000"/>
  <system-out/>
  <testcase classname="cs.utec.edu.pe.Lab01Test" name="test01" time="0.001"/>
  <system-out/>
  <testcase classname="cs.utec.edu.pe.Lab01Test" name="test01" time="0.008"/>
  <system-out/>
  <testcase classname="cs.utec.edu.pe.Lab01Test" name="test01" time="0.002"/>
  <system-out/>
  <testcase classname="cs.utec.edu.pe.Lab01Test" name="test01" time="0.021"/>
  <system-out/>
  <testcase classname="cs.utec.edu.pe.Lab01Test" name="test01" time="0.000"/>
  <system-out/>
  <testcase classname="cs.utec.edu.pe.Lab01Test" name="test01" time="0.000"/>
  <system-out/>
  <testcase classname="cs.utec.edu.pe.Lab01Test" name="test01" time="0.000"/>
  <system-out/>
  <testcase classname="cs.utec.edu.pe.Lab01Test" name="test01" time="0.005"/>
  <system-out/>
  <testcase classname="cs.utec.edu.pe.Lab01Test" name="test01" time="0.022"/>
  <system-out/>
  <testcase classname="cs.utec.edu.pe.Lab01Test" name="test01" time="0.000"/>
  <system-out/>
  <testcase classname="cs.utec.edu.pe.Lab01Test" name="test01" time="0.000"/>
  <system-out/>
  <testcase classname="cs.utec.edu.pe.Lab01Test" name="test01" time="0.000"/>
  <system-out/>
  <testcase classname="cs.utec.edu.pe.Lab01Test" name="test01" time="0.005"/>
  <system-out/>
  <testcase classname="cs.utec.edu.pe.Lab01Test" name="test01" time="0.006"/>
  <system-out/>
  <testcase classname="cs.utec.edu.pe.Lab01Test" name="test01" time="0.000"/>
  <system-out/>
  <testcase classname="cs.utec.edu.pe.Lab01Test" name="test01" time="0.021"/>
  <system-out/>
  <testcase classname="cs.utec.edu.pe.Lab01Test" name="test01" time="0.000"/>
  <system-out/>
  <testcase classname="cs.utec.edu.pe.Lab01Test" name="test01" time="0.000"/>
  <system-out/>
  <testcase classname="cs.utec.edu.pe.Lab01Test" name="test01" time="0.000"/>
  <system-out/>
  <testcase classname="cs.utec.edu.pe.Lab01Test" name="test01" time="0.000"/>
  <system-out/>
  <testcase classname="cs.utec.edu.pe.Lab01Test" name="test01" time="0.000"/>
  <system-out/>
  <testcase classname="cs.utec.edu.pe.Lab01Test" name="test01" time="0.006"/>
  <system-out/>
  <testcase classname="cs.utec.edu.pe.Lab01Test" name="test01" time="0.005"/>
  <system-out/>
  <testcase classname="cs.utec.edu.pe.Lab01Test" name="test01" time="0.008"/>
  <system-out/>
  <testcase classname="cs.utec.edu.pe.Lab01Test" name="test01" time="0.000"/>
  <system-out/>
  <testcase classname="cs.utec.edu.pe.Lab01Test" name="test01" time="0.014"/>
  <system-out/>
  <testcase classname="cs.utec.edu.pe.Lab01Test" name="test01" time="0.000"/>
  <system-out/>
  <testcase classname="cs.utec.edu.pe.Lab01Test" name="test01" time="0.002"/>
  <system-out/>
  <testcase classname="cs.utec.edu.pe.Lab01Test" name="test01" time="0.000"/>
  <system-out/>
  <testcase classname="cs.utec.edu.pe.Lab01Test" name="test01" time="0.000"/>
  <system-out/>
  <testcase classname="cs.utec.edu.pe.Lab01Test" name="test01" time="0.006"/>
  <system-out/>
  <testcase classname="cs.utec.edu.pe.Lab01Test" name="test01" time="0.001"/>
  <system-out/>
  <testcase classname="cs.utec.edu.pe.Lab01Test" name="test01" time="0.002"/>
  <system-out/>
  <testcase classname="cs.utec.edu.pe.Lab01Test" name="test01" time="0.000"/>
  <system-out/>
  <testcase classname="cs.utec.edu.pe.Lab01Test" name="test01" time="0.005"/>
  <system-out/>
  <testcase classname="cs.utec.edu.pe.Lab01Test" name="test01" time="0.005"/>
  <system-out/>
  <testcase classname="cs.utec.edu.pe.Lab01Test" name="test01" time="0.000"/>
  <system-out/>
  <testcase classname="cs.utec.edu.pe.Lab01Test" name="test01" time="0.001"/>
  <system-out/>
  <testcase classname="cs.utec.edu.pe.Lab01Test" name="test01" time="0.002"/>
  <system-out/>
  <testcase classname="cs.utec.edu.pe.Lab01Test" name="test01" time="0.000"/>
  <system-out/>
  <testcase classname="cs.utec.edu.pe.Lab01Test" name="test01" time="0.000"/>
  <system-out/>
  <testcase classname="cs.utec.edu.pe.Lab01Test" name="test01" time="0.006"/>
  <system-out/>
  <testcase classname="cs.utec.edu.pe.Lab01Test" name="test01" time="0.000"/>
  <system-out/>
  <testcase classname="cs.utec.edu.pe.Lab01Test" name="test01" time="0.022"/>
  <system-out/>
  <testcase classname="cs.utec.edu.pe.Lab01Test" name="test01" time="0.000"/>
  <system-out/>
  <testcase classname="cs.utec.edu.pe.Lab01Test" name="test01" time="0.000"/>
  <system-out/>
  <testcase classname="cs.utec.edu.pe.Lab01Test" name="test01" time="0.000"/>
  <system-out/>
  <testcase classname="cs.utec.edu.pe.Lab01Test" name="test01" time="0.000"/>
  <system-out/>
  <testcase classname="cs.utec.edu.pe.Lab01Test" name="test01" time="0.000"/>
  <system-out/>
  <testcase classname="cs.utec.edu.pe.Lab01Test" name="test01" time="0.000"/>
  <system-out/>
  <testcase classname="cs.utec.edu.pe.Lab01Test" name="test01" time="0.000"/>
  <system-out/>
  <testcase classname="cs.utec.edu.pe.Lab01Test" name="test01" time="0.000"/>
  <system-out/>
  <testcase classname="cs.utec.edu.pe.Lab01Test" name="test01" time="0.000"/>
  <system-out/>
  <testcase classname="cs.utec.edu.pe.Lab01Test" name="test01" time="0.001"/>
  <system-out/>
  <testcase classname="cs.utec.edu.pe.Lab01Test" name="test01" time="0.000"/>
  <system-out/>
  <testcase classname="cs.utec.edu.pe.Lab01Test" name="test01" time="0.000"/>
  <system-out/>
  <testcase classname="cs.utec.edu.pe.Lab01Test" name="test01" time="0.000"/>
  <system-out/>
  <testcase classname="cs.utec.edu.pe.Lab01Test" name="test01" time="0.000"/>
  <system-out/>
  <testcase classname="cs.utec.edu.pe.Lab01Test" name="test01" time="0.000"/>
  <system-out/>
  <testcase classname="cs.utec.edu.pe.Lab01Test" name="test01" time="0.006"/>
  <system-out/>
  <testcase classname="cs.utec.edu.pe.Lab01Test" name="test01" time="0.000"/>
  <system-out/>
  <testcase classname="cs.utec.edu.pe.Lab01Test" name="test01" time="0.000"/>
  <system-out/>
  <testcase classname="cs.utec.edu.pe.Lab01Test" name="test01" time="0.009"/>
  <system-out/>
  <testcase classname="cs.utec.edu.pe.Lab01Test" name="test02" time="0.000"/>
  <system-out/>
  <testcase classname="cs.utec.edu.pe.Lab01Test" name="test01" time="0.005"/>
  <system-out/>
  <testcase classname="cs.utec.edu.pe.Lab01Test" name="test01" time="0.001"/>
  <system-out/>
  <testcase classname="cs.utec.edu.pe.Lab01Test" name="test01" time="0.000"/>
  <system-out/>
  <testcase classname="cs.utec.edu.pe.Lab01Test" name="test01" time="0.001"/>
  <system-out/>
  <testcase classname="cs.utec.edu.pe.Lab01Test" name="test01" time="0.021"/>
  <system-out/>
  <testcase classname="cs.utec.edu.pe.Lab01Test" name="test01" time="0.000"/>
  <system-out/>
  <testcase classname="cs.utec.edu.pe.Lab01Test" name="test01" time="0.000"/>
  <system-out/>
  <testcase classname="cs.utec.edu.pe.Lab01Test" name="test01" time="0.000"/>
  <system-out/>
  <testcase classname="cs.utec.edu.pe.Lab01Test" name="test01" time="0.000"/>
  <system-out/>
  <testcase classname="cs.utec.edu.pe.Lab01Test" name="test01" time="0.000"/>
  <system-out/>
  <testcase classname="cs.utec.edu.pe.Lab01Test" name="test01" time="0.000"/>
  <system-out/>
  <testcase classname="cs.utec.edu.pe.Lab01Test" name="test01" time="0.000"/>
  <system-out/>
  <testcase classname="cs.utec.edu.pe.Lab01Test" name="test01" time="0.000"/>
  <system-out/>
  <testcase classname="cs.utec.edu.pe.Lab01Test" name="test01" time="0.000"/>
  <system-out/>
  <testcase classname="cs.utec.edu.pe.Lab01Test" name="test01" time="0.004"/>
  <system-out/>
  <testcase classname="cs.utec.edu.pe.Lab01Test" name="test01" time="0.000"/>
  <system-out/>
  <testcase classname="cs.utec.edu.pe.Lab01Test" name="test01" time="0.000"/>
  <system-out/>
  <testcase classname="cs.utec.edu.pe.Lab01Test" name="test01" time="0.000"/>
  <system-out/>
  <testcase classname="cs.utec.edu.pe.Lab01Test" name="test01" time="0.000"/>
  <system-out/>
  <testcase classname="cs.utec.edu.pe.Lab01Test" name="test01" time="0.004"/>
  <system-out/>
  <testcase classname="cs.utec.edu.pe.Lab01Test" name="test01" time="0.000"/>
  <system-out/>
  <testcase classname="cs.utec.edu.pe.Lab01Test" name="test01" time="0.000"/>
  <system-out/>
  <testcase classname="cs.utec.edu.pe.Lab01Test" name="test01" time="0.005"/>
  <system-out/>
  <testcase classname="cs.utec.edu.pe.Lab01Test" name="test01" time="0.005"/>
  <system-out/>
  <testcase classname="cs.utec.edu.pe.Lab01Test" name="test01" time="0.000"/>
  <system-out/>
  <testcase classname="cs.utec.edu.pe.Lab01Test" name="test01" time="0.000"/>
  <system-out/>
  <testcase classname="cs.utec.edu.pe.Lab01Test" name="test01" time="0.000"/>
  <system-out/>
  <testcase classname="cs.utec.edu.pe.Lab01Test" name="test01" time="0.000"/>
  <system-out/>
  <testcase classname="cs.utec.edu.pe.Lab01Test" name="test01" time="0.000"/>
  <system-out/>
  <testcase classname="cs.utec.edu.pe.Lab01Test" name="test01" time="0.000"/>
  <system-out/>
  <testcase classname="cs.utec.edu.pe.Lab01Test" name="test01" time="0.022"/>
  <system-out/>
  <testcase classname="cs.utec.edu.pe.Lab01Test" name="test01" time="0.008"/>
  <system-out/>
  <testcase classname="cs.utec.edu.pe.Lab01Test" name="test01" time="0.021"/>
  <system-out/>
  <testcase classname="cs.utec.edu.pe.Lab01Test" name="test01" time="0.022"/>
  <system-out/>
  <testcase classname="cs.utec.edu.pe.Lab01Test" name="test01" time="0.011"/>
  <system-out/>
  <testcase classname="cs.utec.edu.pe.Lab01Test" name="test01" time="0.000"/>
  <system-out/>
  <testcase classname="cs.utec.edu.pe.Lab01Test" name="test01" time="0.021"/>
  <system-out/>
  <testcase classname="cs.utec.edu.pe.Lab01Test" name="test01" time="0.002"/>
  <system-out/>
  <testcase classname="cs.utec.edu.pe.Lab01Test" name="test01" time="0.000"/>
  <system-out/>
  <testcase classname="cs.utec.edu.pe.Lab01Test" name="test01" time="0.009"/>
  <system-out/>
  <testcase classname="cs.utec.edu.pe.Lab01Test" name="test01" time="0.003"/>
  <system-out/>
  <testcase classname="cs.utec.edu.pe.Lab01Test" name="test01" time="0.001"/>
  <system-out/>
  <testcase classname="cs.utec.edu.pe.Lab01Test" name="test01" time="0.000"/>
  <system-out/>
  <testcase classname="cs.utec.edu.pe.Lab01Test" name="test01" time="0.000"/>
  <system-out/>
  <testcase classname="cs.utec.edu.pe.Lab01Test" name="test01" time="0.009"/>
  <system-out/>
  <testcase classname="cs.utec.edu.pe.Lab01Test" name="test01" time="0.003"/>
  <system-out/>
  <testcase classname="cs.utec.edu.pe.Lab01Test" name="test01" time="0.000"/>
  <system-out/>
  <testcase classname="cs.utec.edu.pe.Lab01Test" name="test01" time="0.000"/>
  <system-out/>
  <testcase classname="cs.utec.edu.pe.Lab01Test" name="test01" time="0.001"/>
  <system-out/>
  <testcase classname="cs.utec.edu.pe.Lab01Test" name="test01" time="0.009"/>
  <system-out/>
  <testcase classname="cs.utec.edu.pe.Lab01Test" name="test01" time="0.000"/>
  <system-out/>
  <testcase classname="cs.utec.edu.pe.Lab01Test" name="test01" time="0.006"/>
  <system-out/>
  <testcase classname="cs.utec.edu.pe.Lab01Test" name="test01" time="0.000"/>
  <system-out/>
  <testcase classname="cs.utec.edu.pe.Lab01Test" name="test01" time="0.000"/>
  <system-out/>
  <testcase classname="cs.utec.edu.pe.Lab01Test" name="test01" time="0.000"/>
  <system-out/>
  <testcase classname="cs.utec.edu.pe.Lab01Test" name="test01" time="0.008"/>
  <system-out/>
  <testcase classname="cs.utec.edu.pe.Lab01Test" name="test01" time="0.000"/>
  <system-out/>
  <testcase classname="cs.utec.edu.pe.Lab01Test" name="test01" time="0.000"/>
  <system-out/>
  <testcase classname="cs.utec.edu.pe.Lab01Test" name="test01" time="0.010"/>
  <system-out/>
  <testcase classname="cs.utec.edu.pe.Lab01Test" name="test01" time="0.000"/>
  <system-out/>
  <testcase classname="cs.utec.edu.pe.Lab01Test" name="test01" time="0.000"/>
  <system-out/>
  <testcase classname="cs.utec.edu.pe.Lab01Test" name="test01" time="0.005"/>
  <system-out/>
  <testcase classname="cs.utec.edu.pe.Lab01Test" name="test01" time="0.000"/>
  <system-out/>
  <testcase classname="cs.utec.edu.pe.Lab01Test" name="test01" time="0.000"/>
  <system-out/>
  <testcase classname="cs.utec.edu.pe.Lab01Test" name="test01" time="0.000"/>
  <system-out/>
  <testcase classname="cs.utec.edu.pe.Lab01Test" name="test01" time="0.001"/>
  <system-out/>
  <testcase classname="cs.utec.edu.pe.Lab01Test" name="test01" time="0.017"/>
  <system-out/>
  <testcase classname="cs.utec.edu.pe.Lab01Test" name="test01" time="0.022"/>
  <system-out/>
  <testcase classname="cs.utec.edu.pe.Lab01Test" name="test01" time="0.011"/>
  <system-out/>
  <testcase classname="cs.utec.edu.pe.Lab01Test" name="test01" time="0.008"/>
  <system-out/>
  <testcase classname="cs.utec.edu.pe.Lab01Test" name="test01" time="0.022"/>
  <system-out/>
  <testcase classname="cs.utec.edu.pe.Lab01Test" name="test01" time="0.014"/>
  <system-out/>
  <testcase classname="cs.utec.edu.pe.Lab01Test" name="test01" time="0.005"/>
  <system-out/>
  <testcase classname="cs.utec.edu.pe.Lab01Test" name="test01" time="0.001"/>
  <system-out/>
  <testcase classname="cs.utec.edu.pe.Lab01Test" name="test01" time="0.000"/>
  <system-out/>
  <testcase classname="cs.utec.edu.pe.Lab01Test" name="test01" time="0.002"/>
  <system-out/>
  <testcase classname="cs.utec.edu.pe.Lab01Test" name="test01" time="0.001"/>
  <system-out/>
  <testcase classname="cs.utec.edu.pe.Lab01Test" name="test01" time="0.023"/>
  <system-out/>
  <testcase classname="cs.utec.edu.pe.Lab01Test" name="test01" time="0.000"/>
  <system-out/>
  <testcase classname="cs.utec.edu.pe.Lab01Test" name="test01" time="0.000"/>
  <system-out/>
  <testcase classname="cs.utec.edu.pe.Lab01Test" name="test01" time="0.005"/>
  <system-out/>
  <testcase classname="cs.utec.edu.pe.Lab01Test" name="test01" time="0.017"/>
  <system-out/>
  <testcase classname="cs.utec.edu.pe.Lab01Test" name="test01" time="0.000"/>
  <system-out/>
  <testcase classname="cs.utec.edu.pe.Lab01Test" name="test01" time="0.001"/>
  <system-out/>
  <testcase classname="cs.utec.edu.pe.Lab01Test" name="test01" time="0.000"/>
  <system-out/>
  <testcase classname="cs.utec.edu.pe.Lab01Test" name="test01" time="0.001"/>
  <system-out/>
  <testcase classname="cs.utec.edu.pe.Lab01Test" name="test01" time="0.000"/>
  <system-out/>
  <testcase classname="cs.utec.edu.pe.Lab01Test" name="test01" time="0.000"/>
  <system-out/>
  <testcase classname="cs.utec.edu.pe.Lab01Test" name="test01" time="0.000"/>
  <system-out/>
  <testcase classname="cs.utec.edu.pe.Lab01Test" name="test01" time="0.000"/>
  <system-out/>
  <testcase classname="cs.utec.edu.pe.Lab01Test" name="test01" time="0.000"/>
  <system-out/>
  <testcase classname="cs.utec.edu.pe.Lab01Test" name="test01" time="0.000"/>
  <system-out/>
  <testcase classname="cs.utec.edu.pe.Lab01Test" name="test01" time="0.021"/>
  <system-out/>
  <testcase classname="cs.utec.edu.pe.Lab01Test" name="test01" time="0.000"/>
  <system-out/>
  <testcase classname="cs.utec.edu.pe.Lab01Test" name="test01" time="0.000"/>
  <system-out/>
  <testcase classname="cs.utec.edu.pe.Lab01Test" name="test01" time="0.000"/>
  <system-out/>
  <testcase classname="cs.utec.edu.pe.Lab01Test" name="test01" time="0.002"/>
  <system-out/>
  <testcase classname="cs.utec.edu.pe.Lab01Test" name="test01" time="0.000"/>
  <system-out/>
  <testcase classname="cs.utec.edu.pe.Lab01Test" name="test01" time="0.000"/>
  <system-out/>
  <testcase classname="cs.utec.edu.pe.Lab01Test" name="test01" time="0.000"/>
  <system-out/>
  <testcase classname="cs.utec.edu.pe.Lab01Test" name="test01" time="0.021"/>
  <system-out/>
  <testcase classname="cs.utec.edu.pe.Lab01Test" name="test01" time="0.014"/>
  <system-out/>
  <testcase classname="cs.utec.edu.pe.Lab01Test" name="test01" time="0.000"/>
  <system-out/>
  <testcase classname="cs.utec.edu.pe.Lab01Test" name="test01" time="0.003"/>
  <system-out/>
  <testcase classname="cs.utec.edu.pe.Lab01Test" name="test01" time="0.014"/>
  <system-out/>
  <testcase classname="cs.utec.edu.pe.Lab01Test" name="test01" time="0.000"/>
  <system-out/>
  <testcase classname="cs.utec.edu.pe.Lab01Test" name="test01" time="0.000"/>
  <system-out/>
  <testcase classname="cs.utec.edu.pe.Lab01Test" name="test01" time="0.000"/>
  <system-out/>
  <testcase classname="cs.utec.edu.pe.Lab01Test" name="test01" time="0.000"/>
  <system-out/>
  <testcase classname="cs.utec.edu.pe.Lab01Test" name="test01" time="0.009"/>
  <system-out/>
  <testcase classname="cs.utec.edu.pe.Lab01Test" name="test01" time="0.000"/>
  <system-out/>
  <testcase classname="cs.utec.edu.pe.Lab01Test" name="test01" time="0.000"/>
  <system-out/>
  <testcase classname="cs.utec.edu.pe.Lab01Test" name="test01" time="0.009"/>
  <system-out/>
  <testcase classname="cs.utec.edu.pe.Lab01Test" name="test01" time="0.000"/>
  <system-out/>
  <testcase classname="cs.utec.edu.pe.Lab01Test" name="test01" time="0.000"/>
  <system-out/>
  <testcase classname="cs.utec.edu.pe.Lab01Test" name="test01" time="0.002"/>
  <system-out/>
  <testcase classname="cs.utec.edu.pe.Lab01Test" name="test01" time="0.007"/>
  <system-out/>
  <testcase classname="cs.utec.edu.pe.Lab01Test" name="test01" time="0.002"/>
  <system-out/>
  <testcase classname="cs.utec.edu.pe.Lab01Test" name="test01" time="0.011"/>
  <system-out/>
  <testcase classname="cs.utec.edu.pe.Lab01Test" name="test01" time="0.000"/>
  <system-out/>
  <testcase classname="cs.utec.edu.pe.Lab01Test" name="test01" time="0.000"/>
  <system-out/>
  <testcase classname="cs.utec.edu.pe.Lab01Test" name="test01" time="0.000"/>
  <system-out/>
  <testcase classname="cs.utec.edu.pe.Lab01Test" name="test01" time="0.002"/>
  <system-out/>
  <testcase classname="cs.utec.edu.pe.Lab01Test" name="test01" time="0.005"/>
  <system-out/>
  <testcase classname="cs.utec.edu.pe.Lab01Test" name="test01" time="0.000"/>
  <system-out/>
  <testcase classname="cs.utec.edu.pe.Lab01Test" name="test01" time="0.000"/>
  <system-out/>
  <testcase classname="cs.utec.edu.pe.Lab01Test" name="test01" time="0.004"/>
  <system-out/>
  <testcase classname="cs.utec.edu.pe.Lab01Test" name="test01" time="0.002"/>
  <system-out/>
  <testcase classname="cs.utec.edu.pe.Lab01Test" name="test01" time="0.000"/>
  <system-out/>
  <testcase classname="cs.utec.edu.pe.Lab01Test" name="test01" time="0.003"/>
  <system-out/>
  <testcase classname="cs.utec.edu.pe.Lab01Test" name="test01" time="0.000"/>
  <system-out/>
  <testcase classname="cs.utec.edu.pe.Lab01Test" name="test01" time="0.000"/>
  <system-out/>
  <testcase classname="cs.utec.edu.pe.Lab01Test" name="test01" time="0.000"/>
  <system-out/>
  <testcase classname="cs.utec.edu.pe.Lab01Test" name="test01" time="0.000"/>
  <system-out/>
  <testcase classname="cs.utec.edu.pe.Lab01Test" name="test01" time="0.003"/>
  <system-out/>
  <testcase classname="cs.utec.edu.pe.Lab01Test" name="test01" time="0.000"/>
  <system-out/>
  <testcase classname="cs.utec.edu.pe.Lab01Test" name="test01" time="0.000"/>
  <system-out/>
  <testcase classname="cs.utec.edu.pe.Lab01Test" name="test01" time="0.000"/>
  <system-out/>
  <testcase classname="cs.utec.edu.pe.Lab01Test" name="test01" time="0.000"/>
  <system-out/>
  <testcase classname="cs.utec.edu.pe.Lab01Test" name="test01" time="0.000"/>
  <system-out/>
  <testcase classname="cs.utec.edu.pe.Lab01Test" name="test01" time="0.000"/>
  <system-out/>
  <testcase classname="cs.utec.edu.pe.Lab01Test" name="test01" time="0.000"/>
  <system-out/>
  <testcase classname="cs.utec.edu.pe.Lab01Test" name="test01" time="0.000"/>
  <system-out/>
  <testcase classname="cs.utec.edu.pe.Lab01Test" name="test01" time="0.000"/>
  <system-out/>
  <testcase classname="cs.utec.edu.pe.Lab01Test" name="test01" time="0.000"/>
  <system-out/>
  <testcase classname="cs.utec.edu.pe.Lab01Test" name="test01" time="0.000"/>
  <system-out/>
  <testcase classname="cs.utec.edu.pe.Lab01Test" name="test01" time="0.001"/>
  <system-out/>
  <testcase classname="cs.utec.edu.pe.Lab01Test" name="test01" time="0.021"/>
  <system-out/>
  <testcase classname="cs.utec.edu.pe.Lab01Test" name="test01" time="0.001"/>
  <system-out/>
  <testcase classname="cs.utec.edu.pe.Lab01Test" name="test01" time="0.001"/>
  <system-out/>
  <testcase classname="cs.utec.edu.pe.Lab01Test" name="test01" time="0.009"/>
  <system-out/>
  <testcase classname="cs.utec.edu.pe.Lab01Test" name="test01" time="0.022"/>
  <system-out/>
  <testcase classname="cs.utec.edu.pe.Lab01Test" name="test01" time="0.000"/>
  <system-out/>
  <testcase classname="cs.utec.edu.pe.Lab01Test" name="test01" time="0.000"/>
  <system-out/>
  <testcase classname="cs.utec.edu.pe.Lab01Test" name="test01" time="0.007"/>
  <system-out/>
  <testcase classname="cs.utec.edu.pe.Lab01Test" name="test01" time="0.009"/>
  <system-out/>
  <testcase classname="cs.utec.edu.pe.Lab01Test" name="test01" time="0.000"/>
  <system-out/>
  <testcase classname="cs.utec.edu.pe.Lab01Test" name="test01" time="0.000"/>
  <system-out/>
  <testcase classname="cs.utec.edu.pe.Lab01Test" name="test01" time="0.000"/>
  <system-out/>
  <testcase classname="cs.utec.edu.pe.Lab01Test" name="test01" time="0.000"/>
  <system-out/>
  <testcase classname="cs.utec.edu.pe.Lab01Test" name="test01" time="0.011"/>
  <system-out/>
  <testcase classname="cs.utec.edu.pe.Lab01Test" name="test01" time="0.000"/>
  <system-out/>
  <testcase classname="cs.utec.edu.pe.Lab01Test" name="test01" time="0.011"/>
  <system-out/>
  <testcase classname="cs.utec.edu.pe.Lab01Test" name="test01" time="0.000"/>
  <system-out/>
  <testcase classname="cs.utec.edu.pe.Lab01Test" name="test01" time="0.000"/>
  <system-out/>
  <testcase classname="cs.utec.edu.pe.Lab01Test" name="test01" time="0.000"/>
  <system-out/>
  <testcase classname="cs.utec.edu.pe.Lab01Test" name="test01" time="0.000"/>
  <system-out/>
  <testcase classname="cs.utec.edu.pe.Lab01Test" name="test01" time="0.000"/>
  <system-out/>
  <testcase classname="cs.utec.edu.pe.Lab01Test" name="test01" time="0.005"/>
  <system-out/>
  <testcase classname="cs.utec.edu.pe.Lab01Test" name="test01" time="0.000"/>
  <system-out/>
  <testcase classname="cs.utec.edu.pe.Lab01Test" name="test01" time="0.002"/>
  <system-out/>
  <testcase classname="cs.utec.edu.pe.Lab01Test" name="test01" time="0.000"/>
  <system-out/>
  <testcase classname="cs.utec.edu.pe.Lab01Test" name="test01" time="0.000"/>
  <system-out/>
  <testcase classname="cs.utec.edu.pe.Lab01Test" name="test01" time="0.000"/>
  <system-out/>
  <testcase classname="cs.utec.edu.pe.Lab01Test" name="test01" time="0.022"/>
  <system-out/>
  <testcase classname="cs.utec.edu.pe.Lab01Test" name="test01" time="0.022"/>
  <system-out/>
  <testcase classname="cs.utec.edu.pe.Lab01Test" name="test01" time="0.021"/>
  <system-out/>
  <testcase classname="cs.utec.edu.pe.Lab01Test" name="test01" time="0.003"/>
  <system-out/>
  <testcase classname="cs.utec.edu.pe.Lab01Test" name="test01" time="0.000"/>
  <system-out/>
  <testcase classname="cs.utec.edu.pe.Lab01Test" name="test01" time="0.012"/>
  <system-out/>
  <testcase classname="cs.utec.edu.pe.Lab01Test" name="test01" time="0.022"/>
  <system-out/>
  <testcase classname="cs.utec.edu.pe.Lab01Test" name="test01" time="0.004"/>
  <system-out/>
  <testcase classname="cs.utec.edu.pe.Lab01Test" name="test01" time="0.000"/>
  <system-out/>
  <testcase classname="cs.utec.edu.pe.Lab01Test" name="test01" time="0.000"/>
  <system-out/>
  <testcase classname="cs.utec.edu.pe.Lab01Test" name="test01" time="0.000"/>
  <system-out/>
  <testcase classname="cs.utec.edu.pe.Lab01Test" name="test01" time="0.000"/>
  <system-out/>
  <testcase classname="cs.utec.edu.pe.Lab01Test" name="test01" time="0.008"/>
  <system-out/>
  <testcase classname="cs.utec.edu.pe.Lab01Test" name="test01" time="0.002"/>
  <system-out/>
  <testcase classname="cs.utec.edu.pe.Lab01Test" name="test01" time="0.021"/>
  <system-out/>
  <testcase classname="cs.utec.edu.pe.Lab01Test" name="test01" time="0.001"/>
  <system-out/>
  <testcase classname="cs.utec.edu.pe.Lab01Test" name="test01" time="0.000"/>
  <system-out/>
  <testcase classname="cs.utec.edu.pe.Lab01Test" name="test01" time="0.001"/>
  <system-out/>
  <testcase classname="cs.utec.edu.pe.Lab01Test" name="test01" time="0.011"/>
  <system-out/>
  <testcase classname="cs.utec.edu.pe.Lab01Test" name="test01" time="0.000"/>
  <system-out/>
  <testcase classname="cs.utec.edu.pe.Lab01Test" name="test01" time="0.000"/>
  <system-out/>
  <testcase classname="cs.utec.edu.pe.Lab01Test" name="test01" time="0.000"/>
  <system-out/>
  <testcase classname="cs.utec.edu.pe.Lab01Test" name="test01" time="0.000"/>
  <system-out/>
  <testcase classname="cs.utec.edu.pe.Lab01Test" name="test01" time="0.001"/>
  <system-out/>
  <testcase classname="cs.utec.edu.pe.Lab01Test" name="test01" time="0.000"/>
  <system-out/>
  <testcase classname="cs.utec.edu.pe.Lab01Test" name="test01" time="0.000"/>
  <system-out/>
  <testcase classname="cs.utec.edu.pe.Lab01Test" name="test01" time="0.000"/>
  <system-out/>
  <testcase classname="cs.utec.edu.pe.Lab01Test" name="test01" time="0.000"/>
  <system-out/>
  <testcase classname="cs.utec.edu.pe.Lab01Test" name="test01" time="0.000"/>
  <system-out/>
  <testcase classname="cs.utec.edu.pe.Lab01Test" name="test01" time="0.000"/>
  <system-out/>
  <testcase classname="cs.utec.edu.pe.Lab01Test" name="test01" time="0.000"/>
  <system-out/>
  <testcase classname="cs.utec.edu.pe.Lab01Test" name="test01" time="0.000"/>
  <system-out/>
  <testcase classname="cs.utec.edu.pe.Lab01Test" name="test01" time="0.000"/>
  <system-out/>
  <testcase classname="cs.utec.edu.pe.Lab01Test" name="test01" time="0.003"/>
  <system-out/>
  <testcase classname="cs.utec.edu.pe.Lab01Test" name="test01" time="0.000"/>
  <system-out/>
  <testcase classname="cs.utec.edu.pe.Lab01Test" name="test01" time="0.000"/>
  <system-out/>
  <testcase classname="cs.utec.edu.pe.Lab01Test" name="test01" time="0.000"/>
  <system-out/>
  <testcase classname="cs.utec.edu.pe.Lab01Test" name="test01" time="0.000"/>
  <system-out/>
  <testcase classname="cs.utec.edu.pe.Lab01Test" name="test01" time="0.000"/>
  <system-out/>
  <testcase classname="cs.utec.edu.pe.Lab01Test" name="test01" time="0.000"/>
  <system-out/>
  <testcase classname="cs.utec.edu.pe.Lab01Test" name="test01" time="0.000"/>
  <system-out/>
  <testcase classname="cs.utec.edu.pe.Lab01Test" name="test01" time="0.000"/>
  <system-out/>
  <testcase classname="cs.utec.edu.pe.Lab01Test" name="test01" time="0.021"/>
  <system-out/>
  <testcase classname="cs.utec.edu.pe.Lab01Test" name="test01" time="0.000"/>
  <system-out/>
  <testcase classname="cs.utec.edu.pe.Lab01Test" name="test01" time="0.000"/>
  <system-out/>
  <testcase classname="cs.utec.edu.pe.Lab01Test" name="test01" time="0.002"/>
  <system-out/>
  <testcase classname="cs.utec.edu.pe.Lab01Test" name="test01" time="0.000"/>
  <system-out/>
  <testcase classname="cs.utec.edu.pe.Lab01Test" name="test01" time="0.000"/>
  <system-out/>
  <testcase classname="cs.utec.edu.pe.Lab01Test" name="test01" time="0.001"/>
  <system-out/>
  <testcase classname="cs.utec.edu.pe.Lab01Test" name="test01" time="0.021"/>
  <system-out/>
  <testcase classname="cs.utec.edu.pe.Lab01Test" name="test01" time="0.000"/>
  <system-out/>
  <testcase classname="cs.utec.edu.pe.Lab01Test" name="test01" time="0.000"/>
  <system-out/>
  <testcase classname="cs.utec.edu.pe.Lab01Test" name="test01" time="0.002"/>
  <system-out/>
  <testcase classname="cs.utec.edu.pe.Lab01Test" name="test01" time="0.000"/>
  <system-out/>
  <testcase classname="cs.utec.edu.pe.Lab01Test" name="test01" time="0.001"/>
  <system-out/>
  <testcase classname="cs.utec.edu.pe.Lab01Test" name="test01" time="0.022"/>
  <system-out/>
  <testcase classname="cs.utec.edu.pe.Lab01Test" name="test01" time="0.001"/>
  <system-out/>
  <testcase classname="cs.utec.edu.pe.Lab01Test" name="test01" time="0.005"/>
  <system-out/>
  <testcase classname="cs.utec.edu.pe.Lab01Test" name="test01" time="0.000"/>
  <system-out/>
  <testcase classname="cs.utec.edu.pe.Lab01Test" name="test01" time="0.007"/>
  <system-out/>
  <testcase classname="cs.utec.edu.pe.Lab01Test" name="test01" time="0.000"/>
  <system-out/>
  <testcase classname="cs.utec.edu.pe.Lab01Test" name="test01" time="0.000"/>
  <system-out/>
  <testcase classname="cs.utec.edu.pe.Lab01Test" name="test01" time="0.008"/>
  <system-out/>
  <testcase classname="cs.utec.edu.pe.Lab01Test" name="test01" time="0.001"/>
  <system-out/>
  <testcase classname="cs.utec.edu.pe.Lab01Test" name="test01" time="0.000"/>
  <system-out/>
  <testcase classname="cs.utec.edu.pe.Lab01Test" name="test01" time="0.000"/>
  <system-out/>
  <testcase classname="cs.utec.edu.pe.Lab01Test" name="test01" time="0.000"/>
  <system-out/>
  <testcase classname="cs.utec.edu.pe.Lab01Test" name="test01" time="0.000"/>
  <system-out/>
  <testcase classname="cs.utec.edu.pe.Lab01Test" name="test01" time="0.000"/>
  <system-out/>
  <testcase classname="cs.utec.edu.pe.Lab01Test" name="test01" time="0.000"/>
  <system-out/>
  <testcase classname="cs.utec.edu.pe.Lab01Test" name="test01" time="0.021"/>
  <system-out/>
  <testcase classname="cs.utec.edu.pe.Lab01Test" name="test01" time="0.003"/>
  <system-out/>
  <testcase classname="cs.utec.edu.pe.Lab01Test" name="test01" time="0.000"/>
  <system-out/>
  <testcase classname="cs.utec.edu.pe.Lab01Test" name="test01" time="0.000"/>
  <system-out/>
  <testcase classname="cs.utec.edu.pe.Lab01Test" name="test01" time="0.000"/>
  <system-out/>
  <testcase classname="cs.utec.edu.pe.Lab01Test" name="test01" time="0.000"/>
  <system-out/>
  <testcase classname="cs.utec.edu.pe.Lab01Test" name="test01" time="0.000"/>
  <system-out/>
  <testcase classname="cs.utec.edu.pe.Lab01Test" name="test01" time="0.003"/>
  <system-out/>
  <testcase classname="cs.utec.edu.pe.Lab01Test" name="test01" time="0.003"/>
  <system-out/>
  <testcase classname="cs.utec.edu.pe.Lab01Test" name="test01" time="0.000"/>
  <system-out/>
  <testcase classname="cs.utec.edu.pe.Lab01Test" name="test01" time="0.005"/>
  <system-out/>
  <testcase classname="cs.utec.edu.pe.Lab01Test" name="test01" time="0.010"/>
  <system-out/>
  <testcase classname="cs.utec.edu.pe.Lab01Test" name="test01" time="0.003"/>
  <system-out/>
  <testcase classname="cs.utec.edu.pe.Lab01Test" name="test01" time="0.000"/>
  <system-out/>
  <testcase classname="cs.utec.edu.pe.Lab01Test" name="test01" time="0.003"/>
  <system-out/>
  <testcase classname="cs.utec.edu.pe.Lab01Test" name="test01" time="0.000"/>
  <system-out/>
  <testcase classname="cs.utec.edu.pe.Lab01Test" name="test01" time="0.000"/>
  <system-out/>
  <testcase classname="cs.utec.edu.pe.Lab01Test" name="test01" time="0.001"/>
  <system-out/>
  <testcase classname="cs.utec.edu.pe.Lab01Test" name="test01" time="0.021"/>
  <system-out/>
  <testcase classname="cs.utec.edu.pe.Lab01Test" name="test01" time="0.022"/>
  <system-out/>
  <testcase classname="cs.utec.edu.pe.Lab01Test" name="test01" time="0.021"/>
  <system-out/>
  <testcase classname="cs.utec.edu.pe.Lab01Test" name="test01" time="0.020"/>
  <system-out/>
  <testcase classname="cs.utec.edu.pe.Lab01Test" name="test01" time="0.000"/>
  <system-out/>
  <testcase classname="cs.utec.edu.pe.Lab01Test" name="test01" time="0.000"/>
  <system-out/>
  <testcase classname="cs.utec.edu.pe.Lab01Test" name="test01" time="0.001"/>
  <system-out/>
  <testcase classname="cs.utec.edu.pe.Lab01Test" name="test01" time="0.021"/>
  <system-out/>
  <testcase classname="cs.utec.edu.pe.Lab01Test" name="test01" time="0.000"/>
  <system-out/>
  <testcase classname="cs.utec.edu.pe.Lab01Test" name="test01" time="0.000"/>
  <system-out/>
  <testcase classname="cs.utec.edu.pe.Lab01Test" name="test01" time="0.000"/>
  <system-out/>
  <testcase classname="cs.utec.edu.pe.Lab01Test" name="test01" time="0.008"/>
  <system-out/>
  <testcase classname="cs.utec.edu.pe.Lab01Test" name="test01" time="0.000"/>
  <system-out/>
  <testcase classname="cs.utec.edu.pe.Lab01Test" name="test01" time="0.000"/>
  <system-out/>
  <testcase classname="cs.utec.edu.pe.Lab01Test" name="test01" time="0.005"/>
  <system-out/>
  <testcase classname="cs.utec.edu.pe.Lab01Test" name="test01" time="0.000"/>
  <system-out/>
  <testcase classname="cs.utec.edu.pe.Lab01Test" name="test01" time="0.001"/>
  <system-out/>
  <testcase classname="cs.utec.edu.pe.Lab01Test" name="test01" time="0.000"/>
  <system-out/>
  <testcase classname="cs.utec.edu.pe.Lab01Test" name="test01" time="0.021"/>
  <system-out/>
  <testcase classname="cs.utec.edu.pe.Lab01Test" name="test01" time="0.000"/>
  <system-out/>
  <testcase classname="cs.utec.edu.pe.Lab01Test" name="test01" time="0.003"/>
  <system-out/>
  <testcase classname="cs.utec.edu.pe.Lab01Test" name="test01" time="0.007"/>
  <system-out/>
  <testcase classname="cs.utec.edu.pe.Lab01Test" name="test01" time="0.000"/>
  <system-out/>
  <testcase classname="cs.utec.edu.pe.Lab01Test" name="test01" time="0.001"/>
  <system-out/>
  <testcase classname="cs.utec.edu.pe.Lab01Test" name="test01" time="0.000"/>
  <system-out/>
  <testcase classname="cs.utec.edu.pe.Lab01Test" name="test01" time="0.000"/>
  <system-out/>
  <testcase classname="cs.utec.edu.pe.Lab01Test" name="test01" time="0.021"/>
  <system-out/>
  <testcase classname="cs.utec.edu.pe.Lab01Test" name="test01" time="0.021"/>
  <system-out/>
  <testcase classname="cs.utec.edu.pe.Lab01Test" name="test01" time="0.000"/>
  <system-out/>
  <testcase classname="cs.utec.edu.pe.Lab01Test" name="test01" time="0.000"/>
  <system-out/>
  <testcase classname="cs.utec.edu.pe.Lab01Test" name="test01" time="0.000"/>
  <system-out/>
  <testcase classname="cs.utec.edu.pe.Lab01Test" name="test01" time="0.000"/>
  <system-out/>
  <testcase classname="cs.utec.edu.pe.Lab01Test" name="test01" time="0.000"/>
  <system-out/>
  <testcase classname="cs.utec.edu.pe.Lab01Test" name="test01" time="0.005"/>
  <system-out/>
  <testcase classname="cs.utec.edu.pe.Lab01Test" name="test01" time="0.000"/>
  <system-out/>
  <testcase classname="cs.utec.edu.pe.Lab01Test" name="test01" time="0.001"/>
  <system-out/>
  <testcase classname="cs.utec.edu.pe.Lab01Test" name="test01" time="0.000"/>
  <system-out/>
  <testcase classname="cs.utec.edu.pe.Lab01Test" name="test01" time="0.000"/>
  <system-out/>
  <testcase classname="cs.utec.edu.pe.Lab01Test" name="test01" time="0.000"/>
  <system-out/>
  <testcase classname="cs.utec.edu.pe.Lab01Test" name="test01" time="0.000"/>
  <system-out/>
  <testcase classname="cs.utec.edu.pe.Lab01Test" name="test01" time="0.002"/>
  <system-out/>
  <testcase classname="cs.utec.edu.pe.Lab01Test" name="test01" time="0.006"/>
  <system-out/>
  <testcase classname="cs.utec.edu.pe.Lab01Test" name="test01" time="0.001"/>
  <system-out/>
  <testcase classname="cs.utec.edu.pe.Lab01Test" name="test01" time="0.001"/>
  <system-out/>
  <testcase classname="cs.utec.edu.pe.Lab01Test" name="test01" time="0.002"/>
  <system-out/>
  <testcase classname="cs.utec.edu.pe.Lab01Test" name="test01" time="0.001"/>
  <system-out/>
  <testcase classname="cs.utec.edu.pe.Lab01Test" name="test01" time="0.021"/>
  <system-out/>
  <testcase classname="cs.utec.edu.pe.Lab01Test" name="test01" time="0.000"/>
  <system-out/>
  <testcase classname="cs.utec.edu.pe.Lab01Test" name="test01" time="0.000"/>
  <system-out/>
  <testcase classname="cs.utec.edu.pe.Lab01Test" name="test01" time="0.000"/>
  <system-out/>
  <testcase classname="cs.utec.edu.pe.Lab01Test" name="test01" time="0.000"/>
  <system-out/>
  <testcase classname="cs.utec.edu.pe.Lab01Test" name="test01" time="0.003"/>
  <system-out/>
  <testcase classname="cs.utec.edu.pe.Lab01Test" name="test01" time="0.005"/>
  <system-out/>
  <testcase classname="cs.utec.edu.pe.Lab01Test" name="test01" time="0.000"/>
  <system-out/>
  <testcase classname="cs.utec.edu.pe.Lab01Test" name="test01" time="0.021"/>
  <system-out/>
  <testcase classname="cs.utec.edu.pe.Lab01Test" name="test01" time="0.001"/>
  <system-out/>
  <testcase classname="cs.utec.edu.pe.Lab01Test" name="test01" time="0.023"/>
  <system-out/>
  <testcase classname="cs.utec.edu.pe.Lab01Test" name="test01" time="0.000"/>
  <system-out/>
  <testcase classname="cs.utec.edu.pe.Lab01Test" name="test01" time="0.000"/>
  <system-out/>
  <testcase classname="cs.utec.edu.pe.Lab01Test" name="test01" time="0.000"/>
  <system-out/>
  <testcase classname="cs.utec.edu.pe.Lab01Test" name="test01" time="0.000"/>
  <system-out/>
  <testcase classname="cs.utec.edu.pe.Lab01Test" name="test01" time="0.001"/>
  <system-out/>
  <testcase classname="cs.utec.edu.pe.Lab01Test" name="test01" time="0.001"/>
  <system-out/>
  <testcase classname="cs.utec.edu.pe.Lab01Test" name="test01" time="0.006"/>
  <system-out/>
  <testcase classname="cs.utec.edu.pe.Lab01Test" name="test01" time="0.001"/>
  <system-out/>
  <testcase classname="cs.utec.edu.pe.Lab01Test" name="test01" time="0.000"/>
  <system-out/>
  <testcase classname="cs.utec.edu.pe.Lab01Test" name="test01" time="0.000"/>
  <system-out/>
  <testcase classname="cs.utec.edu.pe.Lab01Test" name="test01" time="0.000"/>
  <system-out/>
  <testcase classname="cs.utec.edu.pe.Lab01Test" name="test01" time="0.003"/>
  <system-out/>
  <testcase classname="cs.utec.edu.pe.Lab01Test" name="test01" time="0.008"/>
  <system-out/>
  <testcase classname="cs.utec.edu.pe.Lab01Test" name="test01" time="0.011"/>
  <system-out/>
  <testcase classname="cs.utec.edu.pe.Lab01Test" name="test01" time="0.021"/>
  <system-out/>
  <testcase classname="cs.utec.edu.pe.Lab01Test" name="test01" time="0.000"/>
  <system-out/>
  <testcase classname="cs.utec.edu.pe.Lab01Test" name="test01" time="0.010"/>
  <system-out/>
  <testcase classname="cs.utec.edu.pe.Lab01Test" name="test01" time="0.000"/>
  <system-out/>
  <testcase classname="cs.utec.edu.pe.Lab01Test" name="test01" time="0.000"/>
  <system-out/>
  <testcase classname="cs.utec.edu.pe.Lab01Test" name="test01" time="0.000"/>
  <system-out/>
  <testcase classname="cs.utec.edu.pe.Lab01Test" name="test01" time="0.000"/>
  <system-out/>
  <testcase classname="cs.utec.edu.pe.Lab01Test" name="test01" time="0.012"/>
  <system-out/>
  <testcase classname="cs.utec.edu.pe.Lab01Test" name="test01" time="0.000"/>
  <system-out/>
  <testcase classname="cs.utec.edu.pe.Lab01Test" name="test01" time="0.000"/>
  <system-out/>
  <testcase classname="cs.utec.edu.pe.Lab01Test" name="test01" time="0.000"/>
  <system-out/>
  <testcase classname="cs.utec.edu.pe.Lab01Test" name="test01" time="0.002"/>
  <system-out/>
  <testcase classname="cs.utec.edu.pe.Lab01Test" name="test01" time="0.002"/>
  <system-out/>
  <testcase classname="cs.utec.edu.pe.Lab01Test" name="test01" time="0.000"/>
  <system-out/>
  <testcase classname="cs.utec.edu.pe.Lab01Test" name="test01" time="0.000"/>
  <system-out/>
  <testcase classname="cs.utec.edu.pe.Lab01Test" name="test01" time="0.000"/>
  <system-out/>
  <testcase classname="cs.utec.edu.pe.Lab01Test" name="test01" time="0.000"/>
  <system-out/>
  <testcase classname="cs.utec.edu.pe.Lab01Test" name="test01" time="0.001"/>
  <system-out/>
  <testcase classname="cs.utec.edu.pe.Lab01Test" name="test01" time="0.004"/>
  <system-out/>
  <testcase classname="cs.utec.edu.pe.Lab01Test" name="test01" time="0.022"/>
  <system-out/>
  <testcase classname="cs.utec.edu.pe.Lab01Test" name="test01" time="0.021"/>
  <system-out/>
  <testcase classname="cs.utec.edu.pe.Lab01Test" name="test01" time="0.021"/>
  <system-out/>
  <testcase classname="cs.utec.edu.pe.Lab01Test" name="test01" time="0.000"/>
  <system-out/>
  <testcase classname="cs.utec.edu.pe.Lab01Test" name="test01" time="0.000"/>
  <system-out/>
  <testcase classname="cs.utec.edu.pe.Lab01Test" name="test01" time="0.003"/>
  <system-out/>
  <testcase classname="cs.utec.edu.pe.Lab01Test" name="test01" time="0.023"/>
  <system-out/>
  <testcase classname="cs.utec.edu.pe.Lab01Test" name="test01" time="0.000"/>
  <system-out/>
  <testcase classname="cs.utec.edu.pe.Lab01Test" name="test01" time="0.000"/>
  <system-out/>
  <testcase classname="cs.utec.edu.pe.Lab01Test" name="test01" time="0.014"/>
  <system-out/>
  <testcase classname="cs.utec.edu.pe.Lab01Test" name="test01" time="0.000"/>
  <system-out/>
  <testcase classname="cs.utec.edu.pe.Lab01Test" name="test01" time="0.000"/>
  <system-out/>
  <testcase classname="cs.utec.edu.pe.Lab01Test" name="test01" time="0.008"/>
  <system-out/>
  <testcase classname="cs.utec.edu.pe.Lab01Test" name="test01" time="0.000"/>
  <system-out/>
  <testcase classname="cs.utec.edu.pe.Lab01Test" name="test01" time="0.014"/>
  <system-out/>
  <testcase classname="cs.utec.edu.pe.Lab01Test" name="test01" time="0.000"/>
  <system-out/>
  <testcase classname="cs.utec.edu.pe.Lab01Test" name="test01" time="0.000"/>
  <system-out/>
  <testcase classname="cs.utec.edu.pe.Lab01Test" name="test01" time="0.011"/>
  <system-out/>
  <testcase classname="cs.utec.edu.pe.Lab01Test" name="test01" time="0.004"/>
  <system-out/>
  <testcase classname="cs.utec.edu.pe.Lab01Test" name="test01" time="0.003"/>
  <system-out/>
  <testcase classname="cs.utec.edu.pe.Lab01Test" name="test01" time="0.000"/>
  <system-out/>
  <testcase classname="cs.utec.edu.pe.Lab01Test" name="test01" time="0.000"/>
  <system-out/>
  <testcase classname="cs.utec.edu.pe.Lab01Test" name="test01" time="0.005"/>
  <system-out/>
  <testcase classname="cs.utec.edu.pe.Lab01Test" name="test01" time="0.011"/>
  <system-out/>
  <testcase classname="cs.utec.edu.pe.Lab01Test" name="test01" time="0.000"/>
  <system-out/>
  <testcase classname="cs.utec.edu.pe.Lab01Test" name="test01" time="0.022"/>
  <system-out/>
  <testcase classname="cs.utec.edu.pe.Lab01Test" name="test01" time="0.000"/>
  <system-out/>
  <testcase classname="cs.utec.edu.pe.Lab01Test" name="test01" time="0.000"/>
  <system-out/>
  <testcase classname="cs.utec.edu.pe.Lab01Test" name="test01" time="0.000"/>
  <system-out/>
  <testcase classname="cs.utec.edu.pe.Lab01Test" name="test01" time="0.021"/>
  <system-out/>
  <testcase classname="cs.utec.edu.pe.Lab01Test" name="test01" time="0.003"/>
  <system-out/>
  <testcase classname="cs.utec.edu.pe.Lab01Test" name="test01" time="0.000"/>
  <system-out/>
  <testcase classname="cs.utec.edu.pe.Lab01Test" name="test01" time="0.002"/>
  <system-out/>
  <testcase classname="cs.utec.edu.pe.Lab01Test" name="test01" time="0.000"/>
  <system-out/>
  <testcase classname="cs.utec.edu.pe.Lab01Test" name="test01" time="0.005"/>
  <system-out/>
  <testcase classname="cs.utec.edu.pe.Lab01Test" name="test01" time="0.000"/>
  <system-out/>
  <testcase classname="cs.utec.edu.pe.Lab01Test" name="test01" time="0.000"/>
  <system-out/>
  <testcase classname="cs.utec.edu.pe.Lab01Test" name="test01" time="0.001"/>
  <system-out/>
  <testcase classname="cs.utec.edu.pe.Lab01Test" name="test01" time="0.022"/>
  <system-out/>
  <testcase classname="cs.utec.edu.pe.Lab01Test" name="test01" time="0.008"/>
  <system-out/>
  <testcase classname="cs.utec.edu.pe.Lab01Test" name="test01" time="0.000"/>
  <system-out/>
  <testcase classname="cs.utec.edu.pe.Lab01Test" name="test01" time="0.005"/>
  <system-out/>
  <testcase classname="cs.utec.edu.pe.Lab01Test" name="test01" time="0.001"/>
  <system-out/>
  <testcase classname="cs.utec.edu.pe.Lab01Test" name="test01" time="0.000"/>
  <system-out/>
  <testcase classname="cs.utec.edu.pe.Lab01Test" name="test01" time="0.000"/>
  <system-out/>
  <testcase classname="cs.utec.edu.pe.Lab01Test" name="test01" time="0.000"/>
  <system-out/>
  <testcase classname="cs.utec.edu.pe.Lab01Test" name="test01" time="0.002"/>
  <system-out/>
  <testcase classname="cs.utec.edu.pe.Lab01Test" name="test01" time="0.000"/>
  <system-out/>
  <testcase classname="cs.utec.edu.pe.Lab01Test" name="test01" time="0.000"/>
  <system-out/>
  <testcase classname="cs.utec.edu.pe.Lab01Test" name="test01" time="0.000"/>
  <system-out/>
  <testcase classname="cs.utec.edu.pe.Lab01Test" name="test01" time="0.000"/>
  <system-out/>
  <testcase classname="cs.utec.edu.pe.Lab01Test" name="test01" time="0.006"/>
  <system-out/>
  <testcase classname="cs.utec.edu.pe.Lab01Test" name="test01" time="0.005"/>
  <system-out/>
  <testcase classname="cs.utec.edu.pe.Lab01Test" name="test01" time="0.022"/>
  <system-out/>
  <testcase classname="cs.utec.edu.pe.Lab01Test" name="test01" time="0.021"/>
  <system-out/>
  <testcase classname="cs.utec.edu.pe.Lab01Test" name="test01" time="0.000"/>
  <system-out/>
  <testcase classname="cs.utec.edu.pe.Lab01Test" name="test01" time="0.000"/>
  <system-out/>
  <testcase classname="cs.utec.edu.pe.Lab01Test" name="test01" time="0.005"/>
  <system-out/>
  <testcase classname="cs.utec.edu.pe.Lab01Test" name="test01" time="0.022"/>
  <system-out/>
  <testcase classname="cs.utec.edu.pe.Lab01Test" name="test01" time="0.000"/>
  <system-out/>
  <testcase classname="cs.utec.edu.pe.Lab01Test" name="test01" time="0.021"/>
  <system-out/>
  <testcase classname="cs.utec.edu.pe.Lab01Test" name="test01" time="0.000"/>
  <system-out/>
  <testcase classname="cs.utec.edu.pe.Lab01Test" name="test01" time="0.002"/>
  <system-out/>
  <testcase classname="cs.utec.edu.pe.Lab01Test" name="test01" time="0.005"/>
  <system-out/>
  <testcase classname="cs.utec.edu.pe.Lab01Test" name="test01" time="0.000"/>
  <system-out/>
  <testcase classname="cs.utec.edu.pe.Lab01Test" name="test01" time="0.004"/>
  <system-out/>
  <testcase classname="cs.utec.edu.pe.Lab01Test" name="test01" time="0.000"/>
  <system-out/>
  <testcase classname="cs.utec.edu.pe.Lab01Test" name="test01" time="0.022"/>
  <system-out/>
  <testcase classname="cs.utec.edu.pe.Lab01Test" name="test01" time="0.001"/>
  <system-out/>
  <testcase classname="cs.utec.edu.pe.Lab01Test" name="test01" time="0.000"/>
  <system-out/>
  <testcase classname="cs.utec.edu.pe.Lab01Test" name="test01" time="0.001"/>
  <system-out/>
  <testcase classname="cs.utec.edu.pe.Lab01Test" name="test01" time="0.000"/>
  <system-out/>
  <testcase classname="cs.utec.edu.pe.Lab01Test" name="test01" time="0.000"/>
  <system-out/>
  <testcase classname="cs.utec.edu.pe.Lab01Test" name="test01" time="0.000"/>
  <system-out/>
  <testcase classname="cs.utec.edu.pe.Lab01Test" name="test01" time="0.000"/>
  <system-out/>
  <testcase classname="cs.utec.edu.pe.Lab01Test" name="test01" time="0.000"/>
  <system-out/>
  <testcase classname="cs.utec.edu.pe.Lab01Test" name="test01" time="0.005"/>
  <system-out/>
  <testcase classname="cs.utec.edu.pe.Lab01Test" name="test01" time="0.000"/>
  <system-out/>
  <testcase classname="cs.utec.edu.pe.Lab01Test" name="test01" time="0.000"/>
  <system-out/>
  <testcase classname="cs.utec.edu.pe.Lab01Test" name="test01" time="0.003"/>
  <system-out/>
  <testcase classname="cs.utec.edu.pe.Lab01Test" name="test01" time="0.000"/>
  <system-out/>
  <testcase classname="cs.utec.edu.pe.Lab01Test" name="test01" time="0.000"/>
  <system-out/>
  <testcase classname="cs.utec.edu.pe.Lab01Test" name="test01" time="0.000"/>
  <system-out/>
  <testcase classname="cs.utec.edu.pe.Lab01Test" name="test01" time="0.003"/>
  <system-out/>
  <testcase classname="cs.utec.edu.pe.Lab01Test" name="test01" time="0.001"/>
  <system-out/>
  <testcase classname="cs.utec.edu.pe.Lab01Test" name="test01" time="0.009"/>
  <system-out/>
  <testcase classname="cs.utec.edu.pe.Lab01Test" name="test01" time="0.000"/>
  <system-out/>
  <testcase classname="cs.utec.edu.pe.Lab01Test" name="test01" time="0.020"/>
  <system-out/>
  <testcase classname="cs.utec.edu.pe.Lab01Test" name="test01" time="0.001"/>
  <system-out/>
  <testcase classname="cs.utec.edu.pe.Lab01Test" name="test01" time="0.000"/>
  <system-out/>
  <testcase classname="cs.utec.edu.pe.Lab01Test" name="test01" time="0.003"/>
  <system-out/>
  <testcase classname="cs.utec.edu.pe.Lab01Test" name="test01" time="0.005"/>
  <system-out/>
  <testcase classname="cs.utec.edu.pe.Lab01Test" name="test01" time="0.006"/>
  <system-out/>
  <testcase classname="cs.utec.edu.pe.Lab01Test" name="test01" time="0.000"/>
  <system-out/>
  <testcase classname="cs.utec.edu.pe.Lab01Test" name="test01" time="0.005"/>
  <system-out/>
  <testcase classname="cs.utec.edu.pe.Lab01Test" name="test01" time="0.005"/>
  <system-out/>
  <testcase classname="cs.utec.edu.pe.Lab01Test" name="test01" time="0.000"/>
  <system-out/>
  <testcase classname="cs.utec.edu.pe.Lab01Test" name="test01" time="0.007"/>
  <system-out/>
  <testcase classname="cs.utec.edu.pe.Lab01Test" name="test01" time="0.002"/>
  <system-out/>
  <testcase classname="cs.utec.edu.pe.Lab01Test" name="test01" time="0.000"/>
  <system-out/>
  <testcase classname="cs.utec.edu.pe.Lab01Test" name="test01" time="0.004"/>
  <system-out/>
  <testcase classname="cs.utec.edu.pe.Lab01Test" name="test01" time="0.000"/>
  <system-out/>
  <testcase classname="cs.utec.edu.pe.Lab01Test" name="test01" time="0.008"/>
  <system-out/>
  <testcase classname="cs.utec.edu.pe.Lab01Test" name="test01" time="0.000"/>
  <system-out/>
  <testcase classname="cs.utec.edu.pe.Lab01Test" name="test01" time="0.000"/>
  <system-out/>
  <testcase classname="cs.utec.edu.pe.Lab01Test" name="test01" time="0.003"/>
  <system-out/>
  <testcase classname="cs.utec.edu.pe.Lab01Test" name="test01" time="0.000"/>
  <system-out/>
  <testcase classname="cs.utec.edu.pe.Lab01Test" name="test01" time="0.001"/>
  <system-out/>
  <testcase classname="cs.utec.edu.pe.Lab01Test" name="test01" time="0.007"/>
  <system-out/>
  <testcase classname="cs.utec.edu.pe.Lab01Test" name="test01" time="0.001"/>
  <system-out/>
  <testcase classname="cs.utec.edu.pe.Lab01Test" name="test01" time="0.003"/>
  <system-out/>
  <testcase classname="cs.utec.edu.pe.Lab01Test" name="test01" time="0.000"/>
  <system-out/>
  <testcase classname="cs.utec.edu.pe.Lab01Test" name="test01" time="0.021"/>
  <system-out/>
  <testcase classname="cs.utec.edu.pe.Lab01Test" name="test01" time="0.002"/>
  <system-out/>
  <testcase classname="cs.utec.edu.pe.Lab01Test" name="test01" time="0.000"/>
  <system-out/>
  <testcase classname="cs.utec.edu.pe.Lab01Test" name="test01" time="0.000"/>
  <system-out/>
  <testcase classname="cs.utec.edu.pe.Lab01Test" name="test01" time="0.000"/>
  <system-out/>
  <testcase classname="cs.utec.edu.pe.Lab01Test" name="test01" time="0.001"/>
  <system-out/>
  <testcase classname="cs.utec.edu.pe.Lab01Test" name="test01" time="0.000"/>
  <system-out/>
  <testcase classname="cs.utec.edu.pe.Lab01Test" name="test01" time="0.000"/>
  <system-out/>
  <testcase classname="cs.utec.edu.pe.Lab01Test" name="test01" time="0.004"/>
  <system-out/>
  <testcase classname="cs.utec.edu.pe.Lab01Test" name="test01" time="0.000"/>
  <system-out/>
  <testcase classname="cs.utec.edu.pe.Lab01Test" name="test01" time="0.002"/>
  <system-out/>
  <testcase classname="cs.utec.edu.pe.Lab01Test" name="test01" time="0.000"/>
  <system-out/>
  <testcase classname="cs.utec.edu.pe.Lab01Test" name="test01" time="0.000"/>
  <system-out/>
  <testcase classname="cs.utec.edu.pe.Lab01Test" name="test01" time="0.000"/>
  <system-out/>
  <testcase classname="cs.utec.edu.pe.Lab01Test" name="test01" time="0.000"/>
  <system-out/>
  <testcase classname="cs.utec.edu.pe.Lab01Test" name="test01" time="0.000"/>
  <system-out/>
  <testcase classname="cs.utec.edu.pe.Lab01Test" name="test01" time="0.002"/>
  <system-out/>
  <testcase classname="cs.utec.edu.pe.Lab01Test" name="test01" time="0.004"/>
  <system-out/>
  <testcase classname="cs.utec.edu.pe.Lab01Test" name="test01" time="0.000"/>
  <system-out/>
  <testcase classname="cs.utec.edu.pe.Lab01Test" name="test01" time="0.000"/>
  <system-out/>
  <testcase classname="cs.utec.edu.pe.Lab01Test" name="test01" time="0.000"/>
  <system-out/>
  <testcase classname="cs.utec.edu.pe.Lab01Test" name="test01" time="0.000"/>
  <system-out/>
  <testcase classname="cs.utec.edu.pe.Lab01Test" name="test01" time="0.020"/>
  <system-out/>
  <testcase classname="cs.utec.edu.pe.Lab01Test" name="test01" time="0.009"/>
  <system-out/>
  <testcase classname="cs.utec.edu.pe.Lab01Test" name="test01" time="0.000"/>
  <system-out/>
  <testcase classname="cs.utec.edu.pe.Lab01Test" name="test01" time="0.000"/>
  <system-out/>
  <testcase classname="cs.utec.edu.pe.Lab01Test" name="test01" time="0.000"/>
  <system-out/>
  <testcase classname="cs.utec.edu.pe.Lab01Test" name="test01" time="0.000"/>
  <system-out/>
  <testcase classname="cs.utec.edu.pe.Lab01Test" name="test01" time="0.008"/>
  <system-out/>
  <testcase classname="cs.utec.edu.pe.Lab01Test" name="test01" time="0.000"/>
  <system-out/>
  <testcase classname="cs.utec.edu.pe.Lab01Test" name="test01" time="0.000"/>
  <system-out/>
  <testcase classname="cs.utec.edu.pe.Lab01Test" name="test01" time="0.000"/>
  <system-out/>
  <testcase classname="cs.utec.edu.pe.Lab01Test" name="test01" time="0.000"/>
  <system-out/>
  <testcase classname="cs.utec.edu.pe.Lab01Test" name="test01" time="0.000"/>
  <system-out/>
  <testcase classname="cs.utec.edu.pe.Lab01Test" name="test01" time="0.000"/>
  <system-out/>
  <testcase classname="cs.utec.edu.pe.Lab01Test" name="test01" time="0.007"/>
  <system-out/>
  <testcase classname="cs.utec.edu.pe.Lab01Test" name="test01" time="0.000"/>
  <system-out/>
  <testcase classname="cs.utec.edu.pe.Lab01Test" name="test01" time="0.000"/>
  <system-out/>
  <testcase classname="cs.utec.edu.pe.Lab01Test" name="test01" time="0.002"/>
  <system-out/>
  <testcase classname="cs.utec.edu.pe.Lab01Test" name="test01" time="0.000"/>
  <system-out/>
  <testcase classname="cs.utec.edu.pe.Lab01Test" name="test01" time="0.021"/>
  <system-out/>
  <testcase classname="cs.utec.edu.pe.Lab01Test" name="test01" time="0.001"/>
  <system-out/>
  <testcase classname="cs.utec.edu.pe.Lab01Test" name="test01" time="0.012"/>
  <system-out/>
  <testcase classname="cs.utec.edu.pe.Lab01Test" name="test01" time="0.000"/>
  <system-out/>
  <testcase classname="cs.utec.edu.pe.Lab01Test" name="test01" time="0.001"/>
  <system-out/>
  <testcase classname="cs.utec.edu.pe.Lab01Test" name="test01" time="0.000"/>
  <system-out/>
  <testcase classname="cs.utec.edu.pe.Lab01Test" name="test01" time="0.011"/>
  <system-out/>
  <testcase classname="cs.utec.edu.pe.Lab01Test" name="test01" time="0.000"/>
  <system-out/>
  <testcase classname="cs.utec.edu.pe.Lab01Test" name="test01" time="0.002"/>
  <system-out/>
  <testcase classname="cs.utec.edu.pe.Lab01Test" name="test01" time="0.000"/>
  <system-out/>
  <testcase classname="cs.utec.edu.pe.Lab01Test" name="test01" time="0.000"/>
  <system-out/>
  <testcase classname="cs.utec.edu.pe.Lab01Test" name="test01" time="0.000"/>
  <system-out/>
  <testcase classname="cs.utec.edu.pe.Lab01Test" name="test01" time="0.022"/>
  <system-out/>
  <testcase classname="cs.utec.edu.pe.Lab01Test" name="test01" time="0.000"/>
  <system-out/>
  <testcase classname="cs.utec.edu.pe.Lab01Test" name="test01" time="0.000"/>
  <system-out/>
  <testcase classname="cs.utec.edu.pe.Lab01Test" name="test01" time="0.000"/>
  <system-out/>
  <testcase classname="cs.utec.edu.pe.Lab01Test" name="test01" time="0.000"/>
  <system-out/>
  <testcase classname="cs.utec.edu.pe.Lab01Test" name="test01" time="0.003"/>
  <system-out/>
  <testcase classname="cs.utec.edu.pe.Lab01Test" name="test01" time="0.000"/>
  <system-out/>
  <testcase classname="cs.utec.edu.pe.Lab01Test" name="test01" time="0.000"/>
  <system-out/>
  <testcase classname="cs.utec.edu.pe.Lab01Test" name="test01" time="0.006"/>
  <system-out/>
  <testcase classname="cs.utec.edu.pe.Lab01Test" name="test01" time="0.000"/>
  <system-out/>
  <testcase classname="cs.utec.edu.pe.Lab01Test" name="test01" time="0.010"/>
  <system-out/>
  <testcase classname="cs.utec.edu.pe.Lab01Test" name="test01" time="0.000"/>
  <system-out/>
  <testcase classname="cs.utec.edu.pe.Lab01Test" name="test01" time="0.009"/>
  <system-out/>
  <testcase classname="cs.utec.edu.pe.Lab01Test" name="test01" time="0.005"/>
  <system-out/>
  <testcase classname="cs.utec.edu.pe.Lab01Test" name="test01" time="0.000"/>
  <system-out/>
  <testcase classname="cs.utec.edu.pe.Lab01Test" name="test01" time="0.005"/>
  <system-out/>
  <testcase classname="cs.utec.edu.pe.Lab01Test" name="test01" time="0.000"/>
  <system-out/>
  <testcase classname="cs.utec.edu.pe.Lab01Test" name="test01" time="0.004"/>
  <system-out/>
  <testcase classname="cs.utec.edu.pe.Lab01Test" name="test01" time="0.000"/>
  <system-out/>
  <testcase classname="cs.utec.edu.pe.Lab01Test" name="test01" time="0.000"/>
  <system-out/>
  <testcase classname="cs.utec.edu.pe.Lab01Test" name="test01" time="0.003"/>
  <system-out/>
  <testcase classname="cs.utec.edu.pe.Lab01Test" name="test01" time="0.000"/>
  <system-out/>
  <testcase classname="cs.utec.edu.pe.Lab01Test" name="test01" time="0.010"/>
  <system-out/>
  <testcase classname="cs.utec.edu.pe.Lab01Test" name="test01" time="0.003"/>
  <system-out/>
  <testcase classname="cs.utec.edu.pe.Lab01Test" name="test01" time="0.000"/>
  <system-out/>
  <testcase classname="cs.utec.edu.pe.Lab01Test" name="test01" time="0.020"/>
  <system-out/>
  <testcase classname="cs.utec.edu.pe.Lab01Test" name="test01" time="0.000"/>
  <system-out/>
  <testcase classname="cs.utec.edu.pe.Lab01Test" name="test01" time="0.000"/>
  <system-out/>
  <testcase classname="cs.utec.edu.pe.Lab01Test" name="test01" time="0.000"/>
  <system-out/>
  <testcase classname="cs.utec.edu.pe.Lab01Test" name="test01" time="0.000"/>
  <system-out/>
  <testcase classname="cs.utec.edu.pe.Lab01Test" name="test01" time="0.000"/>
  <system-out/>
  <testcase classname="cs.utec.edu.pe.Lab01Test" name="test01" time="0.022"/>
  <system-out/>
  <testcase classname="cs.utec.edu.pe.Lab01Test" name="test01" time="0.000"/>
  <system-out/>
  <testcase classname="cs.utec.edu.pe.Lab01Test" name="test01" time="0.000"/>
  <system-out/>
  <testcase classname="cs.utec.edu.pe.Lab01Test" name="test01" time="0.000"/>
  <system-out/>
  <testcase classname="cs.utec.edu.pe.Lab01Test" name="test01" time="0.000"/>
  <system-out/>
  <testcase classname="cs.utec.edu.pe.Lab01Test" name="test01" time="0.000"/>
  <system-out/>
  <testcase classname="cs.utec.edu.pe.Lab01Test" name="test01" time="0.000"/>
  <system-out/>
  <testcase classname="cs.utec.edu.pe.Lab01Test" name="test01" time="0.021"/>
  <system-out/>
  <testcase classname="cs.utec.edu.pe.Lab01Test" name="test01" time="0.001"/>
  <system-out/>
  <testcase classname="cs.utec.edu.pe.Lab01Test" name="test01" time="0.020"/>
  <system-out/>
  <testcase classname="cs.utec.edu.pe.Lab01Test" name="test01" time="0.021"/>
  <system-out/>
  <testcase classname="cs.utec.edu.pe.Lab01Test" name="test01" time="0.010"/>
  <system-out/>
  <testcase classname="cs.utec.edu.pe.Lab01Test" name="test01" time="0.001"/>
  <system-out/>
  <testcase classname="cs.utec.edu.pe.Lab01Test" name="test01" time="0.003"/>
  <system-out/>
  <testcase classname="cs.utec.edu.pe.Lab01Test" name="test01" time="0.010"/>
  <system-out/>
  <testcase classname="cs.utec.edu.pe.Lab01Test" name="test01" time="0.000"/>
  <system-out/>
  <testcase classname="cs.utec.edu.pe.Lab01Test" name="test01" time="0.000"/>
  <system-out/>
  <testcase classname="cs.utec.edu.pe.Lab01Test" name="test01" time="0.000"/>
  <system-out/>
  <testcase classname="cs.utec.edu.pe.Lab01Test" name="test01" time="0.000"/>
  <system-out/>
  <testcase classname="cs.utec.edu.pe.Lab01Test" name="test01" time="0.021"/>
  <system-out/>
  <testcase classname="cs.utec.edu.pe.Lab01Test" name="test01" time="0.000"/>
  <system-out/>
  <testcase classname="cs.utec.edu.pe.Lab01Test" name="test01" time="0.000"/>
  <system-out/>
  <testcase classname="cs.utec.edu.pe.Lab01Test" name="test01" time="0.000"/>
  <system-out/>
  <testcase classname="cs.utec.edu.pe.Lab01Test" name="test01" time="0.000"/>
  <system-out/>
  <testcase classname="cs.utec.edu.pe.Lab01Test" name="test01" time="0.014"/>
  <system-out/>
  <testcase classname="cs.utec.edu.pe.Lab01Test" name="test01" time="0.000"/>
  <system-out/>
  <testcase classname="cs.utec.edu.pe.Lab01Test" name="test01" time="0.008"/>
  <system-out/>
  <testcase classname="cs.utec.edu.pe.Lab01Test" name="test01" time="0.000"/>
  <system-out/>
  <testcase classname="cs.utec.edu.pe.Lab01Test" name="test01" time="0.000"/>
  <system-out/>
  <testcase classname="cs.utec.edu.pe.Lab01Test" name="test01" time="0.001"/>
  <system-out/>
  <testcase classname="cs.utec.edu.pe.Lab01Test" name="test01" time="0.000"/>
  <system-out/>
  <testcase classname="cs.utec.edu.pe.Lab01Test" name="test01" time="0.000"/>
  <system-out/>
  <testcase classname="cs.utec.edu.pe.Lab01Test" name="test01" time="0.009"/>
  <system-out/>
  <testcase classname="cs.utec.edu.pe.Lab01Test" name="test01" time="0.000"/>
  <system-out/>
  <testcase classname="cs.utec.edu.pe.Lab01Test" name="test01" time="0.000"/>
  <system-out/>
  <testcase classname="cs.utec.edu.pe.Lab01Test" name="test01" time="0.000"/>
  <system-out/>
  <testcase classname="cs.utec.edu.pe.Lab01Test" name="test01" time="0.000"/>
  <system-out/>
  <testcase classname="cs.utec.edu.pe.Lab01Test" name="test01" time="0.002"/>
  <system-out/>
  <testcase classname="cs.utec.edu.pe.Lab01Test" name="test01" time="0.000"/>
  <system-out/>
  <testcase classname="cs.utec.edu.pe.Lab01Test" name="test01" time="0.000"/>
  <system-out/>
  <testcase classname="cs.utec.edu.pe.Lab01Test" name="test01" time="0.000"/>
  <system-out/>
  <testcase classname="cs.utec.edu.pe.Lab01Test" name="test01" time="0.000"/>
  <system-out/>
  <testcase classname="cs.utec.edu.pe.Lab01Test" name="test01" time="0.000"/>
  <system-out/>
  <testcase classname="cs.utec.edu.pe.Lab01Test" name="test01" time="0.001"/>
  <system-out/>
  <testcase classname="cs.utec.edu.pe.Lab01Test" name="test01" time="0.000"/>
  <system-out/>
  <testcase classname="cs.utec.edu.pe.Lab01Test" name="test01" time="0.000"/>
  <system-out/>
  <testcase classname="cs.utec.edu.pe.Lab01Test" name="test01" time="0.011"/>
  <system-out/>
  <testcase classname="cs.utec.edu.pe.Lab01Test" name="test01" time="0.001"/>
  <system-out/>
  <testcase classname="cs.utec.edu.pe.Lab01Test" name="test01" time="0.000"/>
  <system-out/>
  <testcase classname="cs.utec.edu.pe.Lab01Test" name="test01" time="0.000"/>
  <system-out/>
  <testcase classname="cs.utec.edu.pe.Lab01Test" name="test01" time="0.000"/>
  <system-out/>
  <testcase classname="cs.utec.edu.pe.Lab01Test" name="test01" time="0.000"/>
  <system-out/>
  <testcase classname="cs.utec.edu.pe.Lab01Test" name="test01" time="0.008"/>
  <system-out/>
  <testcase classname="cs.utec.edu.pe.Lab01Test" name="test01" time="0.000"/>
  <system-out/>
  <testcase classname="cs.utec.edu.pe.Lab01Test" name="test01" time="0.000"/>
  <system-out/>
  <testcase classname="cs.utec.edu.pe.Lab01Test" name="test01" time="0.000"/>
  <system-out/>
  <testcase classname="cs.utec.edu.pe.Lab01Test" name="test01" time="0.000"/>
  <system-out/>
  <testcase classname="cs.utec.edu.pe.Lab01Test" name="test01" time="0.004"/>
  <system-out/>
  <testcase classname="cs.utec.edu.pe.Lab01Test" name="test01" time="0.000"/>
  <system-out/>
  <testcase classname="cs.utec.edu.pe.Lab01Test" name="test01" time="0.000"/>
  <system-out/>
  <testcase classname="cs.utec.edu.pe.Lab01Test" name="test01" time="0.002"/>
  <system-out/>
  <testcase classname="cs.utec.edu.pe.Lab01Test" name="test01" time="0.000"/>
  <system-out/>
  <testcase classname="cs.utec.edu.pe.Lab01Test" name="test01" time="0.000"/>
  <system-out/>
  <testcase classname="cs.utec.edu.pe.Lab01Test" name="test01" time="0.005"/>
  <system-out/>
  <testcase classname="cs.utec.edu.pe.Lab01Test" name="test01" time="0.003"/>
  <system-out/>
  <testcase classname="cs.utec.edu.pe.Lab01Test" name="test01" time="0.003"/>
  <system-out/>
  <testcase classname="cs.utec.edu.pe.Lab01Test" name="test01" time="0.000"/>
  <system-out/>
  <testcase classname="cs.utec.edu.pe.Lab01Test" name="test01" time="0.000"/>
  <system-out/>
  <testcase classname="cs.utec.edu.pe.Lab01Test" name="test01" time="0.000"/>
  <system-out/>
  <testcase classname="cs.utec.edu.pe.Lab01Test" name="test01" time="0.000"/>
  <system-out/>
  <testcase classname="cs.utec.edu.pe.Lab01Test" name="test01" time="0.000"/>
  <system-out/>
  <testcase classname="cs.utec.edu.pe.Lab01Test" name="test01" time="0.000"/>
  <system-out/>
  <testcase classname="cs.utec.edu.pe.Lab01Test" name="test01" time="0.000"/>
  <system-out/>
  <testcase classname="cs.utec.edu.pe.Lab01Test" name="test01" time="0.000"/>
  <system-out/>
  <testcase classname="cs.utec.edu.pe.Lab01Test" name="test01" time="0.022"/>
  <system-out/>
  <testcase classname="cs.utec.edu.pe.Lab01Test" name="test01" time="0.017"/>
  <system-out/>
  <testcase classname="cs.utec.edu.pe.Lab01Test" name="test01" time="0.000"/>
  <system-out/>
  <testcase classname="cs.utec.edu.pe.Lab01Test" name="test01" time="0.004"/>
  <system-out/>
  <testcase classname="cs.utec.edu.pe.Lab01Test" name="test01" time="0.000"/>
  <system-out/>
  <testcase classname="cs.utec.edu.pe.Lab01Test" name="test01" time="0.002"/>
  <system-out/>
  <testcase classname="cs.utec.edu.pe.Lab01Test" name="test01" time="0.000"/>
  <system-out/>
  <testcase classname="cs.utec.edu.pe.Lab01Test" name="test01" time="0.000"/>
  <system-out/>
  <testcase classname="cs.utec.edu.pe.Lab01Test" name="test01" time="0.001"/>
  <system-out/>
  <testcase classname="cs.utec.edu.pe.Lab01Test" name="test01" time="0.001"/>
  <system-out/>
  <testcase classname="cs.utec.edu.pe.Lab01Test" name="test01" time="0.000"/>
  <system-out/>
  <testcase classname="cs.utec.edu.pe.Lab01Test" name="test01" time="0.000"/>
  <system-out/>
  <testcase classname="cs.utec.edu.pe.Lab01Test" name="test01" time="0.001"/>
  <system-out/>
  <testcase classname="cs.utec.edu.pe.Lab01Test" name="test01" time="0.000"/>
  <system-out/>
  <testcase classname="cs.utec.edu.pe.Lab01Test" name="test01" time="0.009"/>
  <system-out/>
  <testcase classname="cs.utec.edu.pe.Lab01Test" name="test01" time="0.003"/>
  <system-out/>
  <testcase classname="cs.utec.edu.pe.Lab01Test" name="test01" time="0.003"/>
  <system-out/>
  <testcase classname="cs.utec.edu.pe.Lab01Test" name="test01" time="0.001"/>
  <system-out/>
  <testcase classname="cs.utec.edu.pe.Lab01Test" name="test01" time="0.000"/>
  <system-out/>
  <testcase classname="cs.utec.edu.pe.Lab01Test" name="test01" time="0.000"/>
  <system-out/>
  <testcase classname="cs.utec.edu.pe.Lab01Test" name="test01" time="0.021"/>
  <system-out/>
  <testcase classname="cs.utec.edu.pe.Lab01Test" name="test01" time="0.014"/>
  <system-out/>
  <testcase classname="cs.utec.edu.pe.Lab01Test" name="test01" time="0.021"/>
  <system-out/>
  <testcase classname="cs.utec.edu.pe.Lab01Test" name="test01" time="0.000"/>
  <system-out/>
  <testcase classname="cs.utec.edu.pe.Lab01Test" name="test01" time="0.000"/>
  <system-out/>
  <testcase classname="cs.utec.edu.pe.Lab01Test" name="test01" time="0.003"/>
  <system-out/>
  <testcase classname="cs.utec.edu.pe.Lab01Test" name="test01" time="0.000"/>
  <system-out/>
  <testcase classname="cs.utec.edu.pe.Lab01Test" name="test01" time="0.006"/>
  <system-out/>
  <testcase classname="cs.utec.edu.pe.Lab01Test" name="test01" time="0.006"/>
  <system-out/>
  <testcase classname="cs.utec.edu.pe.Lab01Test" name="test01" time="0.022"/>
  <system-out/>
  <testcase classname="cs.utec.edu.pe.Lab01Test" name="test01" time="0.000"/>
  <system-out/>
  <testcase classname="cs.utec.edu.pe.Lab01Test" name="test01" time="0.000"/>
  <system-out/>
  <testcase classname="cs.utec.edu.pe.Lab01Test" name="test01" time="0.000"/>
  <system-out/>
  <testcase classname="cs.utec.edu.pe.Lab01Test" name="test01" time="0.000"/>
  <system-out/>
  <testcase classname="cs.utec.edu.pe.Lab01Test" name="test01" time="0.000"/>
  <system-out/>
  <testcase classname="cs.utec.edu.pe.Lab01Test" name="test01" time="0.000"/>
  <system-out/>
  <testcase classname="cs.utec.edu.pe.Lab01Test" name="test01" time="0.000"/>
  <system-out/>
  <testcase classname="cs.utec.edu.pe.Lab01Test" name="test01" time="0.000"/>
  <system-out/>
  <testcase classname="cs.utec.edu.pe.Lab01Test" name="test01" time="0.000"/>
  <system-out/>
  <testcase classname="cs.utec.edu.pe.Lab01Test" name="test01" time="0.005"/>
  <system-out/>
  <testcase classname="cs.utec.edu.pe.Lab01Test" name="test01" time="0.000"/>
  <system-out/>
  <testcase classname="cs.utec.edu.pe.Lab01Test" name="test01" time="0.001"/>
  <system-out/>
  <testcase classname="cs.utec.edu.pe.Lab01Test" name="test01" time="0.000"/>
  <system-out/>
  <testcase classname="cs.utec.edu.pe.Lab01Test" name="test01" time="0.003"/>
  <system-out/>
  <testcase classname="cs.utec.edu.pe.Lab01Test" name="test01" time="0.000"/>
  <system-out/>
  <testcase classname="cs.utec.edu.pe.Lab01Test" name="test01" time="0.021"/>
  <system-out/>
  <testcase classname="cs.utec.edu.pe.Lab01Test" name="test01" time="0.021"/>
  <system-out/>
  <testcase classname="cs.utec.edu.pe.Lab01Test" name="test01" time="0.000"/>
  <system-out/>
  <testcase classname="cs.utec.edu.pe.Lab01Test" name="test01" time="0.000"/>
  <system-out/>
  <testcase classname="cs.utec.edu.pe.Lab01Test" name="test01" time="0.000"/>
  <system-out/>
  <testcase classname="cs.utec.edu.pe.Lab01Test" name="test01" time="0.001"/>
  <system-out/>
  <testcase classname="cs.utec.edu.pe.Lab01Test" name="test01" time="0.021"/>
  <system-out/>
  <testcase classname="cs.utec.edu.pe.Lab01Test" name="test01" time="0.000"/>
  <system-out/>
  <testcase classname="cs.utec.edu.pe.Lab01Test" name="test01" time="0.000"/>
  <system-out/>
  <testcase classname="cs.utec.edu.pe.Lab01Test" name="test01" time="0.021"/>
  <system-out/>
  <testcase classname="cs.utec.edu.pe.Lab01Test" name="test01" time="0.022"/>
  <system-out/>
  <testcase classname="cs.utec.edu.pe.Lab01Test" name="test01" time="0.000"/>
  <system-out/>
  <testcase classname="cs.utec.edu.pe.Lab01Test" name="test01" time="0.000"/>
  <system-out/>
  <testcase classname="cs.utec.edu.pe.Lab01Test" name="test01" time="0.000"/>
  <system-out/>
  <testcase classname="cs.utec.edu.pe.Lab01Test" name="test01" time="0.000"/>
  <system-out/>
  <testcase classname="cs.utec.edu.pe.Lab01Test" name="test01" time="0.000"/>
  <system-out/>
  <testcase classname="cs.utec.edu.pe.Lab01Test" name="test01" time="0.000"/>
  <system-out/>
  <testcase classname="cs.utec.edu.pe.Lab01Test" name="test01" time="0.005"/>
  <system-out/>
  <testcase classname="cs.utec.edu.pe.Lab01Test" name="test01" time="0.008"/>
  <system-out/>
  <testcase classname="cs.utec.edu.pe.Lab01Test" name="test01" time="0.012"/>
  <system-out/>
  <testcase classname="cs.utec.edu.pe.Lab01Test" name="test01" time="0.021"/>
  <system-out/>
  <testcase classname="cs.utec.edu.pe.Lab01Test" name="test01" time="0.000"/>
  <system-out/>
  <testcase classname="cs.utec.edu.pe.Lab01Test" name="test01" time="0.000"/>
  <system-out/>
  <testcase classname="cs.utec.edu.pe.Lab01Test" name="test01" time="0.021"/>
  <system-out/>
  <testcase classname="cs.utec.edu.pe.Lab01Test" name="test01" time="0.001"/>
  <system-out/>
  <testcase classname="cs.utec.edu.pe.Lab01Test" name="test01" time="0.000"/>
  <system-out/>
  <testcase classname="cs.utec.edu.pe.Lab01Test" name="test01" time="0.000"/>
  <system-out/>
  <testcase classname="cs.utec.edu.pe.Lab01Test" name="test01" time="0.000"/>
  <system-out/>
  <testcase classname="cs.utec.edu.pe.Lab01Test" name="test01" time="0.000"/>
  <system-out/>
  <testcase classname="cs.utec.edu.pe.Lab01Test" name="test01" time="0.006"/>
  <system-out/>
  <testcase classname="cs.utec.edu.pe.Lab01Test" name="test01" time="0.000"/>
  <system-out/>
  <testcase classname="cs.utec.edu.pe.Lab01Test" name="test01" time="0.000"/>
  <system-out/>
  <testcase classname="cs.utec.edu.pe.Lab01Test" name="test01" time="0.001"/>
  <system-out/>
  <testcase classname="cs.utec.edu.pe.Lab01Test" name="test01" time="0.014"/>
  <system-out/>
  <testcase classname="cs.utec.edu.pe.Lab01Test" name="test01" time="0.006"/>
  <system-out/>
  <testcase classname="cs.utec.edu.pe.Lab01Test" name="test01" time="0.005"/>
  <system-out/>
  <testcase classname="cs.utec.edu.pe.Lab01Test" name="test01" time="0.003"/>
  <system-out/>
  <testcase classname="cs.utec.edu.pe.Lab01Test" name="test01" time="0.000"/>
  <system-out/>
  <testcase classname="cs.utec.edu.pe.Lab01Test" name="test01" time="0.000"/>
  <system-out/>
  <testcase classname="cs.utec.edu.pe.Lab01Test" name="test01" time="0.000"/>
  <system-out/>
  <testcase classname="cs.utec.edu.pe.Lab01Test" name="test01" time="0.002"/>
  <system-out/>
  <testcase classname="cs.utec.edu.pe.Lab01Test" name="test01" time="0.002"/>
  <system-out/>
  <testcase classname="cs.utec.edu.pe.Lab01Test" name="test01" time="0.000"/>
  <system-out/>
  <testcase classname="cs.utec.edu.pe.Lab01Test" name="test01" time="0.000"/>
  <system-out/>
  <testcase classname="cs.utec.edu.pe.Lab01Test" name="test01" time="0.003"/>
  <system-out/>
  <testcase classname="cs.utec.edu.pe.Lab01Test" name="test01" time="0.000"/>
  <system-out/>
  <testcase classname="cs.utec.edu.pe.Lab01Test" name="test01" time="0.000"/>
  <system-out/>
  <testcase classname="cs.utec.edu.pe.Lab01Test" name="test01" time="0.010"/>
  <system-out/>
  <testcase classname="cs.utec.edu.pe.Lab01Test" name="test01" time="0.001"/>
  <system-out/>
  <testcase classname="cs.utec.edu.pe.Lab01Test" name="test01" time="0.003"/>
  <system-out/>
  <testcase classname="cs.utec.edu.pe.Lab01Test" name="test01" time="0.000"/>
  <system-out/>
  <testcase classname="cs.utec.edu.pe.Lab01Test" name="test01" time="0.002"/>
  <system-out/>
  <testcase classname="cs.utec.edu.pe.Lab01Test" name="test01" time="0.000"/>
  <system-out/>
  <testcase classname="cs.utec.edu.pe.Lab01Test" name="test01" time="0.000"/>
  <system-out/>
  <testcase classname="cs.utec.edu.pe.Lab01Test" name="test01" time="0.005"/>
  <system-out/>
  <testcase classname="cs.utec.edu.pe.Lab01Test" name="test01" time="0.000"/>
  <system-out/>
  <testcase classname="cs.utec.edu.pe.Lab01Test" name="test01" time="0.000"/>
  <system-out/>
  <testcase classname="cs.utec.edu.pe.Lab01Test" name="test01" time="0.000"/>
  <system-out/>
  <testcase classname="cs.utec.edu.pe.Lab01Test" name="test01" time="0.000"/>
  <system-out/>
  <testcase classname="cs.utec.edu.pe.Lab01Test" name="test01" time="0.000"/>
  <system-out/>
  <testcase classname="cs.utec.edu.pe.Lab01Test" name="test01" time="0.009"/>
  <system-out/>
  <testcase classname="cs.utec.edu.pe.Lab01Test" name="test01" time="0.002"/>
  <system-out/>
  <testcase classname="cs.utec.edu.pe.Lab01Test" name="test01" time="0.022"/>
  <system-out/>
  <testcase classname="cs.utec.edu.pe.Lab01Test" name="test01" time="0.000"/>
  <system-out/>
  <testcase classname="cs.utec.edu.pe.Lab01Test" name="test01" time="0.006"/>
  <system-out/>
  <testcase classname="cs.utec.edu.pe.Lab01Test" name="test01" time="0.001"/>
  <system-out/>
  <testcase classname="cs.utec.edu.pe.Lab01Test" name="test01" time="0.000"/>
  <system-out/>
  <testcase classname="cs.utec.edu.pe.Lab01Test" name="test01" time="0.001"/>
  <system-out/>
  <testcase classname="cs.utec.edu.pe.Lab01Test" name="test01" time="0.000"/>
  <system-out/>
  <testcase classname="cs.utec.edu.pe.Lab01Test" name="test01" time="0.000"/>
  <system-out/>
  <testcase classname="cs.utec.edu.pe.Lab01Test" name="test01" time="0.000"/>
  <system-out/>
  <testcase classname="cs.utec.edu.pe.Lab01Test" name="test01" time="0.000"/>
  <system-out/>
  <testcase classname="cs.utec.edu.pe.Lab01Test" name="test01" time="0.000"/>
  <system-out/>
  <testcase classname="cs.utec.edu.pe.Lab01Test" name="test01" time="0.012"/>
  <system-out/>
  <testcase classname="cs.utec.edu.pe.Lab01Test" name="test01" time="0.011"/>
  <system-out/>
  <testcase classname="cs.utec.edu.pe.Lab01Test" name="test01" time="0.000"/>
  <system-out/>
  <testcase classname="cs.utec.edu.pe.Lab01Test" name="test01" time="0.009"/>
  <system-out/>
  <testcase classname="cs.utec.edu.pe.Lab01Test" name="test01" time="0.009"/>
  <system-out/>
  <testcase classname="cs.utec.edu.pe.Lab01Test" name="test01" time="0.003"/>
  <system-out/>
  <testcase classname="cs.utec.edu.pe.Lab01Test" name="test01" time="0.000"/>
  <system-out/>
  <testcase classname="cs.utec.edu.pe.Lab01Test" name="test01" time="0.000"/>
  <system-out/>
  <testcase classname="cs.utec.edu.pe.Lab01Test" name="test01" time="0.000"/>
  <system-out/>
  <testcase classname="cs.utec.edu.pe.Lab01Test" name="test01" time="0.010"/>
  <system-out/>
  <testcase classname="cs.utec.edu.pe.Lab01Test" name="test01" time="0.006"/>
  <system-out/>
  <testcase classname="cs.utec.edu.pe.Lab01Test" name="test01" time="0.001"/>
  <system-out/>
  <testcase classname="cs.utec.edu.pe.Lab01Test" name="test01" time="0.000"/>
  <system-out/>
  <testcase classname="cs.utec.edu.pe.Lab01Test" name="test01" time="0.005"/>
  <system-out/>
  <testcase classname="cs.utec.edu.pe.Lab01Test" name="test01" time="0.008"/>
  <system-out/>
  <testcase classname="cs.utec.edu.pe.Lab01Test" name="test01" time="0.002"/>
  <system-out/>
  <testcase classname="cs.utec.edu.pe.Lab01Test" name="test01" time="0.000"/>
  <system-out/>
  <testcase classname="cs.utec.edu.pe.Lab01Test" name="test01" time="0.000"/>
  <system-out/>
  <testcase classname="cs.utec.edu.pe.Lab01Test" name="test01" time="0.000"/>
  <system-out/>
  <testcase classname="cs.utec.edu.pe.Lab01Test" name="test01" time="0.000"/>
  <system-out/>
  <testcase classname="cs.utec.edu.pe.Lab01Test" name="test01" time="0.000"/>
  <system-out/>
  <testcase classname="cs.utec.edu.pe.Lab01Test" name="test01" time="0.000"/>
  <system-out/>
  <testcase classname="cs.utec.edu.pe.Lab01Test" name="test01" time="0.000"/>
  <system-out/>
  <testcase classname="cs.utec.edu.pe.Lab01Test" name="test01" time="0.000"/>
  <system-out/>
  <testcase classname="cs.utec.edu.pe.Lab01Test" name="test01" time="0.002"/>
  <system-out/>
  <testcase classname="cs.utec.edu.pe.Lab01Test" name="test01" time="0.001"/>
  <system-out/>
  <testcase classname="cs.utec.edu.pe.Lab01Test" name="test01" time="0.003"/>
  <system-out/>
  <testcase classname="cs.utec.edu.pe.Lab01Test" name="test01" time="0.022"/>
  <system-out/>
  <testcase classname="cs.utec.edu.pe.Lab01Test" name="test01" time="0.000"/>
  <system-out/>
  <testcase classname="cs.utec.edu.pe.Lab01Test" name="test01" time="0.000"/>
  <system-out/>
  <testcase classname="cs.utec.edu.pe.Lab01Test" name="test01" time="0.000"/>
  <system-out/>
  <testcase classname="cs.utec.edu.pe.Lab01Test" name="test01" time="0.007"/>
  <system-out/>
  <testcase classname="cs.utec.edu.pe.Lab01Test" name="test01" time="0.009"/>
  <system-out/>
  <testcase classname="cs.utec.edu.pe.Lab01Test" name="test01" time="0.001"/>
  <system-out/>
  <testcase classname="cs.utec.edu.pe.Lab01Test" name="test01" time="0.005"/>
  <system-out/>
  <testcase classname="cs.utec.edu.pe.Lab01Test" name="test01" time="0.000"/>
  <system-out/>
  <testcase classname="cs.utec.edu.pe.Lab01Test" name="test01" time="0.000"/>
  <system-out/>
  <testcase classname="cs.utec.edu.pe.Lab01Test" name="test01" time="0.005"/>
  <system-out/>
  <testcase classname="cs.utec.edu.pe.Lab01Test" name="test01" time="0.014"/>
  <system-out/>
  <testcase classname="cs.utec.edu.pe.Lab01Test" name="test01" time="0.000"/>
  <system-out/>
  <testcase classname="cs.utec.edu.pe.Lab01Test" name="test01" time="0.006"/>
  <system-out/>
  <testcase classname="cs.utec.edu.pe.Lab01Test" name="test01" time="0.000"/>
  <system-out/>
  <testcase classname="cs.utec.edu.pe.Lab01Test" name="test03" time="0.000"/>
  <system-out/>
  <testcase classname="cs.utec.edu.pe.Lab01Test" name="test01" time="0.006"/>
  <system-out/>
  <testcase classname="cs.utec.edu.pe.Lab01Test" name="test01" time="0.000"/>
  <system-out/>
  <testcase classname="cs.utec.edu.pe.Lab01Test" name="test01" time="0.000"/>
  <system-out/>
  <testcase classname="cs.utec.edu.pe.Lab01Test" name="test01" time="0.017"/>
  <system-out/>
  <testcase classname="cs.utec.edu.pe.Lab01Test" name="test01" time="0.000"/>
  <system-out/>
  <testcase classname="cs.utec.edu.pe.Lab01Test" name="test01" time="0.000"/>
  <system-out/>
  <testcase classname="cs.utec.edu.pe.Lab01Test" name="test01" time="0.000"/>
  <system-out/>
  <testcase classname="cs.utec.edu.pe.Lab01Test" name="test01" time="0.000"/>
  <system-out/>
  <testcase classname="cs.utec.edu.pe.Lab01Test" name="test01" time="0.000"/>
  <system-out/>
  <testcase classname="cs.utec.edu.pe.Lab01Test" name="test01" time="0.005"/>
  <system-out/>
  <testcase classname="cs.utec.edu.pe.Lab01Test" name="test01" time="0.000"/>
  <system-out/>
  <testcase classname="cs.utec.edu.pe.Lab01Test" name="test01" time="0.000"/>
  <system-out/>
  <testcase classname="cs.utec.edu.pe.Lab01Test" name="test01" time="0.000"/>
  <system-out/>
  <testcase classname="cs.utec.edu.pe.Lab01Test" name="test01" time="0.000"/>
  <system-out/>
  <testcase classname="cs.utec.edu.pe.Lab01Test" name="test01" time="0.000"/>
  <system-out/>
  <testcase classname="cs.utec.edu.pe.Lab01Test" name="test01" time="0.000"/>
  <system-out/>
  <testcase classname="cs.utec.edu.pe.Lab01Test" name="test01" time="0.000"/>
  <system-out/>
  <testcase classname="cs.utec.edu.pe.Lab01Test" name="test01" time="0.003"/>
  <system-out/>
  <testcase classname="cs.utec.edu.pe.Lab01Test" name="test01" time="0.000"/>
  <system-out/>
  <testcase classname="cs.utec.edu.pe.Lab01Test" name="test01" time="0.000"/>
  <system-out/>
  <testcase classname="cs.utec.edu.pe.Lab01Test" name="test01" time="0.000"/>
  <system-out/>
  <testcase classname="cs.utec.edu.pe.Lab01Test" name="test01" time="0.000"/>
  <system-out/>
  <testcase classname="cs.utec.edu.pe.Lab01Test" name="test01" time="0.000"/>
  <system-out/>
  <testcase classname="cs.utec.edu.pe.Lab01Test" name="test01" time="0.000"/>
  <system-out/>
  <testcase classname="cs.utec.edu.pe.Lab01Test" name="test01" time="0.000"/>
  <system-out/>
  <testcase classname="cs.utec.edu.pe.Lab01Test" name="test01" time="0.004"/>
  <system-out/>
  <testcase classname="cs.utec.edu.pe.Lab01Test" name="test01" time="0.000"/>
  <system-out/>
  <testcase classname="cs.utec.edu.pe.Lab01Test" name="test01" time="0.000"/>
  <system-out/>
  <testcase classname="cs.utec.edu.pe.Lab01Test" name="test01" time="0.000"/>
  <system-out/>
  <testcase classname="cs.utec.edu.pe.Lab01Test" name="test01" time="0.023"/>
  <system-out/>
  <testcase classname="cs.utec.edu.pe.Lab01Test" name="test01" time="0.000"/>
  <system-out/>
  <testcase classname="cs.utec.edu.pe.Lab01Test" name="test01" time="0.001"/>
  <system-out/>
  <testcase classname="cs.utec.edu.pe.Lab01Test" name="test01" time="0.000"/>
  <system-out/>
  <testcase classname="cs.utec.edu.pe.Lab01Test" name="test01" time="0.000"/>
  <system-out/>
  <testcase classname="cs.utec.edu.pe.Lab01Test" name="test01" time="0.003"/>
  <system-out/>
  <testcase classname="cs.utec.edu.pe.Lab01Test" name="test01" time="0.000"/>
  <system-out/>
  <testcase classname="cs.utec.edu.pe.Lab01Test" name="test01" time="0.000"/>
  <system-out/>
  <testcase classname="cs.utec.edu.pe.Lab01Test" name="test01" time="0.004"/>
  <system-out/>
  <testcase classname="cs.utec.edu.pe.Lab01Test" name="test01" time="0.002"/>
  <system-out/>
  <testcase classname="cs.utec.edu.pe.Lab01Test" name="test01" time="0.000"/>
  <system-out/>
</testsuite> <!-- cs.utec.edu.pe.Lab01Test -->
