<?xml version="1.0" encoding="UTF-8"?>
<testsuite xmlns:xsi="http://www.w3.org/2001/XMLSchema-instance" xsi:noNamespaceSchemaLocation="https://maven.apache.org/surefire/maven-surefire-plugin/xsd/surefire-test-report.xsd" name="cs.utec.edu.pe.Lab01Test" time="0.725" tests="1002" errors="0" skipped="0" failures="0">
  <properties>
    <property name="java.specification.version" value="14"/>
    <property name="sun.cpu.isalist" value="amd64"/>
    <property name="sun.jnu.encoding" value="Cp1252"/>
    <property name="java.class.path" value="C:\Users\User\Downloads\OpenBlocks_UCHILE-master\Lab01\target\test-classes;C:\Users\User\Downloads\OpenBlocks_UCHILE-master\Lab01\target\classes;C:\Users\User\.m2\repository\org\testng\testng\7.3.0\testng-7.3.0.jar;C:\Users\User\.m2\repository\com\beust\jcommander\1.78\jcommander-1.78.jar;C:\Users\User\.m2\repository\org\apache\ant\ant\1.10.3\ant-1.10.3.jar;C:\Users\User\.m2\repository\org\apache\ant\ant-launcher\1.10.3\ant-launcher-1.10.3.jar;C:\Users\User\.m2\repository\junit\junit\4.12\junit-4.12.jar;C:\Users\User\.m2\repository\org\hamcrest\hamcrest-core\1.3\hamcrest-core-1.3.jar;C:\Users\User\.m2\repository\com\google\inject\guice\4.2.2\guice-4.2.2-no_aop.jar;C:\Users\User\.m2\repository\javax\inject\javax.inject\1\javax.inject-1.jar;C:\Users\User\.m2\repository\aopalliance\aopalliance\1.0\aopalliance-1.0.jar;C:\Users\User\.m2\repository\com\google\guava\guava\25.1-android\guava-25.1-android.jar;C:\Users\User\.m2\repository\com\google\code\findbugs\jsr305\3.0.2\jsr305-3.0.2.jar;C:\Users\User\.m2\repository\org\checkerframework\checker-compat-qual\2.0.0\checker-compat-qual-2.0.0.jar;C:\Users\User\.m2\repository\com\google\errorprone\error_prone_annotations\2.1.3\error_prone_annotations-2.1.3.jar;C:\Users\User\.m2\repository\com\google\j2objc\j2objc-annotations\1.1\j2objc-annotations-1.1.jar;C:\Users\User\.m2\repository\org\codehaus\mojo\animal-sniffer-annotations\1.14\animal-sniffer-annotations-1.14.jar;C:\Users\User\.m2\repository\org\yaml\snakeyaml\1.21\snakeyaml-1.21.jar;"/>
    <property name="java.vm.vendor" value="Oracle Corporation"/>
    <property name="sun.arch.data.model" value="64"/>
    <property name="user.variant" value=""/>
    <property name="java.vendor.url" value="https://java.oracle.com/"/>
    <property name="user.timezone" value="America/Lima"/>
    <property name="os.name" value="Windows 10"/>
    <property name="java.vm.specification.version" value="14"/>
    <property name="sun.java.launcher" value="SUN_STANDARD"/>
    <property name="user.country" value="PE"/>
    <property name="sun.boot.library.path" value="C:\Program Files\Java\jdk-14\bin"/>
    <property name="sun.java.command" value="C:\Users\User\AppData\Local\Temp\surefire16845300322654975013\surefirebooter10935694892324730241.jar C:\Users\User\AppData\Local\Temp\surefire16845300322654975013 2021-05-08T09-27-49_050-jvmRun1 surefire12154383115267747738tmp surefire_04090947453900254822tmp"/>
    <property name="jdk.debug" value="release"/>
    <property name="surefire.test.class.path" value="C:\Users\User\Downloads\OpenBlocks_UCHILE-master\Lab01\target\test-classes;C:\Users\User\Downloads\OpenBlocks_UCHILE-master\Lab01\target\classes;C:\Users\User\.m2\repository\org\testng\testng\7.3.0\testng-7.3.0.jar;C:\Users\User\.m2\repository\com\beust\jcommander\1.78\jcommander-1.78.jar;C:\Users\User\.m2\repository\org\apache\ant\ant\1.10.3\ant-1.10.3.jar;C:\Users\User\.m2\repository\org\apache\ant\ant-launcher\1.10.3\ant-launcher-1.10.3.jar;C:\Users\User\.m2\repository\junit\junit\4.12\junit-4.12.jar;C:\Users\User\.m2\repository\org\hamcrest\hamcrest-core\1.3\hamcrest-core-1.3.jar;C:\Users\User\.m2\repository\com\google\inject\guice\4.2.2\guice-4.2.2-no_aop.jar;C:\Users\User\.m2\repository\javax\inject\javax.inject\1\javax.inject-1.jar;C:\Users\User\.m2\repository\aopalliance\aopalliance\1.0\aopalliance-1.0.jar;C:\Users\User\.m2\repository\com\google\guava\guava\25.1-android\guava-25.1-android.jar;C:\Users\User\.m2\repository\com\google\code\findbugs\jsr305\3.0.2\jsr305-3.0.2.jar;C:\Users\User\.m2\repository\org\checkerframework\checker-compat-qual\2.0.0\checker-compat-qual-2.0.0.jar;C:\Users\User\.m2\repository\com\google\errorprone\error_prone_annotations\2.1.3\error_prone_annotations-2.1.3.jar;C:\Users\User\.m2\repository\com\google\j2objc\j2objc-annotations\1.1\j2objc-annotations-1.1.jar;C:\Users\User\.m2\repository\org\codehaus\mojo\animal-sniffer-annotations\1.14\animal-sniffer-annotations-1.14.jar;C:\Users\User\.m2\repository\org\yaml\snakeyaml\1.21\snakeyaml-1.21.jar;"/>
    <property name="sun.cpu.endian" value="little"/>
    <property name="user.home" value="C:\Users\User"/>
    <property name="user.language" value="es"/>
    <property name="java.specification.vendor" value="Oracle Corporation"/>
    <property name="java.version.date" value="2020-03-17"/>
    <property name="java.home" value="C:\Program Files\Java\jdk-14"/>
    <property name="file.separator" value="\"/>
    <property name="basedir" value="C:\Users\User\Downloads\OpenBlocks_UCHILE-master\Lab01"/>
    <property name="java.vm.compressedOopsMode" value="Zero based"/>
    <property name="line.separator" value="&#10;"/>
    <property name="java.vm.specification.vendor" value="Oracle Corporation"/>
    <property name="java.specification.name" value="Java Platform API Specification"/>
    <property name="surefire.real.class.path" value="C:\Users\User\AppData\Local\Temp\surefire16845300322654975013\surefirebooter10935694892324730241.jar"/>
    <property name="user.script" value=""/>
    <property name="sun.management.compiler" value="HotSpot 64-Bit Tiered Compilers"/>
    <property name="java.runtime.version" value="14+36-1461"/>
    <property name="user.name" value="User"/>
    <property name="path.separator" value=";"/>
    <property name="os.version" value="10.0"/>
    <property name="java.runtime.name" value="Java(TM) SE Runtime Environment"/>
    <property name="file.encoding" value="Cp1252"/>
    <property name="java.vm.name" value="Java HotSpot(TM) 64-Bit Server VM"/>
    <property name="localRepository" value="C:\Users\User\.m2\repository"/>
    <property name="java.vendor.url.bug" value="https://bugreport.java.com/bugreport/"/>
    <property name="java.io.tmpdir" value="C:\Users\User\AppData\Local\Temp\"/>
    <property name="java.version" value="14"/>
    <property name="user.dir" value="C:\Users\User\Downloads\OpenBlocks_UCHILE-master\Lab01"/>
    <property name="os.arch" value="amd64"/>
    <property name="java.vm.specification.name" value="Java Virtual Machine Specification"/>
    <property name="sun.os.patch.level" value=""/>
    <property name="java.library.path" value="C:\Program Files\Java\jdk-14\bin;C:\WINDOWS\Sun\Java\bin;C:\WINDOWS\system32;C:\WINDOWS;C:\Python38\Scripts\;C:\Python38\;C:\Windows\system32;C:\Windows;C:\Windows\System32\Wbem;C:\Windows\System32\WindowsPowerShell\v1.0\;C:\Windows\System32\OpenSSH\;C:\Program Files (x86)\Intel\Intel(R) Management Engine Components\DAL;C:\Program Files\Intel\Intel(R) Management Engine Components\DAL;C:\Program Files\Intel\WiFi\bin\;C:\Program Files\Common Files\Intel\WirelessCommon\;C:\Program Files\Microsoft SQL Server\130\Tools\Binn\;C:\Program Files\Microsoft SQL Server\Client SDK\ODBC\170\Tools\Binn\;C:\Program Files\Microsoft SQL Server\Client SDK\ODBC\130\Tools\Binn\;C:\Program Files (x86)\Microsoft SQL Server\150\DTS\Binn\;C:\Program Files\Microsoft SQL Server\Client SDK\ODBC\110\Tools\Binn\;C:\Program Files (x86)\Microsoft SQL Server\120\Tools\Binn\;C:\Program Files\Microsoft SQL Server\120\Tools\Binn\;C:\Program Files\Microsoft SQL Server\120\DTS\Binn\;C:\Program Files (x86)\Microsoft SQL Server\120\Tools\Binn\ManagementStudio\;C:\Program Files (x86)\Microsoft SQL Server\120\DTS\Binn\;C:\Program Files (x86)\NVIDIA Corporation\PhysX\Common;C:\Program Files\NVIDIA Corporation\NVIDIA NvDLISR;C:\WINDOWS\system32;C:\WINDOWS;C:\WINDOWS\System32\Wbem;C:\WINDOWS\System32\WindowsPowerShell\v1.0\;C:\WINDOWS\System32\OpenSSH\;C:\Program Files\nodejs\;C:\ProgramData\chocolatey\bin;C:\Program Files\dotnet\;C:\Program Files\PuTTY\;C:\opt\apache-maven-3.8.1\bin;C:\Users\User\.windows-build-tools\python27\;C:\Users\User\.windows-build-tools\python27\;C:\Users\User\.windows-build-tools\python27\;C:\Users\User\.windows-build-tools\python27\;C:\Users\User\AppData\Local\Microsoft\WindowsApps;C:\Program Files\Intel\WiFi\bin\;C:\Program Files\Common Files\Intel\WirelessCommon\;C:\Users\User\AppData\Local\atom\bin;C:\Users\User\AppData\Roaming\npm;C:\Users\User\AppData\Local\Programs\Microsoft VS Code\bin;C:\Program Files\JetBrains\DataGrip 2020.2.3\bin;;C:\Users\User\.dotnet\tools;C:\Program Files\JetBrains\PyCharm 2020.2.3\bin;;C:\Program Files\JetBrains\IntelliJ IDEA 2020.3\bin;;C:\Program Files\MongoDB\Server\4.4\bin;C:\Users\User\AppData\Local\Google\Cloud SDK\google-cloud-sdk\bin;."/>
    <property name="java.vm.info" value="mixed mode, sharing"/>
    <property name="java.vendor" value="Oracle Corporation"/>
    <property name="java.vm.version" value="14+36-1461"/>
    <property name="sun.io.unicode.encoding" value="UnicodeLittle"/>
    <property name="java.class.version" value="58.0"/>
  </properties>
  <testcase name="test01" classname="cs.utec.edu.pe.Lab01Test" time="0.02"/>
  <testcase name="test01" classname="cs.utec.edu.pe.Lab01Test" time="0.02"/>
  <testcase name="test01" classname="cs.utec.edu.pe.Lab01Test" time="0.02"/>
  <testcase name="test01" classname="cs.utec.edu.pe.Lab01Test" time="0.02"/>
  <testcase name="test01" classname="cs.utec.edu.pe.Lab01Test" time="0.02"/>
  <testcase name="test01" classname="cs.utec.edu.pe.Lab01Test" time="0.02"/>
  <testcase name="test01" classname="cs.utec.edu.pe.Lab01Test" time="0.02"/>
  <testcase name="test01" classname="cs.utec.edu.pe.Lab01Test" time="0.02"/>
  <testcase name="test01" classname="cs.utec.edu.pe.Lab01Test" time="0.02"/>
  <testcase name="test01" classname="cs.utec.edu.pe.Lab01Test" time="0.001"/>
  <testcase name="test01" classname="cs.utec.edu.pe.Lab01Test" time="0.001"/>
  <testcase name="test01" classname="cs.utec.edu.pe.Lab01Test" time="0"/>
  <testcase name="test01" classname="cs.utec.edu.pe.Lab01Test" time="0"/>
  <testcase name="test01" classname="cs.utec.edu.pe.Lab01Test" time="0"/>
  <testcase name="test01" classname="cs.utec.edu.pe.Lab01Test" time="0"/>
  <testcase name="test01" classname="cs.utec.edu.pe.Lab01Test" time="0"/>
  <testcase name="test01" classname="cs.utec.edu.pe.Lab01Test" time="0"/>
  <testcase name="test01" classname="cs.utec.edu.pe.Lab01Test" time="0"/>
  <testcase name="test01" classname="cs.utec.edu.pe.Lab01Test" time="0"/>
  <testcase name="test01" classname="cs.utec.edu.pe.Lab01Test" time="0"/>
  <testcase name="test01" classname="cs.utec.edu.pe.Lab01Test" time="0"/>
  <testcase name="test01" classname="cs.utec.edu.pe.Lab01Test" time="0"/>
  <testcase name="test01" classname="cs.utec.edu.pe.Lab01Test" time="0"/>
  <testcase name="test01" classname="cs.utec.edu.pe.Lab01Test" time="0"/>
  <testcase name="test01" classname="cs.utec.edu.pe.Lab01Test" time="0"/>
  <testcase name="test01" classname="cs.utec.edu.pe.Lab01Test" time="0"/>
  <testcase name="test01" classname="cs.utec.edu.pe.Lab01Test" time="0"/>
  <testcase name="test01" classname="cs.utec.edu.pe.Lab01Test" time="0"/>
  <testcase name="test01" classname="cs.utec.edu.pe.Lab01Test" time="0"/>
  <testcase name="test01" classname="cs.utec.edu.pe.Lab01Test" time="0"/>
  <testcase name="test01" classname="cs.utec.edu.pe.Lab01Test" time="0"/>
  <testcase name="test01" classname="cs.utec.edu.pe.Lab01Test" time="0"/>
  <testcase name="test01" classname="cs.utec.edu.pe.Lab01Test" time="0"/>
  <testcase name="test01" classname="cs.utec.edu.pe.Lab01Test" time="0"/>
  <testcase name="test01" classname="cs.utec.edu.pe.Lab01Test" time="0"/>
  <testcase name="test01" classname="cs.utec.edu.pe.Lab01Test" time="0"/>
  <testcase name="test01" classname="cs.utec.edu.pe.Lab01Test" time="0"/>
  <testcase name="test01" classname="cs.utec.edu.pe.Lab01Test" time="0"/>
  <testcase name="test01" classname="cs.utec.edu.pe.Lab01Test" time="0"/>
  <testcase name="test01" classname="cs.utec.edu.pe.Lab01Test" time="0"/>
  <testcase name="test01" classname="cs.utec.edu.pe.Lab01Test" time="0"/>
  <testcase name="test01" classname="cs.utec.edu.pe.Lab01Test" time="0"/>
  <testcase name="test01" classname="cs.utec.edu.pe.Lab01Test" time="0"/>
  <testcase name="test01" classname="cs.utec.edu.pe.Lab01Test" time="0"/>
  <testcase name="test01" classname="cs.utec.edu.pe.Lab01Test" time="0"/>
  <testcase name="test01" classname="cs.utec.edu.pe.Lab01Test" time="0"/>
  <testcase name="test01" classname="cs.utec.edu.pe.Lab01Test" time="0"/>
  <testcase name="test01" classname="cs.utec.edu.pe.Lab01Test" time="0"/>
  <testcase name="test01" classname="cs.utec.edu.pe.Lab01Test" time="0"/>
  <testcase name="test01" classname="cs.utec.edu.pe.Lab01Test" time="0"/>
  <testcase name="test01" classname="cs.utec.edu.pe.Lab01Test" time="0"/>
  <testcase name="test01" classname="cs.utec.edu.pe.Lab01Test" time="0"/>
  <testcase name="test01" classname="cs.utec.edu.pe.Lab01Test" time="0"/>
  <testcase name="test01" classname="cs.utec.edu.pe.Lab01Test" time="0"/>
  <testcase name="test01" classname="cs.utec.edu.pe.Lab01Test" time="0"/>
  <testcase name="test01" classname="cs.utec.edu.pe.Lab01Test" time="0"/>
  <testcase name="test01" classname="cs.utec.edu.pe.Lab01Test" time="0"/>
  <testcase name="test01" classname="cs.utec.edu.pe.Lab01Test" time="0"/>
  <testcase name="test01" classname="cs.utec.edu.pe.Lab01Test" time="0"/>
  <testcase name="test01" classname="cs.utec.edu.pe.Lab01Test" time="0"/>
  <testcase name="test01" classname="cs.utec.edu.pe.Lab01Test" time="0"/>
  <testcase name="test01" classname="cs.utec.edu.pe.Lab01Test" time="0"/>
  <testcase name="test01" classname="cs.utec.edu.pe.Lab01Test" time="0"/>
  <testcase name="test01" classname="cs.utec.edu.pe.Lab01Test" time="0"/>
  <testcase name="test01" classname="cs.utec.edu.pe.Lab01Test" time="0"/>
  <testcase name="test01" classname="cs.utec.edu.pe.Lab01Test" time="0"/>
  <testcase name="test01" classname="cs.utec.edu.pe.Lab01Test" time="0"/>
  <testcase name="test01" classname="cs.utec.edu.pe.Lab01Test" time="0"/>
  <testcase name="test01" classname="cs.utec.edu.pe.Lab01Test" time="0"/>
  <testcase name="test01" classname="cs.utec.edu.pe.Lab01Test" time="0"/>
  <testcase name="test01" classname="cs.utec.edu.pe.Lab01Test" time="0"/>
  <testcase name="test01" classname="cs.utec.edu.pe.Lab01Test" time="0"/>
  <testcase name="test01" classname="cs.utec.edu.pe.Lab01Test" time="0"/>
  <testcase name="test01" classname="cs.utec.edu.pe.Lab01Test" time="0.001"/>
  <testcase name="test01" classname="cs.utec.edu.pe.Lab01Test" time="0"/>
  <testcase name="test01" classname="cs.utec.edu.pe.Lab01Test" time="0"/>
  <testcase name="test01" classname="cs.utec.edu.pe.Lab01Test" time="0"/>
  <testcase name="test01" classname="cs.utec.edu.pe.Lab01Test" time="0"/>
  <testcase name="test01" classname="cs.utec.edu.pe.Lab01Test" time="0"/>
  <testcase name="test01" classname="cs.utec.edu.pe.Lab01Test" time="0"/>
  <testcase name="test01" classname="cs.utec.edu.pe.Lab01Test" time="0"/>
  <testcase name="test01" classname="cs.utec.edu.pe.Lab01Test" time="0"/>
  <testcase name="test01" classname="cs.utec.edu.pe.Lab01Test" time="0"/>
  <testcase name="test01" classname="cs.utec.edu.pe.Lab01Test" time="0"/>
  <testcase name="test01" classname="cs.utec.edu.pe.Lab01Test" time="0"/>
  <testcase name="test01" classname="cs.utec.edu.pe.Lab01Test" time="0"/>
  <testcase name="test01" classname="cs.utec.edu.pe.Lab01Test" time="0"/>
  <testcase name="test01" classname="cs.utec.edu.pe.Lab01Test" time="0"/>
  <testcase name="test01" classname="cs.utec.edu.pe.Lab01Test" time="0"/>
  <testcase name="test01" classname="cs.utec.edu.pe.Lab01Test" time="0"/>
  <testcase name="test01" classname="cs.utec.edu.pe.Lab01Test" time="0"/>
  <testcase name="test01" classname="cs.utec.edu.pe.Lab01Test" time="0"/>
  <testcase name="test01" classname="cs.utec.edu.pe.Lab01Test" time="0"/>
  <testcase name="test01" classname="cs.utec.edu.pe.Lab01Test" time="0"/>
  <testcase name="test01" classname="cs.utec.edu.pe.Lab01Test" time="0"/>
  <testcase name="test01" classname="cs.utec.edu.pe.Lab01Test" time="0"/>
  <testcase name="test01" classname="cs.utec.edu.pe.Lab01Test" time="0"/>
  <testcase name="test01" classname="cs.utec.edu.pe.Lab01Test" time="0"/>
  <testcase name="test01" classname="cs.utec.edu.pe.Lab01Test" time="0"/>
  <testcase name="test01" classname="cs.utec.edu.pe.Lab01Test" time="0"/>
  <testcase name="test01" classname="cs.utec.edu.pe.Lab01Test" time="0"/>
  <testcase name="test01" classname="cs.utec.edu.pe.Lab01Test" time="0"/>
  <testcase name="test01" classname="cs.utec.edu.pe.Lab01Test" time="0"/>
  <testcase name="test01" classname="cs.utec.edu.pe.Lab01Test" time="0"/>
  <testcase name="test01" classname="cs.utec.edu.pe.Lab01Test" time="0"/>
  <testcase name="test01" classname="cs.utec.edu.pe.Lab01Test" time="0"/>
  <testcase name="test01" classname="cs.utec.edu.pe.Lab01Test" time="0"/>
  <testcase name="test01" classname="cs.utec.edu.pe.Lab01Test" time="0"/>
  <testcase name="test01" classname="cs.utec.edu.pe.Lab01Test" time="0"/>
  <testcase name="test01" classname="cs.utec.edu.pe.Lab01Test" time="0"/>
  <testcase name="test01" classname="cs.utec.edu.pe.Lab01Test" time="0"/>
  <testcase name="test01" classname="cs.utec.edu.pe.Lab01Test" time="0"/>
  <testcase name="test01" classname="cs.utec.edu.pe.Lab01Test" time="0"/>
  <testcase name="test01" classname="cs.utec.edu.pe.Lab01Test" time="0"/>
  <testcase name="test01" classname="cs.utec.edu.pe.Lab01Test" time="0"/>
  <testcase name="test01" classname="cs.utec.edu.pe.Lab01Test" time="0"/>
  <testcase name="test01" classname="cs.utec.edu.pe.Lab01Test" time="0"/>
  <testcase name="test01" classname="cs.utec.edu.pe.Lab01Test" time="0"/>
  <testcase name="test01" classname="cs.utec.edu.pe.Lab01Test" time="0"/>
  <testcase name="test01" classname="cs.utec.edu.pe.Lab01Test" time="0"/>
  <testcase name="test01" classname="cs.utec.edu.pe.Lab01Test" time="0"/>
  <testcase name="test01" classname="cs.utec.edu.pe.Lab01Test" time="0"/>
  <testcase name="test01" classname="cs.utec.edu.pe.Lab01Test" time="0"/>
  <testcase name="test01" classname="cs.utec.edu.pe.Lab01Test" time="0"/>
  <testcase name="test01" classname="cs.utec.edu.pe.Lab01Test" time="0"/>
  <testcase name="test01" classname="cs.utec.edu.pe.Lab01Test" time="0"/>
  <testcase name="test01" classname="cs.utec.edu.pe.Lab01Test" time="0"/>
  <testcase name="test01" classname="cs.utec.edu.pe.Lab01Test" time="0"/>
  <testcase name="test01" classname="cs.utec.edu.pe.Lab01Test" time="0"/>
  <testcase name="test01" classname="cs.utec.edu.pe.Lab01Test" time="0"/>
  <testcase name="test01" classname="cs.utec.edu.pe.Lab01Test" time="0"/>
  <testcase name="test01" classname="cs.utec.edu.pe.Lab01Test" time="0"/>
  <testcase name="test01" classname="cs.utec.edu.pe.Lab01Test" time="0"/>
  <testcase name="test01" classname="cs.utec.edu.pe.Lab01Test" time="0"/>
  <testcase name="test01" classname="cs.utec.edu.pe.Lab01Test" time="0"/>
  <testcase name="test01" classname="cs.utec.edu.pe.Lab01Test" time="0"/>
  <testcase name="test01" classname="cs.utec.edu.pe.Lab01Test" time="0"/>
  <testcase name="test01" classname="cs.utec.edu.pe.Lab01Test" time="0"/>
  <testcase name="test01" classname="cs.utec.edu.pe.Lab01Test" time="0"/>
  <testcase name="test01" classname="cs.utec.edu.pe.Lab01Test" time="0"/>
  <testcase name="test01" classname="cs.utec.edu.pe.Lab01Test" time="0"/>
  <testcase name="test01" classname="cs.utec.edu.pe.Lab01Test" time="0"/>
  <testcase name="test01" classname="cs.utec.edu.pe.Lab01Test" time="0"/>
  <testcase name="test01" classname="cs.utec.edu.pe.Lab01Test" time="0.001"/>
  <testcase name="test01" classname="cs.utec.edu.pe.Lab01Test" time="0.001"/>
  <testcase name="test01" classname="cs.utec.edu.pe.Lab01Test" time="0"/>
  <testcase name="test01" classname="cs.utec.edu.pe.Lab01Test" time="0"/>
  <testcase name="test01" classname="cs.utec.edu.pe.Lab01Test" time="0"/>
  <testcase name="test01" classname="cs.utec.edu.pe.Lab01Test" time="0"/>
  <testcase name="test01" classname="cs.utec.edu.pe.Lab01Test" time="0"/>
  <testcase name="test01" classname="cs.utec.edu.pe.Lab01Test" time="0"/>
  <testcase name="test01" classname="cs.utec.edu.pe.Lab01Test" time="0"/>
  <testcase name="test01" classname="cs.utec.edu.pe.Lab01Test" time="0"/>
  <testcase name="test01" classname="cs.utec.edu.pe.Lab01Test" time="0"/>
  <testcase name="test01" classname="cs.utec.edu.pe.Lab01Test" time="0"/>
  <testcase name="test01" classname="cs.utec.edu.pe.Lab01Test" time="0"/>
  <testcase name="test01" classname="cs.utec.edu.pe.Lab01Test" time="0"/>
  <testcase name="test01" classname="cs.utec.edu.pe.Lab01Test" time="0.001"/>
  <testcase name="test01" classname="cs.utec.edu.pe.Lab01Test" time="0"/>
  <testcase name="test01" classname="cs.utec.edu.pe.Lab01Test" time="0"/>
  <testcase name="test01" classname="cs.utec.edu.pe.Lab01Test" time="0"/>
  <testcase name="test01" classname="cs.utec.edu.pe.Lab01Test" time="0"/>
  <testcase name="test01" classname="cs.utec.edu.pe.Lab01Test" time="0"/>
  <testcase name="test01" classname="cs.utec.edu.pe.Lab01Test" time="0"/>
  <testcase name="test01" classname="cs.utec.edu.pe.Lab01Test" time="0"/>
  <testcase name="test01" classname="cs.utec.edu.pe.Lab01Test" time="0"/>
  <testcase name="test01" classname="cs.utec.edu.pe.Lab01Test" time="0"/>
  <testcase name="test01" classname="cs.utec.edu.pe.Lab01Test" time="0"/>
  <testcase name="test01" classname="cs.utec.edu.pe.Lab01Test" time="0"/>
  <testcase name="test01" classname="cs.utec.edu.pe.Lab01Test" time="0"/>
  <testcase name="test01" classname="cs.utec.edu.pe.Lab01Test" time="0"/>
  <testcase name="test01" classname="cs.utec.edu.pe.Lab01Test" time="0"/>
  <testcase name="test01" classname="cs.utec.edu.pe.Lab01Test" time="0"/>
  <testcase name="test01" classname="cs.utec.edu.pe.Lab01Test" time="0"/>
  <testcase name="test01" classname="cs.utec.edu.pe.Lab01Test" time="0"/>
  <testcase name="test01" classname="cs.utec.edu.pe.Lab01Test" time="0"/>
  <testcase name="test01" classname="cs.utec.edu.pe.Lab01Test" time="0"/>
  <testcase name="test01" classname="cs.utec.edu.pe.Lab01Test" time="0"/>
  <testcase name="test01" classname="cs.utec.edu.pe.Lab01Test" time="0"/>
  <testcase name="test01" classname="cs.utec.edu.pe.Lab01Test" time="0"/>
  <testcase name="test01" classname="cs.utec.edu.pe.Lab01Test" time="0"/>
  <testcase name="test01" classname="cs.utec.edu.pe.Lab01Test" time="0"/>
  <testcase name="test01" classname="cs.utec.edu.pe.Lab01Test" time="0.001"/>
  <testcase name="test01" classname="cs.utec.edu.pe.Lab01Test" time="0"/>
  <testcase name="test01" classname="cs.utec.edu.pe.Lab01Test" time="0"/>
  <testcase name="test01" classname="cs.utec.edu.pe.Lab01Test" time="0"/>
  <testcase name="test01" classname="cs.utec.edu.pe.Lab01Test" time="0"/>
  <testcase name="test01" classname="cs.utec.edu.pe.Lab01Test" time="0.001"/>
  <testcase name="test01" classname="cs.utec.edu.pe.Lab01Test" time="0"/>
  <testcase name="test01" classname="cs.utec.edu.pe.Lab01Test" time="0"/>
  <testcase name="test01" classname="cs.utec.edu.pe.Lab01Test" time="0"/>
  <testcase name="test01" classname="cs.utec.edu.pe.Lab01Test" time="0"/>
  <testcase name="test01" classname="cs.utec.edu.pe.Lab01Test" time="0"/>
  <testcase name="test01" classname="cs.utec.edu.pe.Lab01Test" time="0"/>
  <testcase name="test01" classname="cs.utec.edu.pe.Lab01Test" time="0"/>
  <testcase name="test01" classname="cs.utec.edu.pe.Lab01Test" time="0"/>
  <testcase name="test01" classname="cs.utec.edu.pe.Lab01Test" time="0"/>
  <testcase name="test01" classname="cs.utec.edu.pe.Lab01Test" time="0"/>
  <testcase name="test01" classname="cs.utec.edu.pe.Lab01Test" time="0"/>
  <testcase name="test01" classname="cs.utec.edu.pe.Lab01Test" time="0"/>
  <testcase name="test01" classname="cs.utec.edu.pe.Lab01Test" time="0"/>
  <testcase name="test01" classname="cs.utec.edu.pe.Lab01Test" time="0"/>
  <testcase name="test01" classname="cs.utec.edu.pe.Lab01Test" time="0"/>
  <testcase name="test01" classname="cs.utec.edu.pe.Lab01Test" time="0"/>
  <testcase name="test01" classname="cs.utec.edu.pe.Lab01Test" time="0"/>
  <testcase name="test01" classname="cs.utec.edu.pe.Lab01Test" time="0"/>
  <testcase name="test01" classname="cs.utec.edu.pe.Lab01Test" time="0"/>
  <testcase name="test01" classname="cs.utec.edu.pe.Lab01Test" time="0"/>
  <testcase name="test01" classname="cs.utec.edu.pe.Lab01Test" time="0"/>
  <testcase name="test01" classname="cs.utec.edu.pe.Lab01Test" time="0"/>
  <testcase name="test01" classname="cs.utec.edu.pe.Lab01Test" time="0"/>
  <testcase name="test01" classname="cs.utec.edu.pe.Lab01Test" time="0"/>
  <testcase name="test01" classname="cs.utec.edu.pe.Lab01Test" time="0.001"/>
  <testcase name="test01" classname="cs.utec.edu.pe.Lab01Test" time="0"/>
  <testcase name="test01" classname="cs.utec.edu.pe.Lab01Test" time="0"/>
  <testcase name="test01" classname="cs.utec.edu.pe.Lab01Test" time="0"/>
  <testcase name="test01" classname="cs.utec.edu.pe.Lab01Test" time="0"/>
  <testcase name="test01" classname="cs.utec.edu.pe.Lab01Test" time="0"/>
  <testcase name="test01" classname="cs.utec.edu.pe.Lab01Test" time="0"/>
  <testcase name="test01" classname="cs.utec.edu.pe.Lab01Test" time="0"/>
  <testcase name="test01" classname="cs.utec.edu.pe.Lab01Test" time="0"/>
  <testcase name="test01" classname="cs.utec.edu.pe.Lab01Test" time="0"/>
  <testcase name="test01" classname="cs.utec.edu.pe.Lab01Test" time="0"/>
  <testcase name="test01" classname="cs.utec.edu.pe.Lab01Test" time="0"/>
  <testcase name="test01" classname="cs.utec.edu.pe.Lab01Test" time="0"/>
  <testcase name="test01" classname="cs.utec.edu.pe.Lab01Test" time="0"/>
  <testcase name="test01" classname="cs.utec.edu.pe.Lab01Test" time="0"/>
  <testcase name="test01" classname="cs.utec.edu.pe.Lab01Test" time="0"/>
  <testcase name="test01" classname="cs.utec.edu.pe.Lab01Test" time="0"/>
  <testcase name="test01" classname="cs.utec.edu.pe.Lab01Test" time="0"/>
  <testcase name="test01" classname="cs.utec.edu.pe.Lab01Test" time="0"/>
  <testcase name="test01" classname="cs.utec.edu.pe.Lab01Test" time="0"/>
  <testcase name="test01" classname="cs.utec.edu.pe.Lab01Test" time="0"/>
  <testcase name="test01" classname="cs.utec.edu.pe.Lab01Test" time="0"/>
  <testcase name="test01" classname="cs.utec.edu.pe.Lab01Test" time="0"/>
  <testcase name="test01" classname="cs.utec.edu.pe.Lab01Test" time="0"/>
  <testcase name="test01" classname="cs.utec.edu.pe.Lab01Test" time="0"/>
  <testcase name="test01" classname="cs.utec.edu.pe.Lab01Test" time="0"/>
  <testcase name="test01" classname="cs.utec.edu.pe.Lab01Test" time="0.001"/>
  <testcase name="test01" classname="cs.utec.edu.pe.Lab01Test" time="0"/>
  <testcase name="test01" classname="cs.utec.edu.pe.Lab01Test" time="0"/>
  <testcase name="test01" classname="cs.utec.edu.pe.Lab01Test" time="0"/>
  <testcase name="test01" classname="cs.utec.edu.pe.Lab01Test" time="0"/>
  <testcase name="test01" classname="cs.utec.edu.pe.Lab01Test" time="0"/>
  <testcase name="test01" classname="cs.utec.edu.pe.Lab01Test" time="0"/>
  <testcase name="test01" classname="cs.utec.edu.pe.Lab01Test" time="0"/>
  <testcase name="test01" classname="cs.utec.edu.pe.Lab01Test" time="0"/>
  <testcase name="test01" classname="cs.utec.edu.pe.Lab01Test" time="0"/>
  <testcase name="test01" classname="cs.utec.edu.pe.Lab01Test" time="0"/>
  <testcase name="test01" classname="cs.utec.edu.pe.Lab01Test" time="0"/>
  <testcase name="test01" classname="cs.utec.edu.pe.Lab01Test" time="0"/>
  <testcase name="test01" classname="cs.utec.edu.pe.Lab01Test" time="0"/>
  <testcase name="test01" classname="cs.utec.edu.pe.Lab01Test" time="0"/>
  <testcase name="test01" classname="cs.utec.edu.pe.Lab01Test" time="0"/>
  <testcase name="test01" classname="cs.utec.edu.pe.Lab01Test" time="0.001"/>
  <testcase name="test01" classname="cs.utec.edu.pe.Lab01Test" time="0"/>
  <testcase name="test01" classname="cs.utec.edu.pe.Lab01Test" time="0.001"/>
  <testcase name="test01" classname="cs.utec.edu.pe.Lab01Test" time="0"/>
  <testcase name="test01" classname="cs.utec.edu.pe.Lab01Test" time="0"/>
  <testcase name="test01" classname="cs.utec.edu.pe.Lab01Test" time="0"/>
  <testcase name="test01" classname="cs.utec.edu.pe.Lab01Test" time="0"/>
  <testcase name="test01" classname="cs.utec.edu.pe.Lab01Test" time="0"/>
  <testcase name="test01" classname="cs.utec.edu.pe.Lab01Test" time="0"/>
  <testcase name="test01" classname="cs.utec.edu.pe.Lab01Test" time="0"/>
  <testcase name="test01" classname="cs.utec.edu.pe.Lab01Test" time="0"/>
  <testcase name="test01" classname="cs.utec.edu.pe.Lab01Test" time="0"/>
  <testcase name="test01" classname="cs.utec.edu.pe.Lab01Test" time="0"/>
  <testcase name="test01" classname="cs.utec.edu.pe.Lab01Test" time="0"/>
  <testcase name="test01" classname="cs.utec.edu.pe.Lab01Test" time="0"/>
  <testcase name="test01" classname="cs.utec.edu.pe.Lab01Test" time="0"/>
  <testcase name="test01" classname="cs.utec.edu.pe.Lab01Test" time="0"/>
  <testcase name="test01" classname="cs.utec.edu.pe.Lab01Test" time="0"/>
  <testcase name="test01" classname="cs.utec.edu.pe.Lab01Test" time="0"/>
  <testcase name="test01" classname="cs.utec.edu.pe.Lab01Test" time="0"/>
  <testcase name="test01" classname="cs.utec.edu.pe.Lab01Test" time="0"/>
  <testcase name="test01" classname="cs.utec.edu.pe.Lab01Test" time="0"/>
  <testcase name="test01" classname="cs.utec.edu.pe.Lab01Test" time="0"/>
  <testcase name="test01" classname="cs.utec.edu.pe.Lab01Test" time="0"/>
  <testcase name="test01" classname="cs.utec.edu.pe.Lab01Test" time="0"/>
  <testcase name="test01" classname="cs.utec.edu.pe.Lab01Test" time="0"/>
  <testcase name="test01" classname="cs.utec.edu.pe.Lab01Test" time="0"/>
  <testcase name="test01" classname="cs.utec.edu.pe.Lab01Test" time="0"/>
  <testcase name="test01" classname="cs.utec.edu.pe.Lab01Test" time="0"/>
  <testcase name="test01" classname="cs.utec.edu.pe.Lab01Test" time="0"/>
  <testcase name="test01" classname="cs.utec.edu.pe.Lab01Test" time="0"/>
  <testcase name="test01" classname="cs.utec.edu.pe.Lab01Test" time="0"/>
  <testcase name="test01" classname="cs.utec.edu.pe.Lab01Test" time="0"/>
  <testcase name="test01" classname="cs.utec.edu.pe.Lab01Test" time="0"/>
  <testcase name="test01" classname="cs.utec.edu.pe.Lab01Test" time="0"/>
  <testcase name="test01" classname="cs.utec.edu.pe.Lab01Test" time="0"/>
  <testcase name="test01" classname="cs.utec.edu.pe.Lab01Test" time="0"/>
  <testcase name="test01" classname="cs.utec.edu.pe.Lab01Test" time="0"/>
  <testcase name="test01" classname="cs.utec.edu.pe.Lab01Test" time="0"/>
  <testcase name="test01" classname="cs.utec.edu.pe.Lab01Test" time="0"/>
  <testcase name="test01" classname="cs.utec.edu.pe.Lab01Test" time="0"/>
  <testcase name="test01" classname="cs.utec.edu.pe.Lab01Test" time="0"/>
  <testcase name="test01" classname="cs.utec.edu.pe.Lab01Test" time="0"/>
  <testcase name="test01" classname="cs.utec.edu.pe.Lab01Test" time="0"/>
  <testcase name="test01" classname="cs.utec.edu.pe.Lab01Test" time="0"/>
  <testcase name="test01" classname="cs.utec.edu.pe.Lab01Test" time="0"/>
  <testcase name="test01" classname="cs.utec.edu.pe.Lab01Test" time="0"/>
  <testcase name="test01" classname="cs.utec.edu.pe.Lab01Test" time="0"/>
  <testcase name="test01" classname="cs.utec.edu.pe.Lab01Test" time="0"/>
  <testcase name="test01" classname="cs.utec.edu.pe.Lab01Test" time="0"/>
  <testcase name="test01" classname="cs.utec.edu.pe.Lab01Test" time="0"/>
  <testcase name="test01" classname="cs.utec.edu.pe.Lab01Test" time="0"/>
  <testcase name="test01" classname="cs.utec.edu.pe.Lab01Test" time="0"/>
  <testcase name="test01" classname="cs.utec.edu.pe.Lab01Test" time="0"/>
  <testcase name="test01" classname="cs.utec.edu.pe.Lab01Test" time="0"/>
  <testcase name="test01" classname="cs.utec.edu.pe.Lab01Test" time="0"/>
  <testcase name="test01" classname="cs.utec.edu.pe.Lab01Test" time="0"/>
  <testcase name="test01" classname="cs.utec.edu.pe.Lab01Test" time="0"/>
  <testcase name="test01" classname="cs.utec.edu.pe.Lab01Test" time="0"/>
  <testcase name="test01" classname="cs.utec.edu.pe.Lab01Test" time="0"/>
  <testcase name="test01" classname="cs.utec.edu.pe.Lab01Test" time="0"/>
  <testcase name="test01" classname="cs.utec.edu.pe.Lab01Test" time="0"/>
  <testcase name="test01" classname="cs.utec.edu.pe.Lab01Test" time="0"/>
  <testcase name="test01" classname="cs.utec.edu.pe.Lab01Test" time="0"/>
  <testcase name="test01" classname="cs.utec.edu.pe.Lab01Test" time="0"/>
  <testcase name="test01" classname="cs.utec.edu.pe.Lab01Test" time="0"/>
  <testcase name="test01" classname="cs.utec.edu.pe.Lab01Test" time="0"/>
  <testcase name="test01" classname="cs.utec.edu.pe.Lab01Test" time="0"/>
  <testcase name="test01" classname="cs.utec.edu.pe.Lab01Test" time="0"/>
  <testcase name="test01" classname="cs.utec.edu.pe.Lab01Test" time="0"/>
  <testcase name="test01" classname="cs.utec.edu.pe.Lab01Test" time="0"/>
  <testcase name="test01" classname="cs.utec.edu.pe.Lab01Test" time="0"/>
  <testcase name="test01" classname="cs.utec.edu.pe.Lab01Test" time="0"/>
  <testcase name="test01" classname="cs.utec.edu.pe.Lab01Test" time="0.001"/>
  <testcase name="test01" classname="cs.utec.edu.pe.Lab01Test" time="0"/>
  <testcase name="test01" classname="cs.utec.edu.pe.Lab01Test" time="0"/>
  <testcase name="test01" classname="cs.utec.edu.pe.Lab01Test" time="0"/>
  <testcase name="test01" classname="cs.utec.edu.pe.Lab01Test" time="0"/>
  <testcase name="test01" classname="cs.utec.edu.pe.Lab01Test" time="0"/>
  <testcase name="test01" classname="cs.utec.edu.pe.Lab01Test" time="0"/>
  <testcase name="test01" classname="cs.utec.edu.pe.Lab01Test" time="0"/>
  <testcase name="test01" classname="cs.utec.edu.pe.Lab01Test" time="0"/>
  <testcase name="test01" classname="cs.utec.edu.pe.Lab01Test" time="0"/>
  <testcase name="test01" classname="cs.utec.edu.pe.Lab01Test" time="0"/>
  <testcase name="test01" classname="cs.utec.edu.pe.Lab01Test" time="0"/>
  <testcase name="test01" classname="cs.utec.edu.pe.Lab01Test" time="0"/>
  <testcase name="test01" classname="cs.utec.edu.pe.Lab01Test" time="0"/>
  <testcase name="test01" classname="cs.utec.edu.pe.Lab01Test" time="0"/>
  <testcase name="test01" classname="cs.utec.edu.pe.Lab01Test" time="0.001"/>
  <testcase name="test01" classname="cs.utec.edu.pe.Lab01Test" time="0.001"/>
  <testcase name="test01" classname="cs.utec.edu.pe.Lab01Test" time="0"/>
  <testcase name="test01" classname="cs.utec.edu.pe.Lab01Test" time="0"/>
  <testcase name="test01" classname="cs.utec.edu.pe.Lab01Test" time="0"/>
  <testcase name="test01" classname="cs.utec.edu.pe.Lab01Test" time="0"/>
  <testcase name="test01" classname="cs.utec.edu.pe.Lab01Test" time="0"/>
  <testcase name="test01" classname="cs.utec.edu.pe.Lab01Test" time="0"/>
  <testcase name="test01" classname="cs.utec.edu.pe.Lab01Test" time="0"/>
  <testcase name="test01" classname="cs.utec.edu.pe.Lab01Test" time="0"/>
  <testcase name="test01" classname="cs.utec.edu.pe.Lab01Test" time="0"/>
  <testcase name="test01" classname="cs.utec.edu.pe.Lab01Test" time="0"/>
  <testcase name="test01" classname="cs.utec.edu.pe.Lab01Test" time="0"/>
  <testcase name="test01" classname="cs.utec.edu.pe.Lab01Test" time="0"/>
  <testcase name="test01" classname="cs.utec.edu.pe.Lab01Test" time="0"/>
  <testcase name="test01" classname="cs.utec.edu.pe.Lab01Test" time="0"/>
  <testcase name="test01" classname="cs.utec.edu.pe.Lab01Test" time="0.001"/>
  <testcase name="test01" classname="cs.utec.edu.pe.Lab01Test" time="0.001"/>
  <testcase name="test01" classname="cs.utec.edu.pe.Lab01Test" time="0"/>
  <testcase name="test01" classname="cs.utec.edu.pe.Lab01Test" time="0"/>
  <testcase name="test01" classname="cs.utec.edu.pe.Lab01Test" time="0"/>
  <testcase name="test01" classname="cs.utec.edu.pe.Lab01Test" time="0"/>
  <testcase name="test01" classname="cs.utec.edu.pe.Lab01Test" time="0"/>
  <testcase name="test01" classname="cs.utec.edu.pe.Lab01Test" time="0"/>
  <testcase name="test01" classname="cs.utec.edu.pe.Lab01Test" time="0"/>
  <testcase name="test01" classname="cs.utec.edu.pe.Lab01Test" time="0"/>
  <testcase name="test01" classname="cs.utec.edu.pe.Lab01Test" time="0"/>
  <testcase name="test01" classname="cs.utec.edu.pe.Lab01Test" time="0"/>
  <testcase name="test01" classname="cs.utec.edu.pe.Lab01Test" time="0"/>
  <testcase name="test01" classname="cs.utec.edu.pe.Lab01Test" time="0"/>
  <testcase name="test01" classname="cs.utec.edu.pe.Lab01Test" time="0"/>
  <testcase name="test01" classname="cs.utec.edu.pe.Lab01Test" time="0"/>
  <testcase name="test01" classname="cs.utec.edu.pe.Lab01Test" time="0"/>
  <testcase name="test01" classname="cs.utec.edu.pe.Lab01Test" time="0"/>
  <testcase name="test01" classname="cs.utec.edu.pe.Lab01Test" time="0"/>
  <testcase name="test01" classname="cs.utec.edu.pe.Lab01Test" time="0"/>
  <testcase name="test01" classname="cs.utec.edu.pe.Lab01Test" time="0"/>
  <testcase name="test01" classname="cs.utec.edu.pe.Lab01Test" time="0"/>
  <testcase name="test01" classname="cs.utec.edu.pe.Lab01Test" time="0"/>
  <testcase name="test01" classname="cs.utec.edu.pe.Lab01Test" time="0"/>
  <testcase name="test01" classname="cs.utec.edu.pe.Lab01Test" time="0"/>
  <testcase name="test01" classname="cs.utec.edu.pe.Lab01Test" time="0"/>
  <testcase name="test01" classname="cs.utec.edu.pe.Lab01Test" time="0"/>
  <testcase name="test01" classname="cs.utec.edu.pe.Lab01Test" time="0"/>
  <testcase name="test01" classname="cs.utec.edu.pe.Lab01Test" time="0"/>
  <testcase name="test01" classname="cs.utec.edu.pe.Lab01Test" time="0"/>
  <testcase name="test01" classname="cs.utec.edu.pe.Lab01Test" time="0"/>
  <testcase name="test01" classname="cs.utec.edu.pe.Lab01Test" time="0"/>
  <testcase name="test01" classname="cs.utec.edu.pe.Lab01Test" time="0"/>
  <testcase name="test01" classname="cs.utec.edu.pe.Lab01Test" time="0"/>
  <testcase name="test01" classname="cs.utec.edu.pe.Lab01Test" time="0"/>
  <testcase name="test01" classname="cs.utec.edu.pe.Lab01Test" time="0"/>
  <testcase name="test01" classname="cs.utec.edu.pe.Lab01Test" time="0"/>
  <testcase name="test01" classname="cs.utec.edu.pe.Lab01Test" time="0"/>
  <testcase name="test01" classname="cs.utec.edu.pe.Lab01Test" time="0"/>
  <testcase name="test01" classname="cs.utec.edu.pe.Lab01Test" time="0"/>
  <testcase name="test01" classname="cs.utec.edu.pe.Lab01Test" time="0"/>
  <testcase name="test01" classname="cs.utec.edu.pe.Lab01Test" time="0"/>
  <testcase name="test01" classname="cs.utec.edu.pe.Lab01Test" time="0"/>
  <testcase name="test01" classname="cs.utec.edu.pe.Lab01Test" time="0"/>
  <testcase name="test01" classname="cs.utec.edu.pe.Lab01Test" time="0"/>
  <testcase name="test01" classname="cs.utec.edu.pe.Lab01Test" time="0"/>
  <testcase name="test01" classname="cs.utec.edu.pe.Lab01Test" time="0"/>
  <testcase name="test01" classname="cs.utec.edu.pe.Lab01Test" time="0"/>
  <testcase name="test01" classname="cs.utec.edu.pe.Lab01Test" time="0"/>
  <testcase name="test01" classname="cs.utec.edu.pe.Lab01Test" time="0"/>
  <testcase name="test01" classname="cs.utec.edu.pe.Lab01Test" time="0"/>
  <testcase name="test01" classname="cs.utec.edu.pe.Lab01Test" time="0"/>
  <testcase name="test01" classname="cs.utec.edu.pe.Lab01Test" time="0"/>
  <testcase name="test01" classname="cs.utec.edu.pe.Lab01Test" time="0"/>
  <testcase name="test01" classname="cs.utec.edu.pe.Lab01Test" time="0"/>
  <testcase name="test01" classname="cs.utec.edu.pe.Lab01Test" time="0"/>
  <testcase name="test01" classname="cs.utec.edu.pe.Lab01Test" time="0"/>
  <testcase name="test01" classname="cs.utec.edu.pe.Lab01Test" time="0"/>
  <testcase name="test01" classname="cs.utec.edu.pe.Lab01Test" time="0"/>
  <testcase name="test01" classname="cs.utec.edu.pe.Lab01Test" time="0.001"/>
  <testcase name="test01" classname="cs.utec.edu.pe.Lab01Test" time="0"/>
  <testcase name="test01" classname="cs.utec.edu.pe.Lab01Test" time="0"/>
  <testcase name="test01" classname="cs.utec.edu.pe.Lab01Test" time="0"/>
  <testcase name="test01" classname="cs.utec.edu.pe.Lab01Test" time="0"/>
  <testcase name="test01" classname="cs.utec.edu.pe.Lab01Test" time="0"/>
  <testcase name="test01" classname="cs.utec.edu.pe.Lab01Test" time="0"/>
  <testcase name="test01" classname="cs.utec.edu.pe.Lab01Test" time="0"/>
  <testcase name="test01" classname="cs.utec.edu.pe.Lab01Test" time="0"/>
  <testcase name="test01" classname="cs.utec.edu.pe.Lab01Test" time="0"/>
  <testcase name="test01" classname="cs.utec.edu.pe.Lab01Test" time="0"/>
  <testcase name="test01" classname="cs.utec.edu.pe.Lab01Test" time="0"/>
  <testcase name="test01" classname="cs.utec.edu.pe.Lab01Test" time="0"/>
  <testcase name="test01" classname="cs.utec.edu.pe.Lab01Test" time="0"/>
  <testcase name="test01" classname="cs.utec.edu.pe.Lab01Test" time="0"/>
  <testcase name="test01" classname="cs.utec.edu.pe.Lab01Test" time="0.001"/>
  <testcase name="test01" classname="cs.utec.edu.pe.Lab01Test" time="0"/>
  <testcase name="test01" classname="cs.utec.edu.pe.Lab01Test" time="0"/>
  <testcase name="test01" classname="cs.utec.edu.pe.Lab01Test" time="0"/>
  <testcase name="test01" classname="cs.utec.edu.pe.Lab01Test" time="0"/>
  <testcase name="test01" classname="cs.utec.edu.pe.Lab01Test" time="0"/>
  <testcase name="test01" classname="cs.utec.edu.pe.Lab01Test" time="0"/>
  <testcase name="test01" classname="cs.utec.edu.pe.Lab01Test" time="0"/>
  <testcase name="test01" classname="cs.utec.edu.pe.Lab01Test" time="0"/>
  <testcase name="test01" classname="cs.utec.edu.pe.Lab01Test" time="0"/>
  <testcase name="test01" classname="cs.utec.edu.pe.Lab01Test" time="0"/>
  <testcase name="test01" classname="cs.utec.edu.pe.Lab01Test" time="0"/>
  <testcase name="test01" classname="cs.utec.edu.pe.Lab01Test" time="0"/>
  <testcase name="test01" classname="cs.utec.edu.pe.Lab01Test" time="0"/>
  <testcase name="test01" classname="cs.utec.edu.pe.Lab01Test" time="0"/>
  <testcase name="test01" classname="cs.utec.edu.pe.Lab01Test" time="0"/>
  <testcase name="test01" classname="cs.utec.edu.pe.Lab01Test" time="0"/>
  <testcase name="test01" classname="cs.utec.edu.pe.Lab01Test" time="0"/>
  <testcase name="test01" classname="cs.utec.edu.pe.Lab01Test" time="0"/>
  <testcase name="test01" classname="cs.utec.edu.pe.Lab01Test" time="0"/>
  <testcase name="test01" classname="cs.utec.edu.pe.Lab01Test" time="0"/>
  <testcase name="test01" classname="cs.utec.edu.pe.Lab01Test" time="0"/>
  <testcase name="test01" classname="cs.utec.edu.pe.Lab01Test" time="0"/>
  <testcase name="test01" classname="cs.utec.edu.pe.Lab01Test" time="0"/>
  <testcase name="test01" classname="cs.utec.edu.pe.Lab01Test" time="0"/>
  <testcase name="test01" classname="cs.utec.edu.pe.Lab01Test" time="0"/>
  <testcase name="test01" classname="cs.utec.edu.pe.Lab01Test" time="0"/>
  <testcase name="test01" classname="cs.utec.edu.pe.Lab01Test" time="0"/>
  <testcase name="test01" classname="cs.utec.edu.pe.Lab01Test" time="0"/>
  <testcase name="test01" classname="cs.utec.edu.pe.Lab01Test" time="0"/>
  <testcase name="test01" classname="cs.utec.edu.pe.Lab01Test" time="0"/>
  <testcase name="test01" classname="cs.utec.edu.pe.Lab01Test" time="0"/>
  <testcase name="test01" classname="cs.utec.edu.pe.Lab01Test" time="0"/>
  <testcase name="test01" classname="cs.utec.edu.pe.Lab01Test" time="0"/>
  <testcase name="test01" classname="cs.utec.edu.pe.Lab01Test" time="0"/>
  <testcase name="test01" classname="cs.utec.edu.pe.Lab01Test" time="0"/>
  <testcase name="test01" classname="cs.utec.edu.pe.Lab01Test" time="0"/>
  <testcase name="test01" classname="cs.utec.edu.pe.Lab01Test" time="0"/>
  <testcase name="test01" classname="cs.utec.edu.pe.Lab01Test" time="0"/>
  <testcase name="test01" classname="cs.utec.edu.pe.Lab01Test" time="0"/>
  <testcase name="test01" classname="cs.utec.edu.pe.Lab01Test" time="0"/>
  <testcase name="test01" classname="cs.utec.edu.pe.Lab01Test" time="0"/>
  <testcase name="test01" classname="cs.utec.edu.pe.Lab01Test" time="0"/>
  <testcase name="test01" classname="cs.utec.edu.pe.Lab01Test" time="0"/>
  <testcase name="test01" classname="cs.utec.edu.pe.Lab01Test" time="0"/>
  <testcase name="test01" classname="cs.utec.edu.pe.Lab01Test" time="0"/>
  <testcase name="test01" classname="cs.utec.edu.pe.Lab01Test" time="0"/>
  <testcase name="test01" classname="cs.utec.edu.pe.Lab01Test" time="0"/>
  <testcase name="test01" classname="cs.utec.edu.pe.Lab01Test" time="0"/>
  <testcase name="test01" classname="cs.utec.edu.pe.Lab01Test" time="0"/>
  <testcase name="test01" classname="cs.utec.edu.pe.Lab01Test" time="0"/>
  <testcase name="test01" classname="cs.utec.edu.pe.Lab01Test" time="0"/>
  <testcase name="test01" classname="cs.utec.edu.pe.Lab01Test" time="0"/>
  <testcase name="test01" classname="cs.utec.edu.pe.Lab01Test" time="0"/>
  <testcase name="test01" classname="cs.utec.edu.pe.Lab01Test" time="0"/>
  <testcase name="test01" classname="cs.utec.edu.pe.Lab01Test" time="0"/>
  <testcase name="test01" classname="cs.utec.edu.pe.Lab01Test" time="0"/>
  <testcase name="test01" classname="cs.utec.edu.pe.Lab01Test" time="0"/>
  <testcase name="test01" classname="cs.utec.edu.pe.Lab01Test" time="0"/>
  <testcase name="test01" classname="cs.utec.edu.pe.Lab01Test" time="0"/>
  <testcase name="test01" classname="cs.utec.edu.pe.Lab01Test" time="0"/>
  <testcase name="test01" classname="cs.utec.edu.pe.Lab01Test" time="0"/>
  <testcase name="test01" classname="cs.utec.edu.pe.Lab01Test" time="0"/>
  <testcase name="test01" classname="cs.utec.edu.pe.Lab01Test" time="0"/>
  <testcase name="test01" classname="cs.utec.edu.pe.Lab01Test" time="0"/>
  <testcase name="test01" classname="cs.utec.edu.pe.Lab01Test" time="0"/>
  <testcase name="test01" classname="cs.utec.edu.pe.Lab01Test" time="0"/>
  <testcase name="test01" classname="cs.utec.edu.pe.Lab01Test" time="0"/>
  <testcase name="test01" classname="cs.utec.edu.pe.Lab01Test" time="0"/>
  <testcase name="test01" classname="cs.utec.edu.pe.Lab01Test" time="0"/>
  <testcase name="test01" classname="cs.utec.edu.pe.Lab01Test" time="0"/>
  <testcase name="test01" classname="cs.utec.edu.pe.Lab01Test" time="0"/>
  <testcase name="test01" classname="cs.utec.edu.pe.Lab01Test" time="0"/>
  <testcase name="test01" classname="cs.utec.edu.pe.Lab01Test" time="0"/>
  <testcase name="test01" classname="cs.utec.edu.pe.Lab01Test" time="0"/>
  <testcase name="test01" classname="cs.utec.edu.pe.Lab01Test" time="0"/>
  <testcase name="test01" classname="cs.utec.edu.pe.Lab01Test" time="0"/>
  <testcase name="test01" classname="cs.utec.edu.pe.Lab01Test" time="0"/>
  <testcase name="test01" classname="cs.utec.edu.pe.Lab01Test" time="0"/>
  <testcase name="test01" classname="cs.utec.edu.pe.Lab01Test" time="0"/>
  <testcase name="test01" classname="cs.utec.edu.pe.Lab01Test" time="0"/>
  <testcase name="test01" classname="cs.utec.edu.pe.Lab01Test" time="0"/>
  <testcase name="test01" classname="cs.utec.edu.pe.Lab01Test" time="0.001"/>
  <testcase name="test01" classname="cs.utec.edu.pe.Lab01Test" time="0"/>
  <testcase name="test01" classname="cs.utec.edu.pe.Lab01Test" time="0"/>
  <testcase name="test01" classname="cs.utec.edu.pe.Lab01Test" time="0"/>
  <testcase name="test01" classname="cs.utec.edu.pe.Lab01Test" time="0"/>
  <testcase name="test01" classname="cs.utec.edu.pe.Lab01Test" time="0"/>
  <testcase name="test01" classname="cs.utec.edu.pe.Lab01Test" time="0"/>
  <testcase name="test01" classname="cs.utec.edu.pe.Lab01Test" time="0"/>
  <testcase name="test01" classname="cs.utec.edu.pe.Lab01Test" time="0"/>
  <testcase name="test01" classname="cs.utec.edu.pe.Lab01Test" time="0"/>
  <testcase name="test01" classname="cs.utec.edu.pe.Lab01Test" time="0"/>
  <testcase name="test01" classname="cs.utec.edu.pe.Lab01Test" time="0"/>
  <testcase name="test01" classname="cs.utec.edu.pe.Lab01Test" time="0"/>
  <testcase name="test01" classname="cs.utec.edu.pe.Lab01Test" time="0"/>
  <testcase name="test01" classname="cs.utec.edu.pe.Lab01Test" time="0"/>
  <testcase name="test01" classname="cs.utec.edu.pe.Lab01Test" time="0"/>
  <testcase name="test01" classname="cs.utec.edu.pe.Lab01Test" time="0"/>
  <testcase name="test01" classname="cs.utec.edu.pe.Lab01Test" time="0"/>
  <testcase name="test01" classname="cs.utec.edu.pe.Lab01Test" time="0"/>
  <testcase name="test01" classname="cs.utec.edu.pe.Lab01Test" time="0"/>
  <testcase name="test01" classname="cs.utec.edu.pe.Lab01Test" time="0.001"/>
  <testcase name="test01" classname="cs.utec.edu.pe.Lab01Test" time="0"/>
  <testcase name="test01" classname="cs.utec.edu.pe.Lab01Test" time="0"/>
  <testcase name="test01" classname="cs.utec.edu.pe.Lab01Test" time="0"/>
  <testcase name="test01" classname="cs.utec.edu.pe.Lab01Test" time="0"/>
  <testcase name="test01" classname="cs.utec.edu.pe.Lab01Test" time="0"/>
  <testcase name="test01" classname="cs.utec.edu.pe.Lab01Test" time="0"/>
  <testcase name="test01" classname="cs.utec.edu.pe.Lab01Test" time="0"/>
  <testcase name="test01" classname="cs.utec.edu.pe.Lab01Test" time="0"/>
  <testcase name="test01" classname="cs.utec.edu.pe.Lab01Test" time="0"/>
  <testcase name="test01" classname="cs.utec.edu.pe.Lab01Test" time="0"/>
  <testcase name="test01" classname="cs.utec.edu.pe.Lab01Test" time="0"/>
  <testcase name="test01" classname="cs.utec.edu.pe.Lab01Test" time="0"/>
  <testcase name="test01" classname="cs.utec.edu.pe.Lab01Test" time="0"/>
  <testcase name="test01" classname="cs.utec.edu.pe.Lab01Test" time="0"/>
  <testcase name="test01" classname="cs.utec.edu.pe.Lab01Test" time="0"/>
  <testcase name="test01" classname="cs.utec.edu.pe.Lab01Test" time="0"/>
  <testcase name="test01" classname="cs.utec.edu.pe.Lab01Test" time="0"/>
  <testcase name="test01" classname="cs.utec.edu.pe.Lab01Test" time="0"/>
  <testcase name="test01" classname="cs.utec.edu.pe.Lab01Test" time="0"/>
  <testcase name="test01" classname="cs.utec.edu.pe.Lab01Test" time="0.001"/>
  <testcase name="test01" classname="cs.utec.edu.pe.Lab01Test" time="0"/>
  <testcase name="test01" classname="cs.utec.edu.pe.Lab01Test" time="0"/>
  <testcase name="test01" classname="cs.utec.edu.pe.Lab01Test" time="0"/>
  <testcase name="test01" classname="cs.utec.edu.pe.Lab01Test" time="0"/>
  <testcase name="test01" classname="cs.utec.edu.pe.Lab01Test" time="0"/>
  <testcase name="test01" classname="cs.utec.edu.pe.Lab01Test" time="0"/>
  <testcase name="test01" classname="cs.utec.edu.pe.Lab01Test" time="0"/>
  <testcase name="test01" classname="cs.utec.edu.pe.Lab01Test" time="0"/>
  <testcase name="test01" classname="cs.utec.edu.pe.Lab01Test" time="0"/>
  <testcase name="test01" classname="cs.utec.edu.pe.Lab01Test" time="0"/>
  <testcase name="test01" classname="cs.utec.edu.pe.Lab01Test" time="0"/>
  <testcase name="test01" classname="cs.utec.edu.pe.Lab01Test" time="0"/>
  <testcase name="test01" classname="cs.utec.edu.pe.Lab01Test" time="0"/>
  <testcase name="test01" classname="cs.utec.edu.pe.Lab01Test" time="0"/>
  <testcase name="test01" classname="cs.utec.edu.pe.Lab01Test" time="0"/>
  <testcase name="test01" classname="cs.utec.edu.pe.Lab01Test" time="0"/>
  <testcase name="test01" classname="cs.utec.edu.pe.Lab01Test" time="0"/>
  <testcase name="test01" classname="cs.utec.edu.pe.Lab01Test" time="0"/>
  <testcase name="test01" classname="cs.utec.edu.pe.Lab01Test" time="0"/>
  <testcase name="test01" classname="cs.utec.edu.pe.Lab01Test" time="0"/>
  <testcase name="test01" classname="cs.utec.edu.pe.Lab01Test" time="0"/>
  <testcase name="test01" classname="cs.utec.edu.pe.Lab01Test" time="0"/>
  <testcase name="test01" classname="cs.utec.edu.pe.Lab01Test" time="0"/>
  <testcase name="test01" classname="cs.utec.edu.pe.Lab01Test" time="0"/>
  <testcase name="test01" classname="cs.utec.edu.pe.Lab01Test" time="0"/>
  <testcase name="test01" classname="cs.utec.edu.pe.Lab01Test" time="0"/>
  <testcase name="test01" classname="cs.utec.edu.pe.Lab01Test" time="0"/>
  <testcase name="test01" classname="cs.utec.edu.pe.Lab01Test" time="0"/>
  <testcase name="test01" classname="cs.utec.edu.pe.Lab01Test" time="0"/>
  <testcase name="test01" classname="cs.utec.edu.pe.Lab01Test" time="0"/>
  <testcase name="test01" classname="cs.utec.edu.pe.Lab01Test" time="0"/>
  <testcase name="test01" classname="cs.utec.edu.pe.Lab01Test" time="0"/>
  <testcase name="test01" classname="cs.utec.edu.pe.Lab01Test" time="0"/>
  <testcase name="test01" classname="cs.utec.edu.pe.Lab01Test" time="0"/>
  <testcase name="test01" classname="cs.utec.edu.pe.Lab01Test" time="0"/>
  <testcase name="test01" classname="cs.utec.edu.pe.Lab01Test" time="0"/>
  <testcase name="test01" classname="cs.utec.edu.pe.Lab01Test" time="0"/>
  <testcase name="test01" classname="cs.utec.edu.pe.Lab01Test" time="0"/>
  <testcase name="test01" classname="cs.utec.edu.pe.Lab01Test" time="0"/>
  <testcase name="test01" classname="cs.utec.edu.pe.Lab01Test" time="0"/>
  <testcase name="test01" classname="cs.utec.edu.pe.Lab01Test" time="0"/>
  <testcase name="test01" classname="cs.utec.edu.pe.Lab01Test" time="0"/>
  <testcase name="test01" classname="cs.utec.edu.pe.Lab01Test" time="0"/>
  <testcase name="test01" classname="cs.utec.edu.pe.Lab01Test" time="0"/>
  <testcase name="test01" classname="cs.utec.edu.pe.Lab01Test" time="0"/>
  <testcase name="test01" classname="cs.utec.edu.pe.Lab01Test" time="0"/>
  <testcase name="test01" classname="cs.utec.edu.pe.Lab01Test" time="0"/>
  <testcase name="test01" classname="cs.utec.edu.pe.Lab01Test" time="0"/>
  <testcase name="test01" classname="cs.utec.edu.pe.Lab01Test" time="0"/>
  <testcase name="test01" classname="cs.utec.edu.pe.Lab01Test" time="0"/>
  <testcase name="test01" classname="cs.utec.edu.pe.Lab01Test" time="0"/>
  <testcase name="test01" classname="cs.utec.edu.pe.Lab01Test" time="0"/>
  <testcase name="test01" classname="cs.utec.edu.pe.Lab01Test" time="0"/>
  <testcase name="test01" classname="cs.utec.edu.pe.Lab01Test" time="0"/>
  <testcase name="test01" classname="cs.utec.edu.pe.Lab01Test" time="0"/>
  <testcase name="test01" classname="cs.utec.edu.pe.Lab01Test" time="0"/>
  <testcase name="test01" classname="cs.utec.edu.pe.Lab01Test" time="0"/>
  <testcase name="test01" classname="cs.utec.edu.pe.Lab01Test" time="0"/>
  <testcase name="test01" classname="cs.utec.edu.pe.Lab01Test" time="0"/>
  <testcase name="test01" classname="cs.utec.edu.pe.Lab01Test" time="0"/>
  <testcase name="test01" classname="cs.utec.edu.pe.Lab01Test" time="0"/>
  <testcase name="test01" classname="cs.utec.edu.pe.Lab01Test" time="0"/>
  <testcase name="test01" classname="cs.utec.edu.pe.Lab01Test" time="0"/>
  <testcase name="test01" classname="cs.utec.edu.pe.Lab01Test" time="0"/>
  <testcase name="test01" classname="cs.utec.edu.pe.Lab01Test" time="0"/>
  <testcase name="test01" classname="cs.utec.edu.pe.Lab01Test" time="0"/>
  <testcase name="test01" classname="cs.utec.edu.pe.Lab01Test" time="0"/>
  <testcase name="test01" classname="cs.utec.edu.pe.Lab01Test" time="0"/>
  <testcase name="test01" classname="cs.utec.edu.pe.Lab01Test" time="0"/>
  <testcase name="test01" classname="cs.utec.edu.pe.Lab01Test" time="0"/>
  <testcase name="test01" classname="cs.utec.edu.pe.Lab01Test" time="0"/>
  <testcase name="test01" classname="cs.utec.edu.pe.Lab01Test" time="0.001"/>
  <testcase name="test01" classname="cs.utec.edu.pe.Lab01Test" time="0.001"/>
  <testcase name="test01" classname="cs.utec.edu.pe.Lab01Test" time="0"/>
  <testcase name="test01" classname="cs.utec.edu.pe.Lab01Test" time="0"/>
  <testcase name="test01" classname="cs.utec.edu.pe.Lab01Test" time="0"/>
  <testcase name="test01" classname="cs.utec.edu.pe.Lab01Test" time="0"/>
  <testcase name="test01" classname="cs.utec.edu.pe.Lab01Test" time="0"/>
  <testcase name="test01" classname="cs.utec.edu.pe.Lab01Test" time="0"/>
  <testcase name="test01" classname="cs.utec.edu.pe.Lab01Test" time="0"/>
  <testcase name="test01" classname="cs.utec.edu.pe.Lab01Test" time="0"/>
  <testcase name="test01" classname="cs.utec.edu.pe.Lab01Test" time="0"/>
  <testcase name="test01" classname="cs.utec.edu.pe.Lab01Test" time="0"/>
  <testcase name="test01" classname="cs.utec.edu.pe.Lab01Test" time="0"/>
  <testcase name="test01" classname="cs.utec.edu.pe.Lab01Test" time="0"/>
  <testcase name="test01" classname="cs.utec.edu.pe.Lab01Test" time="0"/>
  <testcase name="test01" classname="cs.utec.edu.pe.Lab01Test" time="0"/>
  <testcase name="test01" classname="cs.utec.edu.pe.Lab01Test" time="0"/>
  <testcase name="test01" classname="cs.utec.edu.pe.Lab01Test" time="0.001"/>
  <testcase name="test01" classname="cs.utec.edu.pe.Lab01Test" time="0"/>
  <testcase name="test01" classname="cs.utec.edu.pe.Lab01Test" time="0"/>
  <testcase name="test01" classname="cs.utec.edu.pe.Lab01Test" time="0"/>
  <testcase name="test01" classname="cs.utec.edu.pe.Lab01Test" time="0"/>
  <testcase name="test01" classname="cs.utec.edu.pe.Lab01Test" time="0"/>
  <testcase name="test01" classname="cs.utec.edu.pe.Lab01Test" time="0"/>
  <testcase name="test01" classname="cs.utec.edu.pe.Lab01Test" time="0"/>
  <testcase name="test01" classname="cs.utec.edu.pe.Lab01Test" time="0"/>
  <testcase name="test01" classname="cs.utec.edu.pe.Lab01Test" time="0"/>
  <testcase name="test01" classname="cs.utec.edu.pe.Lab01Test" time="0"/>
  <testcase name="test01" classname="cs.utec.edu.pe.Lab01Test" time="0"/>
  <testcase name="test01" classname="cs.utec.edu.pe.Lab01Test" time="0"/>
  <testcase name="test01" classname="cs.utec.edu.pe.Lab01Test" time="0"/>
  <testcase name="test01" classname="cs.utec.edu.pe.Lab01Test" time="0"/>
  <testcase name="test01" classname="cs.utec.edu.pe.Lab01Test" time="0"/>
  <testcase name="test01" classname="cs.utec.edu.pe.Lab01Test" time="0"/>
  <testcase name="test01" classname="cs.utec.edu.pe.Lab01Test" time="0"/>
  <testcase name="test01" classname="cs.utec.edu.pe.Lab01Test" time="0"/>
  <testcase name="test01" classname="cs.utec.edu.pe.Lab01Test" time="0"/>
  <testcase name="test01" classname="cs.utec.edu.pe.Lab01Test" time="0"/>
  <testcase name="test01" classname="cs.utec.edu.pe.Lab01Test" time="0"/>
  <testcase name="test01" classname="cs.utec.edu.pe.Lab01Test" time="0"/>
  <testcase name="test01" classname="cs.utec.edu.pe.Lab01Test" time="0"/>
  <testcase name="test01" classname="cs.utec.edu.pe.Lab01Test" time="0"/>
  <testcase name="test01" classname="cs.utec.edu.pe.Lab01Test" time="0"/>
  <testcase name="test01" classname="cs.utec.edu.pe.Lab01Test" time="0"/>
  <testcase name="test01" classname="cs.utec.edu.pe.Lab01Test" time="0"/>
  <testcase name="test01" classname="cs.utec.edu.pe.Lab01Test" time="0"/>
  <testcase name="test01" classname="cs.utec.edu.pe.Lab01Test" time="0"/>
  <testcase name="test01" classname="cs.utec.edu.pe.Lab01Test" time="0"/>
  <testcase name="test01" classname="cs.utec.edu.pe.Lab01Test" time="0"/>
  <testcase name="test01" classname="cs.utec.edu.pe.Lab01Test" time="0"/>
  <testcase name="test01" classname="cs.utec.edu.pe.Lab01Test" time="0"/>
  <testcase name="test01" classname="cs.utec.edu.pe.Lab01Test" time="0"/>
  <testcase name="test01" classname="cs.utec.edu.pe.Lab01Test" time="0"/>
  <testcase name="test01" classname="cs.utec.edu.pe.Lab01Test" time="0"/>
  <testcase name="test01" classname="cs.utec.edu.pe.Lab01Test" time="0"/>
  <testcase name="test01" classname="cs.utec.edu.pe.Lab01Test" time="0"/>
  <testcase name="test01" classname="cs.utec.edu.pe.Lab01Test" time="0"/>
  <testcase name="test01" classname="cs.utec.edu.pe.Lab01Test" time="0"/>
  <testcase name="test01" classname="cs.utec.edu.pe.Lab01Test" time="0"/>
  <testcase name="test01" classname="cs.utec.edu.pe.Lab01Test" time="0"/>
  <testcase name="test01" classname="cs.utec.edu.pe.Lab01Test" time="0"/>
  <testcase name="test01" classname="cs.utec.edu.pe.Lab01Test" time="0"/>
  <testcase name="test01" classname="cs.utec.edu.pe.Lab01Test" time="0"/>
  <testcase name="test01" classname="cs.utec.edu.pe.Lab01Test" time="0"/>
  <testcase name="test01" classname="cs.utec.edu.pe.Lab01Test" time="0"/>
  <testcase name="test01" classname="cs.utec.edu.pe.Lab01Test" time="0"/>
  <testcase name="test01" classname="cs.utec.edu.pe.Lab01Test" time="0"/>
  <testcase name="test01" classname="cs.utec.edu.pe.Lab01Test" time="0"/>
  <testcase name="test01" classname="cs.utec.edu.pe.Lab01Test" time="0"/>
  <testcase name="test01" classname="cs.utec.edu.pe.Lab01Test" time="0"/>
  <testcase name="test01" classname="cs.utec.edu.pe.Lab01Test" time="0"/>
  <testcase name="test01" classname="cs.utec.edu.pe.Lab01Test" time="0"/>
  <testcase name="test01" classname="cs.utec.edu.pe.Lab01Test" time="0"/>
  <testcase name="test01" classname="cs.utec.edu.pe.Lab01Test" time="0"/>
  <testcase name="test01" classname="cs.utec.edu.pe.Lab01Test" time="0"/>
  <testcase name="test01" classname="cs.utec.edu.pe.Lab01Test" time="0"/>
  <testcase name="test01" classname="cs.utec.edu.pe.Lab01Test" time="0"/>
  <testcase name="test01" classname="cs.utec.edu.pe.Lab01Test" time="0"/>
  <testcase name="test01" classname="cs.utec.edu.pe.Lab01Test" time="0"/>
  <testcase name="test01" classname="cs.utec.edu.pe.Lab01Test" time="0.001"/>
  <testcase name="test01" classname="cs.utec.edu.pe.Lab01Test" time="0"/>
  <testcase name="test01" classname="cs.utec.edu.pe.Lab01Test" time="0"/>
  <testcase name="test01" classname="cs.utec.edu.pe.Lab01Test" time="0"/>
  <testcase name="test01" classname="cs.utec.edu.pe.Lab01Test" time="0"/>
  <testcase name="test01" classname="cs.utec.edu.pe.Lab01Test" time="0"/>
  <testcase name="test01" classname="cs.utec.edu.pe.Lab01Test" time="0"/>
  <testcase name="test01" classname="cs.utec.edu.pe.Lab01Test" time="0"/>
  <testcase name="test01" classname="cs.utec.edu.pe.Lab01Test" time="0"/>
  <testcase name="test01" classname="cs.utec.edu.pe.Lab01Test" time="0"/>
  <testcase name="test01" classname="cs.utec.edu.pe.Lab01Test" time="0"/>
  <testcase name="test01" classname="cs.utec.edu.pe.Lab01Test" time="0"/>
  <testcase name="test01" classname="cs.utec.edu.pe.Lab01Test" time="0"/>
  <testcase name="test01" classname="cs.utec.edu.pe.Lab01Test" time="0"/>
  <testcase name="test01" classname="cs.utec.edu.pe.Lab01Test" time="0"/>
  <testcase name="test01" classname="cs.utec.edu.pe.Lab01Test" time="0"/>
  <testcase name="test01" classname="cs.utec.edu.pe.Lab01Test" time="0"/>
  <testcase name="test01" classname="cs.utec.edu.pe.Lab01Test" time="0"/>
  <testcase name="test01" classname="cs.utec.edu.pe.Lab01Test" time="0"/>
  <testcase name="test01" classname="cs.utec.edu.pe.Lab01Test" time="0"/>
  <testcase name="test01" classname="cs.utec.edu.pe.Lab01Test" time="0"/>
  <testcase name="test01" classname="cs.utec.edu.pe.Lab01Test" time="0"/>
  <testcase name="test01" classname="cs.utec.edu.pe.Lab01Test" time="0"/>
  <testcase name="test01" classname="cs.utec.edu.pe.Lab01Test" time="0"/>
  <testcase name="test01" classname="cs.utec.edu.pe.Lab01Test" time="0"/>
  <testcase name="test01" classname="cs.utec.edu.pe.Lab01Test" time="0"/>
  <testcase name="test01" classname="cs.utec.edu.pe.Lab01Test" time="0"/>
  <testcase name="test01" classname="cs.utec.edu.pe.Lab01Test" time="0"/>
  <testcase name="test01" classname="cs.utec.edu.pe.Lab01Test" time="0"/>
  <testcase name="test01" classname="cs.utec.edu.pe.Lab01Test" time="0"/>
  <testcase name="test01" classname="cs.utec.edu.pe.Lab01Test" time="0"/>
  <testcase name="test01" classname="cs.utec.edu.pe.Lab01Test" time="0"/>
  <testcase name="test01" classname="cs.utec.edu.pe.Lab01Test" time="0"/>
  <testcase name="test01" classname="cs.utec.edu.pe.Lab01Test" time="0"/>
  <testcase name="test01" classname="cs.utec.edu.pe.Lab01Test" time="0"/>
  <testcase name="test01" classname="cs.utec.edu.pe.Lab01Test" time="0"/>
  <testcase name="test01" classname="cs.utec.edu.pe.Lab01Test" time="0"/>
  <testcase name="test01" classname="cs.utec.edu.pe.Lab01Test" time="0"/>
  <testcase name="test01" classname="cs.utec.edu.pe.Lab01Test" time="0"/>
  <testcase name="test01" classname="cs.utec.edu.pe.Lab01Test" time="0"/>
  <testcase name="test01" classname="cs.utec.edu.pe.Lab01Test" time="0"/>
  <testcase name="test01" classname="cs.utec.edu.pe.Lab01Test" time="0"/>
  <testcase name="test01" classname="cs.utec.edu.pe.Lab01Test" time="0"/>
  <testcase name="test01" classname="cs.utec.edu.pe.Lab01Test" time="0"/>
  <testcase name="test01" classname="cs.utec.edu.pe.Lab01Test" time="0"/>
  <testcase name="test01" classname="cs.utec.edu.pe.Lab01Test" time="0"/>
  <testcase name="test01" classname="cs.utec.edu.pe.Lab01Test" time="0"/>
  <testcase name="test01" classname="cs.utec.edu.pe.Lab01Test" time="0"/>
  <testcase name="test01" classname="cs.utec.edu.pe.Lab01Test" time="0"/>
  <testcase name="test01" classname="cs.utec.edu.pe.Lab01Test" time="0"/>
  <testcase name="test01" classname="cs.utec.edu.pe.Lab01Test" time="0"/>
  <testcase name="test01" classname="cs.utec.edu.pe.Lab01Test" time="0"/>
  <testcase name="test01" classname="cs.utec.edu.pe.Lab01Test" time="0"/>
  <testcase name="test01" classname="cs.utec.edu.pe.Lab01Test" time="0"/>
  <testcase name="test01" classname="cs.utec.edu.pe.Lab01Test" time="0"/>
  <testcase name="test01" classname="cs.utec.edu.pe.Lab01Test" time="0"/>
  <testcase name="test01" classname="cs.utec.edu.pe.Lab01Test" time="0"/>
  <testcase name="test01" classname="cs.utec.edu.pe.Lab01Test" time="0"/>
  <testcase name="test01" classname="cs.utec.edu.pe.Lab01Test" time="0"/>
  <testcase name="test01" classname="cs.utec.edu.pe.Lab01Test" time="0"/>
  <testcase name="test01" classname="cs.utec.edu.pe.Lab01Test" time="0"/>
  <testcase name="test01" classname="cs.utec.edu.pe.Lab01Test" time="0"/>
  <testcase name="test01" classname="cs.utec.edu.pe.Lab01Test" time="0"/>
  <testcase name="test01" classname="cs.utec.edu.pe.Lab01Test" time="0"/>
  <testcase name="test01" classname="cs.utec.edu.pe.Lab01Test" time="0"/>
  <testcase name="test01" classname="cs.utec.edu.pe.Lab01Test" time="0"/>
  <testcase name="test01" classname="cs.utec.edu.pe.Lab01Test" time="0"/>
  <testcase name="test01" classname="cs.utec.edu.pe.Lab01Test" time="0"/>
  <testcase name="test01" classname="cs.utec.edu.pe.Lab01Test" time="0"/>
  <testcase name="test01" classname="cs.utec.edu.pe.Lab01Test" time="0"/>
  <testcase name="test01" classname="cs.utec.edu.pe.Lab01Test" time="0"/>
  <testcase name="test01" classname="cs.utec.edu.pe.Lab01Test" time="0"/>
  <testcase name="test01" classname="cs.utec.edu.pe.Lab01Test" time="0"/>
  <testcase name="test01" classname="cs.utec.edu.pe.Lab01Test" time="0"/>
  <testcase name="test01" classname="cs.utec.edu.pe.Lab01Test" time="0"/>
  <testcase name="test01" classname="cs.utec.edu.pe.Lab01Test" time="0"/>
  <testcase name="test01" classname="cs.utec.edu.pe.Lab01Test" time="0"/>
  <testcase name="test01" classname="cs.utec.edu.pe.Lab01Test" time="0"/>
  <testcase name="test01" classname="cs.utec.edu.pe.Lab01Test" time="0"/>
  <testcase name="test01" classname="cs.utec.edu.pe.Lab01Test" time="0"/>
  <testcase name="test01" classname="cs.utec.edu.pe.Lab01Test" time="0"/>
  <testcase name="test01" classname="cs.utec.edu.pe.Lab01Test" time="0"/>
  <testcase name="test01" classname="cs.utec.edu.pe.Lab01Test" time="0"/>
  <testcase name="test01" classname="cs.utec.edu.pe.Lab01Test" time="0"/>
  <testcase name="test01" classname="cs.utec.edu.pe.Lab01Test" time="0"/>
  <testcase name="test01" classname="cs.utec.edu.pe.Lab01Test" time="0"/>
  <testcase name="test01" classname="cs.utec.edu.pe.Lab01Test" time="0"/>
  <testcase name="test01" classname="cs.utec.edu.pe.Lab01Test" time="0"/>
  <testcase name="test01" classname="cs.utec.edu.pe.Lab01Test" time="0"/>
  <testcase name="test01" classname="cs.utec.edu.pe.Lab01Test" time="0"/>
  <testcase name="test01" classname="cs.utec.edu.pe.Lab01Test" time="0"/>
  <testcase name="test01" classname="cs.utec.edu.pe.Lab01Test" time="0"/>
  <testcase name="test01" classname="cs.utec.edu.pe.Lab01Test" time="0"/>
  <testcase name="test01" classname="cs.utec.edu.pe.Lab01Test" time="0"/>
  <testcase name="test01" classname="cs.utec.edu.pe.Lab01Test" time="0"/>
  <testcase name="test01" classname="cs.utec.edu.pe.Lab01Test" time="0"/>
  <testcase name="test01" classname="cs.utec.edu.pe.Lab01Test" time="0"/>
  <testcase name="test01" classname="cs.utec.edu.pe.Lab01Test" time="0"/>
  <testcase name="test01" classname="cs.utec.edu.pe.Lab01Test" time="0"/>
  <testcase name="test01" classname="cs.utec.edu.pe.Lab01Test" time="0"/>
  <testcase name="test01" classname="cs.utec.edu.pe.Lab01Test" time="0"/>
  <testcase name="test01" classname="cs.utec.edu.pe.Lab01Test" time="0"/>
  <testcase name="test01" classname="cs.utec.edu.pe.Lab01Test" time="0"/>
  <testcase name="test01" classname="cs.utec.edu.pe.Lab01Test" time="0"/>
  <testcase name="test01" classname="cs.utec.edu.pe.Lab01Test" time="0"/>
  <testcase name="test01" classname="cs.utec.edu.pe.Lab01Test" time="0"/>
  <testcase name="test01" classname="cs.utec.edu.pe.Lab01Test" time="0"/>
  <testcase name="test01" classname="cs.utec.edu.pe.Lab01Test" time="0"/>
  <testcase name="test01" classname="cs.utec.edu.pe.Lab01Test" time="0"/>
  <testcase name="test01" classname="cs.utec.edu.pe.Lab01Test" time="0"/>
  <testcase name="test01" classname="cs.utec.edu.pe.Lab01Test" time="0"/>
  <testcase name="test01" classname="cs.utec.edu.pe.Lab01Test" time="0"/>
  <testcase name="test01" classname="cs.utec.edu.pe.Lab01Test" time="0"/>
  <testcase name="test01" classname="cs.utec.edu.pe.Lab01Test" time="0"/>
  <testcase name="test01" classname="cs.utec.edu.pe.Lab01Test" time="0.001"/>
  <testcase name="test01" classname="cs.utec.edu.pe.Lab01Test" time="0.001"/>
  <testcase name="test01" classname="cs.utec.edu.pe.Lab01Test" time="0.001"/>
  <testcase name="test01" classname="cs.utec.edu.pe.Lab01Test" time="0"/>
  <testcase name="test01" classname="cs.utec.edu.pe.Lab01Test" time="0"/>
  <testcase name="test01" classname="cs.utec.edu.pe.Lab01Test" time="0"/>
  <testcase name="test01" classname="cs.utec.edu.pe.Lab01Test" time="0"/>
  <testcase name="test01" classname="cs.utec.edu.pe.Lab01Test" time="0"/>
  <testcase name="test01" classname="cs.utec.edu.pe.Lab01Test" time="0"/>
  <testcase name="test01" classname="cs.utec.edu.pe.Lab01Test" time="0"/>
  <testcase name="test01" classname="cs.utec.edu.pe.Lab01Test" time="0"/>
  <testcase name="test01" classname="cs.utec.edu.pe.Lab01Test" time="0"/>
  <testcase name="test01" classname="cs.utec.edu.pe.Lab01Test" time="0"/>
  <testcase name="test01" classname="cs.utec.edu.pe.Lab01Test" time="0"/>
  <testcase name="test01" classname="cs.utec.edu.pe.Lab01Test" time="0"/>
  <testcase name="test01" classname="cs.utec.edu.pe.Lab01Test" time="0"/>
  <testcase name="test01" classname="cs.utec.edu.pe.Lab01Test" time="0"/>
  <testcase name="test01" classname="cs.utec.edu.pe.Lab01Test" time="0"/>
  <testcase name="test01" classname="cs.utec.edu.pe.Lab01Test" time="0"/>
  <testcase name="test01" classname="cs.utec.edu.pe.Lab01Test" time="0"/>
  <testcase name="test01" classname="cs.utec.edu.pe.Lab01Test" time="0"/>
  <testcase name="test01" classname="cs.utec.edu.pe.Lab01Test" time="0"/>
  <testcase name="test01" classname="cs.utec.edu.pe.Lab01Test" time="0"/>
  <testcase name="test01" classname="cs.utec.edu.pe.Lab01Test" time="0"/>
  <testcase name="test01" classname="cs.utec.edu.pe.Lab01Test" time="0"/>
  <testcase name="test01" classname="cs.utec.edu.pe.Lab01Test" time="0"/>
  <testcase name="test01" classname="cs.utec.edu.pe.Lab01Test" time="0"/>
  <testcase name="test01" classname="cs.utec.edu.pe.Lab01Test" time="0"/>
  <testcase name="test01" classname="cs.utec.edu.pe.Lab01Test" time="0"/>
  <testcase name="test01" classname="cs.utec.edu.pe.Lab01Test" time="0"/>
  <testcase name="test01" classname="cs.utec.edu.pe.Lab01Test" time="0"/>
  <testcase name="test01" classname="cs.utec.edu.pe.Lab01Test" time="0.001"/>
  <testcase name="test01" classname="cs.utec.edu.pe.Lab01Test" time="0.001"/>
  <testcase name="test01" classname="cs.utec.edu.pe.Lab01Test" time="0"/>
  <testcase name="test01" classname="cs.utec.edu.pe.Lab01Test" time="0"/>
  <testcase name="test01" classname="cs.utec.edu.pe.Lab01Test" time="0"/>
  <testcase name="test01" classname="cs.utec.edu.pe.Lab01Test" time="0"/>
  <testcase name="test01" classname="cs.utec.edu.pe.Lab01Test" time="0"/>
  <testcase name="test01" classname="cs.utec.edu.pe.Lab01Test" time="0"/>
  <testcase name="test01" classname="cs.utec.edu.pe.Lab01Test" time="0"/>
  <testcase name="test01" classname="cs.utec.edu.pe.Lab01Test" time="0"/>
  <testcase name="test01" classname="cs.utec.edu.pe.Lab01Test" time="0"/>
  <testcase name="test01" classname="cs.utec.edu.pe.Lab01Test" time="0"/>
  <testcase name="test01" classname="cs.utec.edu.pe.Lab01Test" time="0"/>
  <testcase name="test01" classname="cs.utec.edu.pe.Lab01Test" time="0"/>
  <testcase name="test01" classname="cs.utec.edu.pe.Lab01Test" time="0"/>
  <testcase name="test01" classname="cs.utec.edu.pe.Lab01Test" time="0"/>
  <testcase name="test01" classname="cs.utec.edu.pe.Lab01Test" time="0"/>
  <testcase name="test01" classname="cs.utec.edu.pe.Lab01Test" time="0"/>
  <testcase name="test01" classname="cs.utec.edu.pe.Lab01Test" time="0"/>
  <testcase name="test01" classname="cs.utec.edu.pe.Lab01Test" time="0"/>
  <testcase name="test01" classname="cs.utec.edu.pe.Lab01Test" time="0"/>
  <testcase name="test01" classname="cs.utec.edu.pe.Lab01Test" time="0"/>
  <testcase name="test01" classname="cs.utec.edu.pe.Lab01Test" time="0"/>
  <testcase name="test01" classname="cs.utec.edu.pe.Lab01Test" time="0"/>
  <testcase name="test01" classname="cs.utec.edu.pe.Lab01Test" time="0"/>
  <testcase name="test01" classname="cs.utec.edu.pe.Lab01Test" time="0"/>
  <testcase name="test01" classname="cs.utec.edu.pe.Lab01Test" time="0"/>
  <testcase name="test01" classname="cs.utec.edu.pe.Lab01Test" time="0"/>
  <testcase name="test01" classname="cs.utec.edu.pe.Lab01Test" time="0"/>
  <testcase name="test01" classname="cs.utec.edu.pe.Lab01Test" time="0"/>
  <testcase name="test01" classname="cs.utec.edu.pe.Lab01Test" time="0"/>
  <testcase name="test01" classname="cs.utec.edu.pe.Lab01Test" time="0"/>
  <testcase name="test01" classname="cs.utec.edu.pe.Lab01Test" time="0"/>
  <testcase name="test01" classname="cs.utec.edu.pe.Lab01Test" time="0"/>
  <testcase name="test01" classname="cs.utec.edu.pe.Lab01Test" time="0"/>
  <testcase name="test01" classname="cs.utec.edu.pe.Lab01Test" time="0"/>
  <testcase name="test01" classname="cs.utec.edu.pe.Lab01Test" time="0"/>
  <testcase name="test01" classname="cs.utec.edu.pe.Lab01Test" time="0"/>
  <testcase name="test01" classname="cs.utec.edu.pe.Lab01Test" time="0"/>
  <testcase name="test01" classname="cs.utec.edu.pe.Lab01Test" time="0"/>
  <testcase name="test01" classname="cs.utec.edu.pe.Lab01Test" time="0"/>
  <testcase name="test01" classname="cs.utec.edu.pe.Lab01Test" time="0"/>
  <testcase name="test01" classname="cs.utec.edu.pe.Lab01Test" time="0"/>
  <testcase name="test01" classname="cs.utec.edu.pe.Lab01Test" time="0"/>
  <testcase name="test01" classname="cs.utec.edu.pe.Lab01Test" time="0"/>
  <testcase name="test01" classname="cs.utec.edu.pe.Lab01Test" time="0"/>
  <testcase name="test01" classname="cs.utec.edu.pe.Lab01Test" time="0"/>
  <testcase name="test01" classname="cs.utec.edu.pe.Lab01Test" time="0"/>
  <testcase name="test01" classname="cs.utec.edu.pe.Lab01Test" time="0"/>
  <testcase name="test01" classname="cs.utec.edu.pe.Lab01Test" time="0.001"/>
  <testcase name="test01" classname="cs.utec.edu.pe.Lab01Test" time="0.001"/>
  <testcase name="test01" classname="cs.utec.edu.pe.Lab01Test" time="0.001"/>
  <testcase name="test01" classname="cs.utec.edu.pe.Lab01Test" time="0"/>
  <testcase name="test01" classname="cs.utec.edu.pe.Lab01Test" time="0"/>
  <testcase name="test01" classname="cs.utec.edu.pe.Lab01Test" time="0"/>
  <testcase name="test01" classname="cs.utec.edu.pe.Lab01Test" time="0"/>
  <testcase name="test01" classname="cs.utec.edu.pe.Lab01Test" time="0"/>
  <testcase name="test01" classname="cs.utec.edu.pe.Lab01Test" time="0"/>
  <testcase name="test01" classname="cs.utec.edu.pe.Lab01Test" time="0"/>
  <testcase name="test01" classname="cs.utec.edu.pe.Lab01Test" time="0"/>
  <testcase name="test01" classname="cs.utec.edu.pe.Lab01Test" time="0"/>
  <testcase name="test01" classname="cs.utec.edu.pe.Lab01Test" time="0"/>
  <testcase name="test01" classname="cs.utec.edu.pe.Lab01Test" time="0"/>
  <testcase name="test01" classname="cs.utec.edu.pe.Lab01Test" time="0"/>
  <testcase name="test01" classname="cs.utec.edu.pe.Lab01Test" time="0"/>
  <testcase name="test01" classname="cs.utec.edu.pe.Lab01Test" time="0"/>
  <testcase name="test01" classname="cs.utec.edu.pe.Lab01Test" time="0"/>
  <testcase name="test01" classname="cs.utec.edu.pe.Lab01Test" time="0"/>
  <testcase name="test01" classname="cs.utec.edu.pe.Lab01Test" time="0"/>
  <testcase name="test01" classname="cs.utec.edu.pe.Lab01Test" time="0"/>
  <testcase name="test01" classname="cs.utec.edu.pe.Lab01Test" time="0"/>
  <testcase name="test01" classname="cs.utec.edu.pe.Lab01Test" time="0"/>
  <testcase name="test01" classname="cs.utec.edu.pe.Lab01Test" time="0"/>
  <testcase name="test01" classname="cs.utec.edu.pe.Lab01Test" time="0"/>
  <testcase name="test01" classname="cs.utec.edu.pe.Lab01Test" time="0"/>
  <testcase name="test01" classname="cs.utec.edu.pe.Lab01Test" time="0"/>
  <testcase name="test01" classname="cs.utec.edu.pe.Lab01Test" time="0"/>
  <testcase name="test01" classname="cs.utec.edu.pe.Lab01Test" time="0"/>
  <testcase name="test01" classname="cs.utec.edu.pe.Lab01Test" time="0"/>
  <testcase name="test01" classname="cs.utec.edu.pe.Lab01Test" time="0"/>
  <testcase name="test01" classname="cs.utec.edu.pe.Lab01Test" time="0"/>
  <testcase name="test01" classname="cs.utec.edu.pe.Lab01Test" time="0"/>
  <testcase name="test01" classname="cs.utec.edu.pe.Lab01Test" time="0"/>
  <testcase name="test01" classname="cs.utec.edu.pe.Lab01Test" time="0"/>
  <testcase name="test01" classname="cs.utec.edu.pe.Lab01Test" time="0"/>
  <testcase name="test01" classname="cs.utec.edu.pe.Lab01Test" time="0"/>
  <testcase name="test01" classname="cs.utec.edu.pe.Lab01Test" time="0.001"/>
  <testcase name="test01" classname="cs.utec.edu.pe.Lab01Test" time="0"/>
  <testcase name="test01" classname="cs.utec.edu.pe.Lab01Test" time="0"/>
  <testcase name="test01" classname="cs.utec.edu.pe.Lab01Test" time="0"/>
  <testcase name="test01" classname="cs.utec.edu.pe.Lab01Test" time="0"/>
  <testcase name="test01" classname="cs.utec.edu.pe.Lab01Test" time="0"/>
  <testcase name="test01" classname="cs.utec.edu.pe.Lab01Test" time="0"/>
  <testcase name="test01" classname="cs.utec.edu.pe.Lab01Test" time="0"/>
  <testcase name="test01" classname="cs.utec.edu.pe.Lab01Test" time="0"/>
  <testcase name="test01" classname="cs.utec.edu.pe.Lab01Test" time="0"/>
  <testcase name="test01" classname="cs.utec.edu.pe.Lab01Test" time="0"/>
  <testcase name="test01" classname="cs.utec.edu.pe.Lab01Test" time="0"/>
  <testcase name="test01" classname="cs.utec.edu.pe.Lab01Test" time="0"/>
  <testcase name="test01" classname="cs.utec.edu.pe.Lab01Test" time="0"/>
  <testcase name="test01" classname="cs.utec.edu.pe.Lab01Test" time="0"/>
  <testcase name="test01" classname="cs.utec.edu.pe.Lab01Test" time="0"/>
  <testcase name="test01" classname="cs.utec.edu.pe.Lab01Test" time="0"/>
  <testcase name="test01" classname="cs.utec.edu.pe.Lab01Test" time="0"/>
  <testcase name="test01" classname="cs.utec.edu.pe.Lab01Test" time="0"/>
  <testcase name="test01" classname="cs.utec.edu.pe.Lab01Test" time="0"/>
  <testcase name="test01" classname="cs.utec.edu.pe.Lab01Test" time="0"/>
  <testcase name="test01" classname="cs.utec.edu.pe.Lab01Test" time="0"/>
  <testcase name="test01" classname="cs.utec.edu.pe.Lab01Test" time="0"/>
  <testcase name="test01" classname="cs.utec.edu.pe.Lab01Test" time="0"/>
  <testcase name="test01" classname="cs.utec.edu.pe.Lab01Test" time="0"/>
  <testcase name="test01" classname="cs.utec.edu.pe.Lab01Test" time="0"/>
  <testcase name="test01" classname="cs.utec.edu.pe.Lab01Test" time="0"/>
  <testcase name="test01" classname="cs.utec.edu.pe.Lab01Test" time="0"/>
  <testcase name="test01" classname="cs.utec.edu.pe.Lab01Test" time="0"/>
  <testcase name="test01" classname="cs.utec.edu.pe.Lab01Test" time="0"/>
  <testcase name="test01" classname="cs.utec.edu.pe.Lab01Test" time="0"/>
  <testcase name="test01" classname="cs.utec.edu.pe.Lab01Test" time="0"/>
  <testcase name="test01" classname="cs.utec.edu.pe.Lab01Test" time="0"/>
  <testcase name="test01" classname="cs.utec.edu.pe.Lab01Test" time="0"/>
  <testcase name="test01" classname="cs.utec.edu.pe.Lab01Test" time="0"/>
  <testcase name="test01" classname="cs.utec.edu.pe.Lab01Test" time="0"/>
  <testcase name="test01" classname="cs.utec.edu.pe.Lab01Test" time="0"/>
  <testcase name="test01" classname="cs.utec.edu.pe.Lab01Test" time="0"/>
  <testcase name="test01" classname="cs.utec.edu.pe.Lab01Test" time="0"/>
  <testcase name="test01" classname="cs.utec.edu.pe.Lab01Test" time="0"/>
  <testcase name="test01" classname="cs.utec.edu.pe.Lab01Test" time="0"/>
  <testcase name="test01" classname="cs.utec.edu.pe.Lab01Test" time="0"/>
  <testcase name="test01" classname="cs.utec.edu.pe.Lab01Test" time="0"/>
  <testcase name="test01" classname="cs.utec.edu.pe.Lab01Test" time="0"/>
  <testcase name="test01" classname="cs.utec.edu.pe.Lab01Test" time="0"/>
  <testcase name="test01" classname="cs.utec.edu.pe.Lab01Test" time="0"/>
  <testcase name="test01" classname="cs.utec.edu.pe.Lab01Test" time="0"/>
  <testcase name="test01" classname="cs.utec.edu.pe.Lab01Test" time="0"/>
  <testcase name="test01" classname="cs.utec.edu.pe.Lab01Test" time="0"/>
  <testcase name="test01" classname="cs.utec.edu.pe.Lab01Test" time="0"/>
  <testcase name="test01" classname="cs.utec.edu.pe.Lab01Test" time="0"/>
  <testcase name="test01" classname="cs.utec.edu.pe.Lab01Test" time="0"/>
  <testcase name="test01" classname="cs.utec.edu.pe.Lab01Test" time="0"/>
  <testcase name="test01" classname="cs.utec.edu.pe.Lab01Test" time="0"/>
  <testcase name="test01" classname="cs.utec.edu.pe.Lab01Test" time="0"/>
  <testcase name="test01" classname="cs.utec.edu.pe.Lab01Test" time="0"/>
  <testcase name="test01" classname="cs.utec.edu.pe.Lab01Test" time="0"/>
  <testcase name="test01" classname="cs.utec.edu.pe.Lab01Test" time="0"/>
  <testcase name="test01" classname="cs.utec.edu.pe.Lab01Test" time="0"/>
  <testcase name="test01" classname="cs.utec.edu.pe.Lab01Test" time="0"/>
  <testcase name="test01" classname="cs.utec.edu.pe.Lab01Test" time="0"/>
  <testcase name="test01" classname="cs.utec.edu.pe.Lab01Test" time="0"/>
  <testcase name="test01" classname="cs.utec.edu.pe.Lab01Test" time="0"/>
  <testcase name="test01" classname="cs.utec.edu.pe.Lab01Test" time="0"/>
  <testcase name="test02" classname="cs.utec.edu.pe.Lab01Test" time="0"/>
  <testcase name="test03" classname="cs.utec.edu.pe.Lab01Test" time="0"/>
</testsuite>